{"obj": {"type": "AssignString", "path": ["sys", "name"], "value": "Untitled"}, "version": 1}
{"obj": {"type": "AssignString", "path": ["sys", "description"], "value": ""}, "version": 2}
{"obj": {"type": "AssignString", "path": ["sys", "hostname"], "value": "dell1"}, "version": 3}
{"obj": {"type": "AssignBool", "path": ["sys", "failed"], "value": false}, "version": 4}
{"obj": {"type": "ClearStringLog", "path": ["monitoring", "stdout"]}, "version": 5}
{"obj": {"type": "ClearStringLog", "path": ["monitoring", "stderr"]}, "version": 6}
{"obj": {"type": "ConfigFloatSeries", "path": ["monitoring", "cpu"], "min": 0.0, "max": 100.0, "unit": "%"}, "version": 7}
{"obj": {"type": "ClearFloatLog", "path": ["monitoring", "cpu"]}, "version": 8}
{"obj": {"type": "ConfigFloatSeries", "path": ["monitoring", "memory"], "min": 0.0, "max": 125.54231643676758, "unit": "GB"}, "version": 9}
{"obj": {"type": "ClearFloatLog", "path": ["monitoring", "memory"]}, "version": 10}
{"obj": {"type": "ConfigFloatSeries", "path": ["monitoring", "gpu"], "min": 0.0, "max": 100.0, "unit": "%"}, "version": 11}
{"obj": {"type": "ClearFloatLog", "path": ["monitoring", "gpu"]}, "version": 12}
{"obj": {"type": "ConfigFloatSeries", "path": ["monitoring", "gpu_memory"], "min": 0.0, "max": 23.6912841796875, "unit": "GB"}, "version": 13}
{"obj": {"type": "ClearFloatLog", "path": ["monitoring", "gpu_memory"]}, "version": 14}
{"obj": {"type": "LogStrings", "path": ["monitoring", "stdout"], "values": [{"value": "", "step": null, "ts": 1685014097.2744973}]}, "version": 15}
{"obj": {"type": "LogStrings", "path": ["monitoring", "stdout"], "values": [{"value": "Remember to stop your run once you\u2019ve finished logging your metadata (https://docs.neptune.ai/api-reference/run#.stop). It will be stopped automatically only when the notebook kernel/interactive console is terminated.\n", "step": null, "ts": 1685014097.2760456}]}, "version": 16}
{"obj": {"type": "AssignString", "path": ["config", "optimizer"], "value": "Adam (\nParameter Group 0\n    amsgrad: False\n    betas: (0.9, 0.999)\n    capturable: False\n    differentiable: False\n    eps: 1e-08\n    foreach: None\n    fused: False\n    initial_lr: 0.0001\n    lr: 0.0001\n    maximize: False\n    weight_decay: 0\n)"}, "version": 17}
{"obj": {"type": "LogFloats", "path": ["monitoring", "cpu"], "values": [{"value": 3.1, "step": null, "ts": 1685014097.2662055}]}, "version": 18}
{"obj": {"type": "LogFloats", "path": ["monitoring", "memory"], "values": [{"value": 8.070735931396484, "step": null, "ts": 1685014097.2662055}]}, "version": 19}
{"obj": {"type": "LogFloats", "path": ["monitoring", "gpu_memory"], "values": [{"value": 14.33135986328125, "step": null, "ts": 1685014097.2662055}]}, "version": 20}
{"obj": {"type": "LogFloats", "path": ["monitoring", "cpu"], "values": [{"value": 5.9, "step": null, "ts": 1685014107.283267}]}, "version": 21}
{"obj": {"type": "LogFloats", "path": ["monitoring", "memory"], "values": [{"value": 9.69382095336914, "step": null, "ts": 1685014107.283267}]}, "version": 22}
{"obj": {"type": "LogFloats", "path": ["monitoring", "gpu_memory"], "values": [{"value": 14.33135986328125, "step": null, "ts": 1685014107.283267}]}, "version": 23}
{"obj": {"type": "LogStrings", "path": ["monitoring", "stderr"], "values": [{"value": "", "step": null, "ts": 1685014108.418126}]}, "version": 24}
{"obj": {"type": "LogStrings", "path": ["monitoring", "stderr"], "values": [{"value": "Warning: string series 'monitoring/stdout' value was longer than 1000 characters and was truncated. This warning is printed only once per series.\n", "step": null, "ts": 1685014108.4183116}]}, "version": 25}
{"obj": {"type": "LogStrings", "path": ["monitoring", "stdout"], "values": [{"value": "tensor([[[[-0.3883, -0.4054, -0.3883,  ...,  1.9064,  1.9749,  2.0605],\n          [-0.2856, -0.3369, -0.5082,  ...,  1.8893,  1.9578,  2.0777],\n          [-0.4397, -0.4911, -0.6281,  ...,  1.6153,  1.9064,  2.1633],\n          ...,\n          [ 1.8722,  2.2489,  2.2489,  ...,  0.4508, -0.1657, -0.5596],\n          [ 1.2557,  1.6495,  2.0263,  ..., -0.1314, -0.5424, -0.6109],\n          [ 0.9988,  1.2214,  1.4269,  ..., -0.4911, -0.6109, -0.4739]],\n\n         [[-1.0028, -1.0378, -1.0028,  ...,  1.3606,  1.4832,  1.6583],\n          [-0.9153, -0.9678, -1.1604,  ...,  1.3081,  1.4657,  1.6232],\n          [-1.0728, -1.1253, -1.2829,  ...,  1.0455,  1.4307,  1.7458],\n          ...,\n          [ 1.3782,  1.7808,  1.8683,  ..., -0.3901, -0.9328, -1.2304],\n          [ 0.7129,  1.1155,  1.4832,  ..., -0.9503, -1.2829, -1.3354],\n          [ 0.3978,  0.6254,  0.8704,  ..., -1.3004, -1.3880, -1.2129]],\n\n         [[-0.0790, -0.0615,  0.0256,  ...,  1.8557,  1.9254,  2.0648],\n          [ 0.0605,  0.0431, -", "step": null, "ts": 1685014108.4178026}]}, "version": 26}
{"obj": {"type": "LogStrings", "path": ["monitoring", "stdout"], "values": [{"value": "\n", "step": null, "ts": 1685014108.4189904}]}, "version": 27}
{"obj": {"type": "LogStrings", "path": ["monitoring", "stdout"], "values": [{"value": "torch.Size([16, 1000])", "step": null, "ts": 1685014108.4251513}]}, "version": 28}
{"obj": {"type": "LogStrings", "path": ["monitoring", "stdout"], "values": [{"value": "\n", "step": null, "ts": 1685014108.425272}]}, "version": 29}
{"obj": {"type": "LogFloats", "path": ["monitoring", "cpu"], "values": [{"value": 8.1, "step": null, "ts": 1685014117.2887797}]}, "version": 30}
{"obj": {"type": "LogFloats", "path": ["monitoring", "memory"], "values": [{"value": 7.887901306152344, "step": null, "ts": 1685014117.2887797}]}, "version": 31}
{"obj": {"type": "LogFloats", "path": ["monitoring", "gpu_memory"], "values": [{"value": 20.03643798828125, "step": null, "ts": 1685014117.2887797}]}, "version": 32}
{"obj": {"type": "LogFloats", "path": ["monitoring", "cpu"], "values": [{"value": 0.5, "step": null, "ts": 1685014127.2912903}]}, "version": 33}
{"obj": {"type": "LogFloats", "path": ["monitoring", "memory"], "values": [{"value": 7.885810852050781, "step": null, "ts": 1685014127.2912903}]}, "version": 34}
{"obj": {"type": "LogFloats", "path": ["monitoring", "gpu_memory"], "values": [{"value": 20.03643798828125, "step": null, "ts": 1685014127.2912903}]}, "version": 35}
{"obj": {"type": "LogFloats", "path": ["monitoring", "cpu"], "values": [{"value": 0.5, "step": null, "ts": 1685014137.2938144}]}, "version": 36}
{"obj": {"type": "LogFloats", "path": ["monitoring", "memory"], "values": [{"value": 7.8632965087890625, "step": null, "ts": 1685014137.2938144}]}, "version": 37}
{"obj": {"type": "LogFloats", "path": ["monitoring", "gpu_memory"], "values": [{"value": 20.03643798828125, "step": null, "ts": 1685014137.2938144}]}, "version": 38}
{"obj": {"type": "LogFloats", "path": ["monitoring", "cpu"], "values": [{"value": 0.3, "step": null, "ts": 1685014147.2965565}]}, "version": 39}
{"obj": {"type": "LogFloats", "path": ["monitoring", "memory"], "values": [{"value": 7.8531341552734375, "step": null, "ts": 1685014147.2965565}]}, "version": 40}
{"obj": {"type": "LogFloats", "path": ["monitoring", "gpu_memory"], "values": [{"value": 20.03643798828125, "step": null, "ts": 1685014147.2965565}]}, "version": 41}
{"obj": {"type": "LogFloats", "path": ["monitoring", "cpu"], "values": [{"value": 0.2, "step": null, "ts": 1685014157.2990355}]}, "version": 42}
{"obj": {"type": "LogFloats", "path": ["monitoring", "memory"], "values": [{"value": 7.852806091308594, "step": null, "ts": 1685014157.2990355}]}, "version": 43}
{"obj": {"type": "LogFloats", "path": ["monitoring", "gpu_memory"], "values": [{"value": 20.03643798828125, "step": null, "ts": 1685014157.2990355}]}, "version": 44}
{"obj": {"type": "LogFloats", "path": ["monitoring", "cpu"], "values": [{"value": 0.4, "step": null, "ts": 1685014167.3015854}]}, "version": 45}
{"obj": {"type": "LogFloats", "path": ["monitoring", "memory"], "values": [{"value": 7.849674224853516, "step": null, "ts": 1685014167.3015854}]}, "version": 46}
{"obj": {"type": "LogFloats", "path": ["monitoring", "gpu_memory"], "values": [{"value": 20.03643798828125, "step": null, "ts": 1685014167.3015854}]}, "version": 47}
{"obj": {"type": "LogFloats", "path": ["monitoring", "cpu"], "values": [{"value": 0.3, "step": null, "ts": 1685014177.3040867}]}, "version": 48}
{"obj": {"type": "LogFloats", "path": ["monitoring", "memory"], "values": [{"value": 7.849422454833984, "step": null, "ts": 1685014177.3040867}]}, "version": 49}
{"obj": {"type": "LogFloats", "path": ["monitoring", "gpu_memory"], "values": [{"value": 20.03643798828125, "step": null, "ts": 1685014177.3040867}]}, "version": 50}
{"obj": {"type": "LogFloats", "path": ["monitoring", "cpu"], "values": [{"value": 0.2, "step": null, "ts": 1685014187.3065279}]}, "version": 51}
{"obj": {"type": "LogFloats", "path": ["monitoring", "memory"], "values": [{"value": 7.850151062011719, "step": null, "ts": 1685014187.3065279}]}, "version": 52}
{"obj": {"type": "LogFloats", "path": ["monitoring", "gpu_memory"], "values": [{"value": 20.03643798828125, "step": null, "ts": 1685014187.3065279}]}, "version": 53}
{"obj": {"type": "LogFloats", "path": ["monitoring", "cpu"], "values": [{"value": 0.2, "step": null, "ts": 1685014197.309051}]}, "version": 54}
{"obj": {"type": "LogFloats", "path": ["monitoring", "memory"], "values": [{"value": 7.849666595458984, "step": null, "ts": 1685014197.309051}]}, "version": 55}
{"obj": {"type": "LogFloats", "path": ["monitoring", "gpu_memory"], "values": [{"value": 20.03643798828125, "step": null, "ts": 1685014197.309051}]}, "version": 56}
{"obj": {"type": "LogFloats", "path": ["monitoring", "cpu"], "values": [{"value": 0.6, "step": null, "ts": 1685014207.3114083}]}, "version": 57}
{"obj": {"type": "LogFloats", "path": ["monitoring", "memory"], "values": [{"value": 7.855251312255859, "step": null, "ts": 1685014207.3114083}]}, "version": 58}
{"obj": {"type": "LogFloats", "path": ["monitoring", "gpu_memory"], "values": [{"value": 20.03643798828125, "step": null, "ts": 1685014207.3114083}]}, "version": 59}
{"obj": {"type": "LogStrings", "path": ["monitoring", "stdout"], "values": [{"value": "", "step": null, "ts": 1685014212.093385}]}, "version": 60}
{"obj": {"type": "LogStrings", "path": ["monitoring", "stdout"], "values": [{"value": "", "step": null, "ts": 1685014212.0935256}]}, "version": 61}
{"obj": {"type": "LogStrings", "path": ["monitoring", "stdout"], "values": [{"value": "", "step": null, "ts": 1685014212.143984}]}, "version": 62}
{"obj": {"type": "LogStrings", "path": ["monitoring", "stdout"], "values": [{"value": "", "step": null, "ts": 1685014212.1440797}]}, "version": 63}
{"obj": {"type": "LogStrings", "path": ["monitoring", "stdout"], "values": [{"value": "", "step": null, "ts": 1685014212.1948392}]}, "version": 64}
{"obj": {"type": "LogStrings", "path": ["monitoring", "stdout"], "values": [{"value": "", "step": null, "ts": 1685014212.1949399}]}, "version": 65}
{"obj": {"type": "LogStrings", "path": ["monitoring", "stdout"], "values": [{"value": "", "step": null, "ts": 1685014212.245517}]}, "version": 66}
{"obj": {"type": "LogStrings", "path": ["monitoring", "stdout"], "values": [{"value": "", "step": null, "ts": 1685014212.2456102}]}, "version": 67}
{"obj": {"type": "LogStrings", "path": ["monitoring", "stdout"], "values": [{"value": "Defaulting to user installation because normal site-packages is not writeable\r\n", "step": null, "ts": 1685014212.2964659}]}, "version": 68}
{"obj": {"type": "LogStrings", "path": ["monitoring", "stdout"], "values": [{"value": "", "step": null, "ts": 1685014212.2965777}]}, "version": 69}
{"obj": {"type": "LogStrings", "path": ["monitoring", "stdout"], "values": [{"value": "Requirement already satisfied: torch in /home/ahabis/.local/lib/python3.8/site-packages (1.13.0)\r\nRequirement already satisfied: nvidia-cublas-cu11==11.10.3.66 in /home/ahabis/.local/lib/python3.8/site-packages (from torch) (11.10.3.66)\r\nRequirement already satisfied: nvidia-cudnn-cu11==8.5.0.96 in /home/ahabis/.local/lib/python3.8/site-packages (from torch) (8.5.0.96)\r\nRequirement already satisfied: nvidia-cuda-nvrtc-cu11==11.7.99 in /home/ahabis/.local/lib/python3.8/site-packages (from torch) (11.7.99)\r\nRequirement already satisfied: typing-extensions in /home/ahabis/.local/lib/python3.8/site-packages (from torch) (4.3.0)\r\nRequirement already satisfied: nvidia-cuda-runtime-cu11==11.7.99 in /home/ahabis/.local/lib/python3.8/site-packages (from torch) (11.7.99)\r\nRequirement already satisfied: setuptools in /home/ahabis/.local/lib/python3.8/site-packages (from nvidia-cublas-cu11==11.10.3.66->torch) (65.3.0)\r\nRequirement already satisfied: wheel in /home/ahabis/.local/lib/python3.8/site-", "step": null, "ts": 1685014212.3474882}]}, "version": 70}
{"obj": {"type": "LogStrings", "path": ["monitoring", "stdout"], "values": [{"value": "", "step": null, "ts": 1685014212.3476038}]}, "version": 71}
{"obj": {"type": "LogStrings", "path": ["monitoring", "stdout"], "values": [{"value": "", "step": null, "ts": 1685014212.3982332}]}, "version": 72}
{"obj": {"type": "LogStrings", "path": ["monitoring", "stdout"], "values": [{"value": "", "step": null, "ts": 1685014212.3985205}]}, "version": 73}
{"obj": {"type": "LogStrings", "path": ["monitoring", "stdout"], "values": [{"value": "", "step": null, "ts": 1685014212.4489481}]}, "version": 74}
{"obj": {"type": "LogStrings", "path": ["monitoring", "stdout"], "values": [{"value": "", "step": null, "ts": 1685014212.4491458}]}, "version": 75}
{"obj": {"type": "LogStrings", "path": ["monitoring", "stdout"], "values": [{"value": "", "step": null, "ts": 1685014212.4995599}]}, "version": 76}
{"obj": {"type": "LogStrings", "path": ["monitoring", "stdout"], "values": [{"value": "", "step": null, "ts": 1685014212.4997327}]}, "version": 77}
{"obj": {"type": "LogStrings", "path": ["monitoring", "stdout"], "values": [{"value": "", "step": null, "ts": 1685014212.550208}]}, "version": 78}
{"obj": {"type": "LogStrings", "path": ["monitoring", "stdout"], "values": [{"value": "", "step": null, "ts": 1685014212.550292}]}, "version": 79}
{"obj": {"type": "LogStrings", "path": ["monitoring", "stdout"], "values": [{"value": "", "step": null, "ts": 1685014212.600944}]}, "version": 80}
{"obj": {"type": "LogStrings", "path": ["monitoring", "stdout"], "values": [{"value": "", "step": null, "ts": 1685014212.601051}]}, "version": 81}
{"obj": {"type": "LogStrings", "path": ["monitoring", "stdout"], "values": [{"value": "", "step": null, "ts": 1685014212.6515415}]}, "version": 82}
{"obj": {"type": "LogStrings", "path": ["monitoring", "stdout"], "values": [{"value": "", "step": null, "ts": 1685014212.6516263}]}, "version": 83}
{"obj": {"type": "LogStrings", "path": ["monitoring", "stdout"], "values": [{"value": "", "step": null, "ts": 1685014212.7021883}]}, "version": 84}
{"obj": {"type": "LogStrings", "path": ["monitoring", "stdout"], "values": [{"value": "", "step": null, "ts": 1685014212.7022846}]}, "version": 85}
{"obj": {"type": "LogStrings", "path": ["monitoring", "stdout"], "values": [{"value": "", "step": null, "ts": 1685014212.7527962}]}, "version": 86}
{"obj": {"type": "LogStrings", "path": ["monitoring", "stdout"], "values": [{"value": "", "step": null, "ts": 1685014212.752903}]}, "version": 87}
{"obj": {"type": "LogStrings", "path": ["monitoring", "stdout"], "values": [{"value": "", "step": null, "ts": 1685014212.8034697}]}, "version": 88}
{"obj": {"type": "LogStrings", "path": ["monitoring", "stdout"], "values": [{"value": "", "step": null, "ts": 1685014212.8035667}]}, "version": 89}
{"obj": {"type": "LogStrings", "path": ["monitoring", "stdout"], "values": [{"value": "", "step": null, "ts": 1685014212.8539622}]}, "version": 90}
{"obj": {"type": "LogStrings", "path": ["monitoring", "stdout"], "values": [{"value": "", "step": null, "ts": 1685014212.854147}]}, "version": 91}
{"obj": {"type": "LogStrings", "path": ["monitoring", "stdout"], "values": [{"value": "", "step": null, "ts": 1685014212.9048324}]}, "version": 92}
{"obj": {"type": "LogStrings", "path": ["monitoring", "stdout"], "values": [{"value": "", "step": null, "ts": 1685014212.904947}]}, "version": 93}
{"obj": {"type": "LogStrings", "path": ["monitoring", "stdout"], "values": [{"value": "", "step": null, "ts": 1685014212.955498}]}, "version": 94}
{"obj": {"type": "LogStrings", "path": ["monitoring", "stdout"], "values": [{"value": "", "step": null, "ts": 1685014212.955598}]}, "version": 95}
{"obj": {"type": "LogStrings", "path": ["monitoring", "stdout"], "values": [{"value": "", "step": null, "ts": 1685014213.006016}]}, "version": 96}
{"obj": {"type": "LogStrings", "path": ["monitoring", "stdout"], "values": [{"value": "", "step": null, "ts": 1685014213.006189}]}, "version": 97}
{"obj": {"type": "LogStrings", "path": ["monitoring", "stdout"], "values": [{"value": "", "step": null, "ts": 1685014213.0566385}]}, "version": 98}
{"obj": {"type": "LogStrings", "path": ["monitoring", "stdout"], "values": [{"value": "", "step": null, "ts": 1685014213.0567236}]}, "version": 99}
{"obj": {"type": "LogStrings", "path": ["monitoring", "stdout"], "values": [{"value": "", "step": null, "ts": 1685014213.107193}]}, "version": 100}
{"obj": {"type": "LogStrings", "path": ["monitoring", "stdout"], "values": [{"value": "", "step": null, "ts": 1685014213.1072786}]}, "version": 101}
{"obj": {"type": "LogStrings", "path": ["monitoring", "stdout"], "values": [{"value": "", "step": null, "ts": 1685014213.1578162}]}, "version": 102}
{"obj": {"type": "LogStrings", "path": ["monitoring", "stdout"], "values": [{"value": "", "step": null, "ts": 1685014213.157914}]}, "version": 103}
{"obj": {"type": "LogStrings", "path": ["monitoring", "stdout"], "values": [{"value": "", "step": null, "ts": 1685014213.2084455}]}, "version": 104}
{"obj": {"type": "LogStrings", "path": ["monitoring", "stdout"], "values": [{"value": "", "step": null, "ts": 1685014213.208537}]}, "version": 105}
{"obj": {"type": "LogStrings", "path": ["monitoring", "stdout"], "values": [{"value": "", "step": null, "ts": 1685014213.2591915}]}, "version": 106}
{"obj": {"type": "LogStrings", "path": ["monitoring", "stdout"], "values": [{"value": "", "step": null, "ts": 1685014213.2592998}]}, "version": 107}
{"obj": {"type": "LogStrings", "path": ["monitoring", "stdout"], "values": [{"value": "", "step": null, "ts": 1685014213.3097644}]}, "version": 108}
{"obj": {"type": "LogStrings", "path": ["monitoring", "stdout"], "values": [{"value": "", "step": null, "ts": 1685014213.3100295}]}, "version": 109}
{"obj": {"type": "LogStrings", "path": ["monitoring", "stdout"], "values": [{"value": "", "step": null, "ts": 1685014213.3605497}]}, "version": 110}
{"obj": {"type": "LogStrings", "path": ["monitoring", "stdout"], "values": [{"value": "", "step": null, "ts": 1685014213.3606465}]}, "version": 111}
{"obj": {"type": "LogStrings", "path": ["monitoring", "stdout"], "values": [{"value": "", "step": null, "ts": 1685014213.411219}]}, "version": 112}
{"obj": {"type": "LogStrings", "path": ["monitoring", "stdout"], "values": [{"value": "", "step": null, "ts": 1685014213.4113111}]}, "version": 113}
{"obj": {"type": "LogStrings", "path": ["monitoring", "stdout"], "values": [{"value": "", "step": null, "ts": 1685014213.4618347}]}, "version": 114}
{"obj": {"type": "LogStrings", "path": ["monitoring", "stdout"], "values": [{"value": "", "step": null, "ts": 1685014213.4621158}]}, "version": 115}
{"obj": {"type": "LogStrings", "path": ["monitoring", "stdout"], "values": [{"value": "", "step": null, "ts": 1685014213.5125}]}, "version": 116}
{"obj": {"type": "LogStrings", "path": ["monitoring", "stdout"], "values": [{"value": "", "step": null, "ts": 1685014213.5125864}]}, "version": 117}
{"obj": {"type": "LogStrings", "path": ["monitoring", "stdout"], "values": [{"value": "", "step": null, "ts": 1685014213.5630841}]}, "version": 118}
{"obj": {"type": "LogStrings", "path": ["monitoring", "stdout"], "values": [{"value": "", "step": null, "ts": 1685014213.5631673}]}, "version": 119}
{"obj": {"type": "LogStrings", "path": ["monitoring", "stdout"], "values": [{"value": "", "step": null, "ts": 1685014213.6139128}]}, "version": 120}
{"obj": {"type": "LogStrings", "path": ["monitoring", "stdout"], "values": [{"value": "", "step": null, "ts": 1685014213.6140406}]}, "version": 121}
{"obj": {"type": "LogStrings", "path": ["monitoring", "stdout"], "values": [{"value": "", "step": null, "ts": 1685014213.6646173}]}, "version": 122}
{"obj": {"type": "LogStrings", "path": ["monitoring", "stdout"], "values": [{"value": "", "step": null, "ts": 1685014213.6647177}]}, "version": 123}
{"obj": {"type": "LogStrings", "path": ["monitoring", "stdout"], "values": [{"value": "", "step": null, "ts": 1685014213.715504}]}, "version": 124}
{"obj": {"type": "LogStrings", "path": ["monitoring", "stdout"], "values": [{"value": "", "step": null, "ts": 1685014213.7156043}]}, "version": 125}
{"obj": {"type": "LogStrings", "path": ["monitoring", "stdout"], "values": [{"value": "\u001b[33mWARNING: You are using pip version 21.3.1; however, version 23.1.2 is available.\r\nYou should consider upgrading via the '/usr/bin/python3 -m pip install --upgrade pip' command.\u001b[0m\r\n", "step": null, "ts": 1685014213.7663052}]}, "version": 126}
{"obj": {"type": "LogStrings", "path": ["monitoring", "stdout"], "values": [{"value": "", "step": null, "ts": 1685014213.7665868}]}, "version": 127}
{"obj": {"type": "LogStrings", "path": ["monitoring", "stdout"], "values": [{"value": "", "step": null, "ts": 1685014213.8174937}]}, "version": 128}
{"obj": {"type": "LogStrings", "path": ["monitoring", "stdout"], "values": [{"value": "", "step": null, "ts": 1685014213.817617}]}, "version": 129}
{"obj": {"type": "LogStrings", "path": ["monitoring", "stdout"], "values": [{"value": "", "step": null, "ts": 1685014213.830091}]}, "version": 130}
{"obj": {"type": "LogStrings", "path": ["monitoring", "stdout"], "values": [{"value": "", "step": null, "ts": 1685014213.8302035}]}, "version": 131}
{"obj": {"type": "LogStrings", "path": ["monitoring", "stdout"], "values": [{"value": "Note: you may need to restart the kernel to use updated packages.", "step": null, "ts": 1685014213.9320073}]}, "version": 132}
{"obj": {"type": "LogStrings", "path": ["monitoring", "stdout"], "values": [{"value": "\n", "step": null, "ts": 1685014213.9325151}]}, "version": 133}
{"obj": {"type": "LogFloats", "path": ["monitoring", "cpu"], "values": [{"value": 2.0, "step": null, "ts": 1685014217.3125875}]}, "version": 134}
{"obj": {"type": "LogFloats", "path": ["monitoring", "memory"], "values": [{"value": 7.8824920654296875, "step": null, "ts": 1685014217.3125875}]}, "version": 135}
{"obj": {"type": "LogFloats", "path": ["monitoring", "gpu_memory"], "values": [{"value": 20.03643798828125, "step": null, "ts": 1685014217.3125875}]}, "version": 136}
{"obj": {"type": "LogStrings", "path": ["monitoring", "stdout"], "values": [{"value": "Shutting down background jobs, please wait a moment...\n", "step": null, "ts": 1685014218.667596}]}, "version": 137}
