{"obj": {"type": "AssignString", "path": ["sys", "name"], "value": "Untitled"}, "version": 1}
{"obj": {"type": "AssignString", "path": ["sys", "description"], "value": ""}, "version": 2}
{"obj": {"type": "AssignString", "path": ["sys", "hostname"], "value": "dell1"}, "version": 3}
{"obj": {"type": "AssignBool", "path": ["sys", "failed"], "value": false}, "version": 4}
{"obj": {"type": "ClearStringLog", "path": ["monitoring", "stdout"]}, "version": 5}
{"obj": {"type": "ClearStringLog", "path": ["monitoring", "stderr"]}, "version": 6}
{"obj": {"type": "ConfigFloatSeries", "path": ["monitoring", "cpu"], "min": 0.0, "max": 100.0, "unit": "%"}, "version": 7}
{"obj": {"type": "ClearFloatLog", "path": ["monitoring", "cpu"]}, "version": 8}
{"obj": {"type": "ConfigFloatSeries", "path": ["monitoring", "memory"], "min": 0.0, "max": 125.54232025146484, "unit": "GB"}, "version": 9}
{"obj": {"type": "ClearFloatLog", "path": ["monitoring", "memory"]}, "version": 10}
{"obj": {"type": "ConfigFloatSeries", "path": ["monitoring", "gpu"], "min": 0.0, "max": 100.0, "unit": "%"}, "version": 11}
{"obj": {"type": "ClearFloatLog", "path": ["monitoring", "gpu"]}, "version": 12}
{"obj": {"type": "ConfigFloatSeries", "path": ["monitoring", "gpu_memory"], "min": 0.0, "max": 23.6912841796875, "unit": "GB"}, "version": 13}
{"obj": {"type": "ClearFloatLog", "path": ["monitoring", "gpu_memory"]}, "version": 14}
{"obj": {"type": "LogFloats", "path": ["monitoring", "cpu"], "values": [{"value": 0.5, "step": null, "ts": 1665057345.548433}]}, "version": 15}
{"obj": {"type": "LogFloats", "path": ["monitoring", "memory"], "values": [{"value": 2.3604774475097656, "step": null, "ts": 1665057345.548433}]}, "version": 16}
{"obj": {"type": "LogFloats", "path": ["monitoring", "gpu_memory"], "values": [{"value": 0.019287109375, "step": null, "ts": 1665057345.548433}]}, "version": 17}
{"obj": {"type": "LogStrings", "path": ["monitoring", "stdout"], "values": [{"value": "b''", "step": null, "ts": 1665057345.558526}]}, "version": 18}
{"obj": {"type": "LogStrings", "path": ["monitoring", "stdout"], "values": [{"value": "b'Remember to stop your run once you\\xe2\\x80\\x99ve finished logging your metadata (https://docs.neptune.ai/api-reference/run#.stop). It will be stopped automatically only when the notebook kernel/interactive console is terminated.\\n'", "step": null, "ts": 1665057345.5595248}]}, "version": 19}
{"obj": {"type": "AssignString", "path": ["config", "optimizer"], "value": "Adam (\nParameter Group 0\n    amsgrad: False\n    betas: (0.9, 0.999)\n    eps: 1e-08\n    initial_lr: 0.001\n    lr: 0.001\n    weight_decay: 0\n)"}, "version": 20}
{"obj": {"type": "LogFloats", "path": ["monitoring", "cpu"], "values": [{"value": 0.1, "step": null, "ts": 1665057355.5580068}]}, "version": 21}
{"obj": {"type": "LogFloats", "path": ["monitoring", "memory"], "values": [{"value": 2.361286163330078, "step": null, "ts": 1665057355.5580068}]}, "version": 22}
{"obj": {"type": "LogFloats", "path": ["monitoring", "gpu_memory"], "values": [{"value": 0.019287109375, "step": null, "ts": 1665057355.5580068}]}, "version": 23}
{"obj": {"type": "LogFloats", "path": ["monitoring", "cpu"], "values": [{"value": 0.1, "step": null, "ts": 1665057365.5605853}]}, "version": 24}
{"obj": {"type": "LogFloats", "path": ["monitoring", "memory"], "values": [{"value": 2.3613014221191406, "step": null, "ts": 1665057365.5605853}]}, "version": 25}
{"obj": {"type": "LogFloats", "path": ["monitoring", "gpu_memory"], "values": [{"value": 0.019287109375, "step": null, "ts": 1665057365.5605853}]}, "version": 26}
{"obj": {"type": "LogFloats", "path": ["monitoring", "memory"], "values": [{"value": 2.3610305786132812, "step": null, "ts": 1665057375.563167}]}, "version": 27}
{"obj": {"type": "LogFloats", "path": ["monitoring", "gpu_memory"], "values": [{"value": 0.019287109375, "step": null, "ts": 1665057375.563167}]}, "version": 28}
{"obj": {"type": "LogFloats", "path": ["monitoring", "memory"], "values": [{"value": 2.3610267639160156, "step": null, "ts": 1665057385.5655963}]}, "version": 29}
{"obj": {"type": "LogFloats", "path": ["monitoring", "gpu_memory"], "values": [{"value": 0.019287109375, "step": null, "ts": 1665057385.5655963}]}, "version": 30}
{"obj": {"type": "LogFloats", "path": ["monitoring", "memory"], "values": [{"value": 2.3610191345214844, "step": null, "ts": 1665057395.5680017}]}, "version": 31}
{"obj": {"type": "LogFloats", "path": ["monitoring", "gpu_memory"], "values": [{"value": 0.019287109375, "step": null, "ts": 1665057395.5680017}]}, "version": 32}
{"obj": {"type": "LogFloats", "path": ["monitoring", "memory"], "values": [{"value": 2.3612289428710938, "step": null, "ts": 1665057405.5704286}]}, "version": 33}
{"obj": {"type": "LogFloats", "path": ["monitoring", "gpu_memory"], "values": [{"value": 0.019287109375, "step": null, "ts": 1665057405.5704286}]}, "version": 34}
{"obj": {"type": "LogFloats", "path": ["monitoring", "memory"], "values": [{"value": 2.3612403869628906, "step": null, "ts": 1665057415.5728786}]}, "version": 35}
{"obj": {"type": "LogFloats", "path": ["monitoring", "gpu_memory"], "values": [{"value": 0.019287109375, "step": null, "ts": 1665057415.5728786}]}, "version": 36}
{"obj": {"type": "LogFloats", "path": ["monitoring", "memory"], "values": [{"value": 2.3612327575683594, "step": null, "ts": 1665057425.5753243}]}, "version": 37}
{"obj": {"type": "LogFloats", "path": ["monitoring", "gpu_memory"], "values": [{"value": 0.019287109375, "step": null, "ts": 1665057425.5753243}]}, "version": 38}
{"obj": {"type": "LogFloats", "path": ["monitoring", "memory"], "values": [{"value": 2.361225128173828, "step": null, "ts": 1665057435.5778213}]}, "version": 39}
{"obj": {"type": "LogFloats", "path": ["monitoring", "gpu_memory"], "values": [{"value": 0.019287109375, "step": null, "ts": 1665057435.5778213}]}, "version": 40}
{"obj": {"type": "LogFloats", "path": ["monitoring", "cpu"], "values": [{"value": 0.2, "step": null, "ts": 1665057445.5837862}]}, "version": 41}
{"obj": {"type": "LogFloats", "path": ["monitoring", "memory"], "values": [{"value": 2.3612213134765625, "step": null, "ts": 1665057445.5837862}]}, "version": 42}
{"obj": {"type": "LogFloats", "path": ["monitoring", "gpu_memory"], "values": [{"value": 0.019287109375, "step": null, "ts": 1665057445.5837862}]}, "version": 43}
{"obj": {"type": "LogFloats", "path": ["monitoring", "memory"], "values": [{"value": 2.3612136840820312, "step": null, "ts": 1665057455.5863552}]}, "version": 44}
{"obj": {"type": "LogFloats", "path": ["monitoring", "gpu_memory"], "values": [{"value": 0.019287109375, "step": null, "ts": 1665057455.5863552}]}, "version": 45}
{"obj": {"type": "LogFloats", "path": ["monitoring", "memory"], "values": [{"value": 2.3616867065429688, "step": null, "ts": 1665057465.58885}]}, "version": 46}
{"obj": {"type": "LogFloats", "path": ["monitoring", "gpu_memory"], "values": [{"value": 0.019287109375, "step": null, "ts": 1665057465.58885}]}, "version": 47}
{"obj": {"type": "LogFloats", "path": ["monitoring", "cpu"], "values": [{"value": 0.1, "step": null, "ts": 1665057475.5912735}]}, "version": 48}
{"obj": {"type": "LogFloats", "path": ["monitoring", "memory"], "values": [{"value": 2.3617172241210938, "step": null, "ts": 1665057475.5912735}]}, "version": 49}
{"obj": {"type": "LogFloats", "path": ["monitoring", "gpu_memory"], "values": [{"value": 0.019287109375, "step": null, "ts": 1665057475.5912735}]}, "version": 50}
{"obj": {"type": "LogFloats", "path": ["monitoring", "memory"], "values": [{"value": 2.361705780029297, "step": null, "ts": 1665057485.593894}]}, "version": 51}
{"obj": {"type": "LogFloats", "path": ["monitoring", "gpu_memory"], "values": [{"value": 0.019287109375, "step": null, "ts": 1665057485.593894}]}, "version": 52}
{"obj": {"type": "LogFloats", "path": ["monitoring", "memory"], "values": [{"value": 2.3614349365234375, "step": null, "ts": 1665057495.5963922}]}, "version": 53}
{"obj": {"type": "LogFloats", "path": ["monitoring", "gpu_memory"], "values": [{"value": 0.019287109375, "step": null, "ts": 1665057495.5963922}]}, "version": 54}
{"obj": {"type": "LogFloats", "path": ["monitoring", "cpu"], "values": [{"value": 0.1, "step": null, "ts": 1665057505.5988207}]}, "version": 55}
{"obj": {"type": "LogFloats", "path": ["monitoring", "memory"], "values": [{"value": 2.3614654541015625, "step": null, "ts": 1665057505.5988207}]}, "version": 56}
{"obj": {"type": "LogFloats", "path": ["monitoring", "gpu_memory"], "values": [{"value": 0.019287109375, "step": null, "ts": 1665057505.5988207}]}, "version": 57}
{"obj": {"type": "LogFloats", "path": ["monitoring", "cpu"], "values": [{"value": 0.1, "step": null, "ts": 1665057515.6014206}]}, "version": 58}
{"obj": {"type": "LogFloats", "path": ["monitoring", "memory"], "values": [{"value": 2.3614501953125, "step": null, "ts": 1665057515.6014206}]}, "version": 59}
{"obj": {"type": "LogFloats", "path": ["monitoring", "gpu_memory"], "values": [{"value": 0.019287109375, "step": null, "ts": 1665057515.6014206}]}, "version": 60}
{"obj": {"type": "LogStrings", "path": ["monitoring", "stdout"], "values": [{"value": "The autoreload extension is already loaded. To reload it, use:", "step": null, "ts": 1665057520.1719644}]}, "version": 61}
{"obj": {"type": "LogStrings", "path": ["monitoring", "stdout"], "values": [{"value": "\n", "step": null, "ts": 1665057520.1720693}]}, "version": 62}
{"obj": {"type": "LogStrings", "path": ["monitoring", "stdout"], "values": [{"value": "  %reload_ext", "step": null, "ts": 1665057520.172341}]}, "version": 63}
{"obj": {"type": "LogStrings", "path": ["monitoring", "stdout"], "values": [{"value": " ", "step": null, "ts": 1665057520.1724505}]}, "version": 64}
{"obj": {"type": "LogStrings", "path": ["monitoring", "stdout"], "values": [{"value": "autoreload", "step": null, "ts": 1665057520.1725574}]}, "version": 65}
{"obj": {"type": "LogStrings", "path": ["monitoring", "stdout"], "values": [{"value": "\n", "step": null, "ts": 1665057520.172665}]}, "version": 66}
{"obj": {"type": "LogStrings", "path": ["monitoring", "stdout"], "values": [{"value": "b'https://app.neptune.ai/antoine.habis.tlcm/Scribble/e/SCRIB-6\\n'", "step": null, "ts": 1665057521.4820116}]}, "version": 67}
{"obj": {"type": "LogStrings", "path": ["monitoring", "stdout"], "values": [{"value": "b''", "step": null, "ts": 1665057521.4993258}]}, "version": 68}
{"obj": {"type": "LogStrings", "path": ["monitoring", "stdout"], "values": [{"value": "b'Remember to stop your run once you\\xe2\\x80\\x99ve finished logging your metadata (https://docs.neptune.ai/api-reference/run#.stop). It will be stopped automatically only when the notebook kernel/interactive console is terminated.\\n'", "step": null, "ts": 1665057521.5013053}]}, "version": 69}
{"obj": {"type": "LogFloats", "path": ["monitoring", "memory"], "values": [{"value": 2.4492225646972656, "step": null, "ts": 1665057525.6041722}]}, "version": 70}
{"obj": {"type": "LogFloats", "path": ["monitoring", "gpu_memory"], "values": [{"value": 0.019287109375, "step": null, "ts": 1665057525.6041722}]}, "version": 71}
{"obj": {"type": "LogFloats", "path": ["monitoring", "memory"], "values": [{"value": 2.4494361877441406, "step": null, "ts": 1665057535.6064847}]}, "version": 72}
{"obj": {"type": "LogFloats", "path": ["monitoring", "gpu_memory"], "values": [{"value": 0.019287109375, "step": null, "ts": 1665057535.6064847}]}, "version": 73}
{"obj": {"type": "LogFloats", "path": ["monitoring", "cpu"], "values": [{"value": 0.1, "step": null, "ts": 1665057545.6089718}]}, "version": 74}
{"obj": {"type": "LogFloats", "path": ["monitoring", "memory"], "values": [{"value": 2.4494285583496094, "step": null, "ts": 1665057545.6089718}]}, "version": 75}
{"obj": {"type": "LogFloats", "path": ["monitoring", "gpu_memory"], "values": [{"value": 0.019287109375, "step": null, "ts": 1665057545.6089718}]}, "version": 76}
{"obj": {"type": "LogFloats", "path": ["monitoring", "cpu"], "values": [{"value": 0.1, "step": null, "ts": 1665057555.615904}]}, "version": 77}
{"obj": {"type": "LogFloats", "path": ["monitoring", "memory"], "values": [{"value": 2.4496536254882812, "step": null, "ts": 1665057555.615904}]}, "version": 78}
{"obj": {"type": "LogFloats", "path": ["monitoring", "gpu_memory"], "values": [{"value": 0.019287109375, "step": null, "ts": 1665057555.615904}]}, "version": 79}
{"obj": {"type": "LogFloats", "path": ["monitoring", "memory"], "values": [{"value": 2.44964599609375, "step": null, "ts": 1665057565.6185985}]}, "version": 80}
{"obj": {"type": "LogFloats", "path": ["monitoring", "gpu_memory"], "values": [{"value": 0.019287109375, "step": null, "ts": 1665057565.6185985}]}, "version": 81}
{"obj": {"type": "LogFloats", "path": ["monitoring", "memory"], "values": [{"value": 2.4498748779296875, "step": null, "ts": 1665057575.6210845}]}, "version": 82}
{"obj": {"type": "LogFloats", "path": ["monitoring", "gpu_memory"], "values": [{"value": 0.019287109375, "step": null, "ts": 1665057575.6210845}]}, "version": 83}
{"obj": {"type": "LogFloats", "path": ["monitoring", "cpu"], "values": [{"value": 4.7, "step": null, "ts": 1665057585.6234171}]}, "version": 84}
{"obj": {"type": "LogFloats", "path": ["monitoring", "memory"], "values": [{"value": 5.712268829345703, "step": null, "ts": 1665057585.6234171}]}, "version": 85}
{"obj": {"type": "LogFloats", "path": ["monitoring", "gpu"], "values": [{"value": 3.0, "step": null, "ts": 1665057585.6234171}]}, "version": 86}
{"obj": {"type": "LogFloats", "path": ["monitoring", "gpu_memory"], "values": [{"value": 1.80401611328125, "step": null, "ts": 1665057585.6234171}]}, "version": 87}
{"obj": {"type": "LogFloats", "path": ["monitoring", "memory"], "values": [{"value": 6.754688262939453, "step": null, "ts": 1665057595.6245985}]}, "version": 88}
{"obj": {"type": "LogFloats", "path": ["monitoring", "gpu_memory"], "values": [{"value": 2.27471923828125, "step": null, "ts": 1665057595.6245985}]}, "version": 89}
{"obj": {"type": "LogFloats", "path": ["monitoring", "memory"], "values": [{"value": 6.7548675537109375, "step": null, "ts": 1665057605.6268318}]}, "version": 90}
{"obj": {"type": "LogFloats", "path": ["monitoring", "gpu_memory"], "values": [{"value": 2.27471923828125, "step": null, "ts": 1665057605.6268318}]}, "version": 91}
{"obj": {"type": "LogFloats", "path": ["monitoring", "cpu"], "values": [{"value": 0.2, "step": null, "ts": 1665057615.6292698}]}, "version": 92}
{"obj": {"type": "LogFloats", "path": ["monitoring", "memory"], "values": [{"value": 6.755580902099609, "step": null, "ts": 1665057615.6292698}]}, "version": 93}
{"obj": {"type": "LogFloats", "path": ["monitoring", "gpu_memory"], "values": [{"value": 2.27471923828125, "step": null, "ts": 1665057615.6292698}]}, "version": 94}
{"obj": {"type": "LogStrings", "path": ["monitoring", "stdout"], "values": [{"value": "b'https://app.neptune.ai/antoine.habis.tlcm/Scribble/e/SCRIB-7\\n'", "step": null, "ts": 1665057617.2845027}]}, "version": 95}
{"obj": {"type": "LogStrings", "path": ["monitoring", "stdout"], "values": [{"value": "b''", "step": null, "ts": 1665057617.3030024}]}, "version": 96}
{"obj": {"type": "LogStrings", "path": ["monitoring", "stdout"], "values": [{"value": "b'Remember to stop your run once you\\xe2\\x80\\x99ve finished logging your metadata (https://docs.neptune.ai/api-reference/run#.stop). It will be stopped automatically only when the notebook kernel/interactive console is terminated.\\n'", "step": null, "ts": 1665057617.3057911}]}, "version": 97}
{"obj": {"type": "LogFloats", "path": ["monitoring", "cpu"], "values": [{"value": 0.1, "step": null, "ts": 1665057625.6319764}]}, "version": 98}
{"obj": {"type": "LogFloats", "path": ["monitoring", "memory"], "values": [{"value": 7.318470001220703, "step": null, "ts": 1665057625.6319764}]}, "version": 99}
{"obj": {"type": "LogFloats", "path": ["monitoring", "gpu_memory"], "values": [{"value": 2.35089111328125, "step": null, "ts": 1665057625.6319764}]}, "version": 100}
{"obj": {"type": "LogFloats", "path": ["monitoring", "cpu"], "values": [{"value": 0.1, "step": null, "ts": 1665057635.63466}]}, "version": 101}
{"obj": {"type": "LogFloats", "path": ["monitoring", "memory"], "values": [{"value": 7.319892883300781, "step": null, "ts": 1665057635.63466}]}, "version": 102}
{"obj": {"type": "LogFloats", "path": ["monitoring", "gpu"], "values": [{"value": 1.0, "step": null, "ts": 1665057635.63466}]}, "version": 103}
{"obj": {"type": "LogFloats", "path": ["monitoring", "gpu_memory"], "values": [{"value": 2.35089111328125, "step": null, "ts": 1665057635.63466}]}, "version": 104}
{"obj": {"type": "LogFloats", "path": ["monitoring", "cpu"], "values": [{"value": 0.2, "step": null, "ts": 1665057645.6376214}]}, "version": 105}
{"obj": {"type": "LogFloats", "path": ["monitoring", "memory"], "values": [{"value": 7.701854705810547, "step": null, "ts": 1665057645.6376214}]}, "version": 106}
{"obj": {"type": "LogFloats", "path": ["monitoring", "gpu_memory"], "values": [{"value": 2.35089111328125, "step": null, "ts": 1665057645.6376214}]}, "version": 107}
{"obj": {"type": "LogFloats", "path": ["monitoring", "cpu"], "values": [{"value": 0.2, "step": null, "ts": 1665057655.6401472}]}, "version": 108}
{"obj": {"type": "LogFloats", "path": ["monitoring", "memory"], "values": [{"value": 7.702571868896484, "step": null, "ts": 1665057655.6401472}]}, "version": 109}
{"obj": {"type": "LogFloats", "path": ["monitoring", "gpu_memory"], "values": [{"value": 2.35089111328125, "step": null, "ts": 1665057655.6401472}]}, "version": 110}
{"obj": {"type": "LogFloats", "path": ["monitoring", "cpu"], "values": [{"value": 0.2, "step": null, "ts": 1665057665.6425874}]}, "version": 111}
{"obj": {"type": "LogFloats", "path": ["monitoring", "memory"], "values": [{"value": 7.703029632568359, "step": null, "ts": 1665057665.6425874}]}, "version": 112}
{"obj": {"type": "LogFloats", "path": ["monitoring", "gpu_memory"], "values": [{"value": 2.35089111328125, "step": null, "ts": 1665057665.6425874}]}, "version": 113}
{"obj": {"type": "LogStrings", "path": ["monitoring", "stdout"], "values": [{"value": "> \u001b[0;32m/home/ahabis/.local/lib/python3.8/site-packages/torch/_utils.py\u001b[0m(434)\u001b[0;36mreraise\u001b[0;34m()\u001b[0m\n\u001b[0;32m    432 \u001b[0;31m            \u001b[0;31m# instantiate since we don't know how to\u001b[0m\u001b[0;34m\u001b[0m\u001b[0;34m\u001b[0m\u001b[0;34m\u001b[0m\u001b[0m\n\u001b[0m\u001b[0;32m    433 \u001b[0;31m            \u001b[0;32mraise\u001b[0m \u001b[0mRuntimeError\u001b[0m\u001b[0;34m(\u001b[0m\u001b[0mmsg\u001b[0m\u001b[0;34m)\u001b[0m \u001b[0;32mfrom\u001b[0m \u001b[0;32mNone\u001b[0m\u001b[0;34m\u001b[0m\u001b[0;34m\u001b[0m\u001b[0m\n\u001b[0m\u001b[0;32m--> 434 \u001b[0;31m        \u001b[0;32mraise\u001b[0m \u001b[0mexception\u001b[0m\u001b[0;34m\u001b[0m\u001b[0;34m\u001b[0m\u001b[0m\n\u001b[0m\u001b[0;32m    435 \u001b[0;31m\u001b[0;34m\u001b[0m\u001b[0m\n\u001b[0m\u001b[0;32m    436 \u001b[0;31m\u001b[0;34m\u001b[0m\u001b[0m\n\u001b[0m", "step": null, "ts": 1665057667.4575412}]}, "version": 114}
{"obj": {"type": "LogStrings", "path": ["monitoring", "stdout"], "values": [{"value": "\n", "step": null, "ts": 1665057667.4585595}]}, "version": 115}
{"obj": {"type": "LogFloats", "path": ["monitoring", "cpu"], "values": [{"value": 0.2, "step": null, "ts": 1665057675.6452816}]}, "version": 116}
{"obj": {"type": "LogFloats", "path": ["monitoring", "memory"], "values": [{"value": 7.705738067626953, "step": null, "ts": 1665057675.6452816}]}, "version": 117}
{"obj": {"type": "LogFloats", "path": ["monitoring", "gpu_memory"], "values": [{"value": 2.35089111328125, "step": null, "ts": 1665057675.6452816}]}, "version": 118}
{"obj": {"type": "LogFloats", "path": ["monitoring", "cpu"], "values": [{"value": 0.1, "step": null, "ts": 1665057685.6480381}]}, "version": 119}
{"obj": {"type": "LogFloats", "path": ["monitoring", "memory"], "values": [{"value": 7.705738067626953, "step": null, "ts": 1665057685.6480381}]}, "version": 120}
{"obj": {"type": "LogFloats", "path": ["monitoring", "gpu_memory"], "values": [{"value": 2.35089111328125, "step": null, "ts": 1665057685.6480381}]}, "version": 121}
{"obj": {"type": "LogStrings", "path": ["monitoring", "stdout"], "values": [{"value": "--KeyboardInterrupt--", "step": null, "ts": 1665057693.1888301}]}, "version": 122}
{"obj": {"type": "LogStrings", "path": ["monitoring", "stdout"], "values": [{"value": "\n", "step": null, "ts": 1665057693.2306027}]}, "version": 123}
{"obj": {"type": "LogStrings", "path": ["monitoring", "stdout"], "values": [{"value": "\nKeyboardInterrupt\n", "step": null, "ts": 1665057693.2353635}]}, "version": 124}
{"obj": {"type": "LogFloats", "path": ["monitoring", "memory"], "values": [{"value": 6.566497802734375, "step": null, "ts": 1665057695.6508489}]}, "version": 125}
{"obj": {"type": "LogFloats", "path": ["monitoring", "gpu_memory"], "values": [{"value": 2.35089111328125, "step": null, "ts": 1665057695.6508489}]}, "version": 126}
{"obj": {"type": "LogFloats", "path": ["monitoring", "memory"], "values": [{"value": 6.944038391113281, "step": null, "ts": 1665057705.653387}]}, "version": 127}
{"obj": {"type": "LogFloats", "path": ["monitoring", "gpu_memory"], "values": [{"value": 2.35089111328125, "step": null, "ts": 1665057705.653387}]}, "version": 128}
{"obj": {"type": "LogFloats", "path": ["monitoring", "cpu"], "values": [{"value": 0.2, "step": null, "ts": 1665057715.6556404}]}, "version": 129}
{"obj": {"type": "LogFloats", "path": ["monitoring", "memory"], "values": [{"value": 6.944286346435547, "step": null, "ts": 1665057715.6556404}]}, "version": 130}
{"obj": {"type": "LogFloats", "path": ["monitoring", "gpu_memory"], "values": [{"value": 2.35089111328125, "step": null, "ts": 1665057715.6556404}]}, "version": 131}
{"obj": {"type": "LogFloats", "path": ["monitoring", "cpu"], "values": [{"value": 0.1, "step": null, "ts": 1665057725.6583903}]}, "version": 132}
{"obj": {"type": "LogFloats", "path": ["monitoring", "memory"], "values": [{"value": 7.350944519042969, "step": null, "ts": 1665057725.6583903}]}, "version": 133}
{"obj": {"type": "LogFloats", "path": ["monitoring", "gpu_memory"], "values": [{"value": 2.35089111328125, "step": null, "ts": 1665057725.6583903}]}, "version": 134}
{"obj": {"type": "LogFloats", "path": ["monitoring", "memory"], "values": [{"value": 7.3547821044921875, "step": null, "ts": 1665057735.660924}]}, "version": 135}
{"obj": {"type": "LogFloats", "path": ["monitoring", "gpu_memory"], "values": [{"value": 2.35089111328125, "step": null, "ts": 1665057735.660924}]}, "version": 136}
{"obj": {"type": "LogFloats", "path": ["monitoring", "cpu"], "values": [{"value": 0.1, "step": null, "ts": 1665057745.6631296}]}, "version": 137}
{"obj": {"type": "LogFloats", "path": ["monitoring", "memory"], "values": [{"value": 7.366542816162109, "step": null, "ts": 1665057745.6631296}]}, "version": 138}
{"obj": {"type": "LogFloats", "path": ["monitoring", "gpu_memory"], "values": [{"value": 2.35089111328125, "step": null, "ts": 1665057745.6631296}]}, "version": 139}
{"obj": {"type": "LogFloats", "path": ["monitoring", "memory"], "values": [{"value": 7.366802215576172, "step": null, "ts": 1665057755.6657493}]}, "version": 140}
{"obj": {"type": "LogFloats", "path": ["monitoring", "gpu_memory"], "values": [{"value": 2.35089111328125, "step": null, "ts": 1665057755.6657493}]}, "version": 141}
{"obj": {"type": "LogStrings", "path": ["monitoring", "stdout"], "values": [{"value": "tumor_097", "step": null, "ts": 1665057760.405428}]}, "version": 142}
{"obj": {"type": "LogStrings", "path": ["monitoring", "stdout"], "values": [{"value": "\n", "step": null, "ts": 1665057760.4057744}]}, "version": 143}
{"obj": {"type": "LogFloats", "path": ["monitoring", "memory"], "values": [{"value": 7.367015838623047, "step": null, "ts": 1665057765.6682801}]}, "version": 144}
{"obj": {"type": "LogFloats", "path": ["monitoring", "gpu_memory"], "values": [{"value": 2.35089111328125, "step": null, "ts": 1665057765.6682801}]}, "version": 145}
{"obj": {"type": "LogFloats", "path": ["monitoring", "cpu"], "values": [{"value": 0.1, "step": null, "ts": 1665057775.6714478}]}, "version": 146}
{"obj": {"type": "LogFloats", "path": ["monitoring", "memory"], "values": [{"value": 7.367034912109375, "step": null, "ts": 1665057775.6714478}]}, "version": 147}
{"obj": {"type": "LogFloats", "path": ["monitoring", "gpu_memory"], "values": [{"value": 2.35089111328125, "step": null, "ts": 1665057775.6714478}]}, "version": 148}
{"obj": {"type": "LogStrings", "path": ["monitoring", "stdout"], "values": [{"value": "tumor_097", "step": null, "ts": 1665057776.3197181}]}, "version": 149}
{"obj": {"type": "LogStrings", "path": ["monitoring", "stdout"], "values": [{"value": "\n", "step": null, "ts": 1665057776.3204894}]}, "version": 150}
{"obj": {"type": "LogFloats", "path": ["monitoring", "cpu"], "values": [{"value": 0.1, "step": null, "ts": 1665057785.6740746}]}, "version": 151}
{"obj": {"type": "LogFloats", "path": ["monitoring", "memory"], "values": [{"value": 7.384300231933594, "step": null, "ts": 1665057785.6740746}]}, "version": 152}
{"obj": {"type": "LogFloats", "path": ["monitoring", "gpu_memory"], "values": [{"value": 2.35089111328125, "step": null, "ts": 1665057785.6740746}]}, "version": 153}
{"obj": {"type": "LogStrings", "path": ["monitoring", "stdout"], "values": [{"value": "test_122", "step": null, "ts": 1665057786.1082788}]}, "version": 154}
{"obj": {"type": "LogStrings", "path": ["monitoring", "stdout"], "values": [{"value": "\n", "step": null, "ts": 1665057786.1087637}]}, "version": 155}
{"obj": {"type": "LogStrings", "path": ["monitoring", "stdout"], "values": [{"value": "tumor_097", "step": null, "ts": 1665057790.9624016}]}, "version": 156}
{"obj": {"type": "LogStrings", "path": ["monitoring", "stdout"], "values": [{"value": "\n", "step": null, "ts": 1665057790.9627252}]}, "version": 157}
{"obj": {"type": "LogFloats", "path": ["monitoring", "memory"], "values": [{"value": 7.384284973144531, "step": null, "ts": 1665057795.6767867}]}, "version": 158}
{"obj": {"type": "LogFloats", "path": ["monitoring", "gpu_memory"], "values": [{"value": 2.35089111328125, "step": null, "ts": 1665057795.6767867}]}, "version": 159}
{"obj": {"type": "LogFloats", "path": ["monitoring", "memory"], "values": [{"value": 7.384265899658203, "step": null, "ts": 1665057805.6791813}]}, "version": 160}
{"obj": {"type": "LogFloats", "path": ["monitoring", "gpu_memory"], "values": [{"value": 2.35089111328125, "step": null, "ts": 1665057805.6791813}]}, "version": 161}
{"obj": {"type": "LogFloats", "path": ["monitoring", "memory"], "values": [{"value": 7.384246826171875, "step": null, "ts": 1665057815.6816444}]}, "version": 162}
{"obj": {"type": "LogFloats", "path": ["monitoring", "gpu_memory"], "values": [{"value": 2.35089111328125, "step": null, "ts": 1665057815.6816444}]}, "version": 163}
{"obj": {"type": "LogFloats", "path": ["monitoring", "memory"], "values": [{"value": 7.3842315673828125, "step": null, "ts": 1665057825.684242}]}, "version": 164}
{"obj": {"type": "LogFloats", "path": ["monitoring", "gpu_memory"], "values": [{"value": 2.35089111328125, "step": null, "ts": 1665057825.684242}]}, "version": 165}
{"obj": {"type": "LogFloats", "path": ["monitoring", "cpu"], "values": [{"value": 0.3, "step": null, "ts": 1665057835.686673}]}, "version": 166}
{"obj": {"type": "LogFloats", "path": ["monitoring", "memory"], "values": [{"value": 7.384212493896484, "step": null, "ts": 1665057835.686673}]}, "version": 167}
{"obj": {"type": "LogFloats", "path": ["monitoring", "gpu_memory"], "values": [{"value": 2.35089111328125, "step": null, "ts": 1665057835.686673}]}, "version": 168}
{"obj": {"type": "LogFloats", "path": ["monitoring", "memory"], "values": [{"value": 7.384189605712891, "step": null, "ts": 1665057845.6893055}]}, "version": 169}
{"obj": {"type": "LogFloats", "path": ["monitoring", "gpu_memory"], "values": [{"value": 2.35089111328125, "step": null, "ts": 1665057845.6893055}]}, "version": 170}
{"obj": {"type": "LogFloats", "path": ["monitoring", "cpu"], "values": [{"value": 0.1, "step": null, "ts": 1665057855.6917498}]}, "version": 171}
{"obj": {"type": "LogFloats", "path": ["monitoring", "memory"], "values": [{"value": 7.384220123291016, "step": null, "ts": 1665057855.6917498}]}, "version": 172}
{"obj": {"type": "LogFloats", "path": ["monitoring", "gpu_memory"], "values": [{"value": 2.35089111328125, "step": null, "ts": 1665057855.6917498}]}, "version": 173}
{"obj": {"type": "LogStrings", "path": ["monitoring", "stderr"], "values": [{"value": "Exception ignored in: ", "step": null, "ts": 1665057859.0248072}]}, "version": 174}
{"obj": {"type": "LogStrings", "path": ["monitoring", "stderr"], "values": [{"value": "<function _MultiProcessingDataLoaderIter.__del__ at 0x7f825820f820>", "step": null, "ts": 1665057859.036661}]}, "version": 175}
{"obj": {"type": "LogStrings", "path": ["monitoring", "stderr"], "values": [{"value": "\n", "step": null, "ts": 1665057859.037223}]}, "version": 176}
{"obj": {"type": "LogStrings", "path": ["monitoring", "stderr"], "values": [{"value": "Traceback (most recent call last):\n", "step": null, "ts": 1665057859.037688}]}, "version": 177}
{"obj": {"type": "LogStrings", "path": ["monitoring", "stderr"], "values": [{"value": "  File \"/home/ahabis/.local/lib/python3.8/site-packages/torch/utils/data/dataloader.py\", line 1328, in __del__\n", "step": null, "ts": 1665057859.0379572}]}, "version": 178}
{"obj": {"type": "LogStrings", "path": ["monitoring", "stderr"], "values": [{"value": "    ", "step": null, "ts": 1665057859.0389068}]}, "version": 179}
{"obj": {"type": "LogStrings", "path": ["monitoring", "stderr"], "values": [{"value": "self._shutdown_workers()", "step": null, "ts": 1665057859.0393598}]}, "version": 180}
{"obj": {"type": "LogStrings", "path": ["monitoring", "stderr"], "values": [{"value": "\n", "step": null, "ts": 1665057859.0397093}]}, "version": 181}
{"obj": {"type": "LogStrings", "path": ["monitoring", "stderr"], "values": [{"value": "  File \"/home/ahabis/.local/lib/python3.8/site-packages/torch/utils/data/dataloader.py\", line 1301, in _shutdown_workers\n", "step": null, "ts": 1665057859.0400689}]}, "version": 182}
{"obj": {"type": "LogStrings", "path": ["monitoring", "stderr"], "values": [{"value": "    ", "step": null, "ts": 1665057859.0407245}]}, "version": 183}
{"obj": {"type": "LogStrings", "path": ["monitoring", "stderr"], "values": [{"value": "w.join(timeout=_utils.MP_STATUS_CHECK_INTERVAL)", "step": null, "ts": 1665057859.0411787}]}, "version": 184}
{"obj": {"type": "LogStrings", "path": ["monitoring", "stderr"], "values": [{"value": "\n", "step": null, "ts": 1665057859.041563}]}, "version": 185}
{"obj": {"type": "LogStrings", "path": ["monitoring", "stderr"], "values": [{"value": "  File \"/usr/lib/python3.8/multiprocessing/process.py\", line 149, in join\n", "step": null, "ts": 1665057859.0418735}]}, "version": 186}
{"obj": {"type": "LogStrings", "path": ["monitoring", "stderr"], "values": [{"value": "    ", "step": null, "ts": 1665057859.0458405}]}, "version": 187}
{"obj": {"type": "LogStrings", "path": ["monitoring", "stderr"], "values": [{"value": "res = self._popen.wait(timeout)", "step": null, "ts": 1665057859.046844}]}, "version": 188}
{"obj": {"type": "LogStrings", "path": ["monitoring", "stderr"], "values": [{"value": "\n", "step": null, "ts": 1665057859.06005}]}, "version": 189}
{"obj": {"type": "LogStrings", "path": ["monitoring", "stderr"], "values": [{"value": "  File \"/usr/lib/python3.8/multiprocessing/popen_fork.py\", line 44, in wait\n", "step": null, "ts": 1665057859.061352}]}, "version": 190}
{"obj": {"type": "LogStrings", "path": ["monitoring", "stderr"], "values": [{"value": "    ", "step": null, "ts": 1665057859.0620906}]}, "version": 191}
{"obj": {"type": "LogStrings", "path": ["monitoring", "stderr"], "values": [{"value": "if not wait([self.sentinel], timeout):", "step": null, "ts": 1665057859.062412}]}, "version": 192}
{"obj": {"type": "LogStrings", "path": ["monitoring", "stderr"], "values": [{"value": "\n", "step": null, "ts": 1665057859.063154}]}, "version": 193}
{"obj": {"type": "LogStrings", "path": ["monitoring", "stderr"], "values": [{"value": "  File \"/usr/lib/python3.8/multiprocessing/connection.py\", line 931, in wait\n", "step": null, "ts": 1665057859.0634472}]}, "version": 194}
{"obj": {"type": "LogStrings", "path": ["monitoring", "stderr"], "values": [{"value": "    ", "step": null, "ts": 1665057859.0651977}]}, "version": 195}
{"obj": {"type": "LogStrings", "path": ["monitoring", "stderr"], "values": [{"value": "ready = selector.select(timeout)", "step": null, "ts": 1665057859.065757}]}, "version": 196}
{"obj": {"type": "LogStrings", "path": ["monitoring", "stderr"], "values": [{"value": "\n", "step": null, "ts": 1665057859.0661843}]}, "version": 197}
{"obj": {"type": "LogStrings", "path": ["monitoring", "stderr"], "values": [{"value": "  File \"/usr/lib/python3.8/selectors.py\", line 415, in select\n", "step": null, "ts": 1665057859.0667794}]}, "version": 198}
{"obj": {"type": "LogStrings", "path": ["monitoring", "stderr"], "values": [{"value": "    ", "step": null, "ts": 1665057859.0687277}]}, "version": 199}
{"obj": {"type": "LogStrings", "path": ["monitoring", "stderr"], "values": [{"value": "fd_event_list = self._selector.poll(timeout)", "step": null, "ts": 1665057859.0695298}]}, "version": 200}
{"obj": {"type": "LogStrings", "path": ["monitoring", "stderr"], "values": [{"value": "\n", "step": null, "ts": 1665057859.070011}]}, "version": 201}
{"obj": {"type": "LogStrings", "path": ["monitoring", "stderr"], "values": [{"value": "KeyboardInterrupt", "step": null, "ts": 1665057859.0705526}]}, "version": 202}
{"obj": {"type": "LogStrings", "path": ["monitoring", "stderr"], "values": [{"value": ": ", "step": null, "ts": 1665057859.0708551}]}, "version": 203}
{"obj": {"type": "LogStrings", "path": ["monitoring", "stderr"], "values": [{"value": "", "step": null, "ts": 1665057859.0713248}]}, "version": 204}
{"obj": {"type": "LogStrings", "path": ["monitoring", "stderr"], "values": [{"value": "\n", "step": null, "ts": 1665057859.0718706}]}, "version": 205}
{"obj": {"type": "LogStrings", "path": ["monitoring", "stdout"], "values": [{"value": "b'Shutting down background jobs, please wait a moment...\\n'", "step": null, "ts": 1665057859.25324}]}, "version": 206}
{"obj": {"type": "LogStrings", "path": ["monitoring", "stdout"], "values": [{"value": "b'Done!\\n'", "step": null, "ts": 1665057859.2649245}]}, "version": 207}
{"obj": {"type": "LogStrings", "path": ["monitoring", "stderr"], "values": [{"value": "Waiting for the remaining 36 operations to synchronize with Neptune. Do not kill this process.\n", "step": null, "ts": 1665057859.2744496}]}, "version": 208}
{"obj": {"type": "LogStrings", "path": ["monitoring", "stdout"], "values": [{"value": "b'All 36 operations synced, thanks for waiting!\\n'", "step": null, "ts": 1665057859.37504}]}, "version": 209}
{"obj": {"type": "LogStrings", "path": ["monitoring", "stdout"], "values": [{"value": "b'Shutting down background jobs, please wait a moment...\\n'", "step": null, "ts": 1665057859.379701}]}, "version": 210}
{"obj": {"type": "LogStrings", "path": ["monitoring", "stdout"], "values": [{"value": "b'Done!\\n'", "step": null, "ts": 1665057859.386973}]}, "version": 211}
{"obj": {"type": "LogStrings", "path": ["monitoring", "stderr"], "values": [{"value": "Waiting for the remaining 37 operations to synchronize with Neptune. Do not kill this process.\n", "step": null, "ts": 1665057859.3888009}]}, "version": 212}
{"obj": {"type": "LogStrings", "path": ["monitoring", "stdout"], "values": [{"value": "b'All 37 operations synced, thanks for waiting!\\n'", "step": null, "ts": 1665057859.4509122}]}, "version": 213}
{"obj": {"type": "LogStrings", "path": ["monitoring", "stdout"], "values": [{"value": "b'Shutting down background jobs, please wait a moment...\\n'", "step": null, "ts": 1665057859.4517736}]}, "version": 214}
