{"obj": {"type": "AssignString", "path": ["sys", "name"], "value": "Untitled"}, "version": 1}
{"obj": {"type": "AssignString", "path": ["sys", "description"], "value": ""}, "version": 2}
{"obj": {"type": "AssignString", "path": ["sys", "hostname"], "value": "dell1"}, "version": 3}
{"obj": {"type": "AssignBool", "path": ["sys", "failed"], "value": false}, "version": 4}
{"obj": {"type": "ClearStringLog", "path": ["monitoring", "stdout"]}, "version": 5}
{"obj": {"type": "ClearStringLog", "path": ["monitoring", "stderr"]}, "version": 6}
{"obj": {"type": "ConfigFloatSeries", "path": ["monitoring", "cpu"], "min": 0.0, "max": 100.0, "unit": "%"}, "version": 7}
{"obj": {"type": "ClearFloatLog", "path": ["monitoring", "cpu"]}, "version": 8}
{"obj": {"type": "ConfigFloatSeries", "path": ["monitoring", "memory"], "min": 0.0, "max": 125.54232025146484, "unit": "GB"}, "version": 9}
{"obj": {"type": "ClearFloatLog", "path": ["monitoring", "memory"]}, "version": 10}
{"obj": {"type": "ConfigFloatSeries", "path": ["monitoring", "gpu"], "min": 0.0, "max": 100.0, "unit": "%"}, "version": 11}
{"obj": {"type": "ClearFloatLog", "path": ["monitoring", "gpu"]}, "version": 12}
{"obj": {"type": "ConfigFloatSeries", "path": ["monitoring", "gpu_memory"], "min": 0.0, "max": 23.6912841796875, "unit": "GB"}, "version": 13}
{"obj": {"type": "ClearFloatLog", "path": ["monitoring", "gpu_memory"]}, "version": 14}
{"obj": {"type": "LogStrings", "path": ["monitoring", "stdout"], "values": [{"value": "b''", "step": null, "ts": 1665318296.4987667}]}, "version": 15}
{"obj": {"type": "LogStrings", "path": ["monitoring", "stdout"], "values": [{"value": "b'Remember to stop your run once you\\xe2\\x80\\x99ve finished logging your metadata (https://docs.neptune.ai/api-reference/run#.stop). It will be stopped automatically only when the notebook kernel/interactive console is terminated.\\n'", "step": null, "ts": 1665318296.5001254}]}, "version": 16}
{"obj": {"type": "LogFloats", "path": ["monitoring", "cpu"], "values": [{"value": 4.5, "step": null, "ts": 1665318296.4945204}]}, "version": 17}
{"obj": {"type": "LogFloats", "path": ["monitoring", "memory"], "values": [{"value": 2.644908905029297, "step": null, "ts": 1665318296.4945204}]}, "version": 18}
{"obj": {"type": "LogFloats", "path": ["monitoring", "gpu_memory"], "values": [{"value": 0.01934814453125, "step": null, "ts": 1665318296.4945204}]}, "version": 19}
{"obj": {"type": "AssignString", "path": ["config", "optimizer"], "value": "Adam (\nParameter Group 0\n    amsgrad: False\n    betas: (0.9, 0.999)\n    eps: 1e-08\n    initial_lr: 0.001\n    lr: 0.001\n    weight_decay: 0\n)"}, "version": 20}
{"obj": {"type": "LogFloats", "path": ["monitoring", "cpu"], "values": [{"value": 13.8, "step": null, "ts": 1665318306.502405}]}, "version": 21}
{"obj": {"type": "LogFloats", "path": ["monitoring", "memory"], "values": [{"value": 8.028648376464844, "step": null, "ts": 1665318306.502405}]}, "version": 22}
{"obj": {"type": "LogFloats", "path": ["monitoring", "gpu_memory"], "values": [{"value": 2.27471923828125, "step": null, "ts": 1665318306.502405}]}, "version": 23}
{"obj": {"type": "LogFloats", "path": ["train", "epoch", "loss_tot"], "values": [{"value": 0.6836683750152588, "step": null, "ts": 1665318309.5535028}]}, "version": 24}
{"obj": {"type": "LogFloats", "path": ["train", "epoch", "precision"], "values": [{"value": 0.0, "step": null, "ts": 1665318309.5536664}]}, "version": 25}
{"obj": {"type": "LogFloats", "path": ["train", "epoch", "recall"], "values": [{"value": NaN, "step": null, "ts": 1665318309.553775}]}, "version": 26}
{"obj": {"type": "LogFloats", "path": ["train", "epoch", "loss_tot"], "values": [{"value": 0.2640922963619232, "step": null, "ts": 1665318310.7009425}]}, "version": 27}
{"obj": {"type": "LogFloats", "path": ["train", "epoch", "precision"], "values": [{"value": NaN, "step": null, "ts": 1665318310.7011693}]}, "version": 28}
{"obj": {"type": "LogFloats", "path": ["train", "epoch", "recall"], "values": [{"value": NaN, "step": null, "ts": 1665318310.701253}]}, "version": 29}
{"obj": {"type": "LogFloats", "path": ["train", "epoch", "loss_tot"], "values": [{"value": 0.3395165205001831, "step": null, "ts": 1665318310.8131046}]}, "version": 30}
{"obj": {"type": "LogFloats", "path": ["train", "epoch", "precision"], "values": [{"value": NaN, "step": null, "ts": 1665318310.8132384}]}, "version": 31}
{"obj": {"type": "LogFloats", "path": ["train", "epoch", "recall"], "values": [{"value": 0.0, "step": null, "ts": 1665318310.8133008}]}, "version": 32}
{"obj": {"type": "LogFloats", "path": ["train", "epoch", "loss_tot"], "values": [{"value": 1.427677869796753, "step": null, "ts": 1665318310.9221635}]}, "version": 33}
{"obj": {"type": "LogFloats", "path": ["train", "epoch", "precision"], "values": [{"value": 0.0, "step": null, "ts": 1665318310.9223206}]}, "version": 34}
{"obj": {"type": "LogFloats", "path": ["train", "epoch", "recall"], "values": [{"value": 0.0, "step": null, "ts": 1665318310.922398}]}, "version": 35}
{"obj": {"type": "LogFloats", "path": ["train", "epoch", "loss_tot"], "values": [{"value": 0.3869283199310303, "step": null, "ts": 1665318311.0338275}]}, "version": 36}
{"obj": {"type": "LogFloats", "path": ["train", "epoch", "precision"], "values": [{"value": 0.0, "step": null, "ts": 1665318311.0339878}]}, "version": 37}
{"obj": {"type": "LogFloats", "path": ["train", "epoch", "recall"], "values": [{"value": NaN, "step": null, "ts": 1665318311.0340486}]}, "version": 38}
{"obj": {"type": "LogFloats", "path": ["train", "epoch", "loss_tot"], "values": [{"value": 1.580885410308838, "step": null, "ts": 1665318311.1427362}]}, "version": 39}
{"obj": {"type": "LogFloats", "path": ["train", "epoch", "precision"], "values": [{"value": NaN, "step": null, "ts": 1665318311.1429172}]}, "version": 40}
{"obj": {"type": "LogFloats", "path": ["train", "epoch", "recall"], "values": [{"value": 0.0, "step": null, "ts": 1665318311.1429927}]}, "version": 41}
{"obj": {"type": "LogFloats", "path": ["train", "epoch", "loss_tot"], "values": [{"value": 0.9484422206878662, "step": null, "ts": 1665318311.2538307}]}, "version": 42}
{"obj": {"type": "LogFloats", "path": ["train", "epoch", "precision"], "values": [{"value": NaN, "step": null, "ts": 1665318311.2539825}]}, "version": 43}
{"obj": {"type": "LogFloats", "path": ["train", "epoch", "recall"], "values": [{"value": 0.0, "step": null, "ts": 1665318311.2540624}]}, "version": 44}
{"obj": {"type": "LogFloats", "path": ["train", "epoch", "loss_tot"], "values": [{"value": 0.5637868642807007, "step": null, "ts": 1665318311.3636656}]}, "version": 45}
{"obj": {"type": "LogFloats", "path": ["train", "epoch", "precision"], "values": [{"value": NaN, "step": null, "ts": 1665318311.3639183}]}, "version": 46}
{"obj": {"type": "LogFloats", "path": ["train", "epoch", "recall"], "values": [{"value": 0.0, "step": null, "ts": 1665318311.3639977}]}, "version": 47}
{"obj": {"type": "LogFloats", "path": ["train", "epoch", "loss_tot"], "values": [{"value": 0.35737255215644836, "step": null, "ts": 1665318311.4739518}]}, "version": 48}
{"obj": {"type": "LogFloats", "path": ["train", "epoch", "precision"], "values": [{"value": NaN, "step": null, "ts": 1665318311.4741058}]}, "version": 49}
{"obj": {"type": "LogFloats", "path": ["train", "epoch", "recall"], "values": [{"value": 0.0, "step": null, "ts": 1665318311.4741702}]}, "version": 50}
{"obj": {"type": "LogFloats", "path": ["train", "epoch", "loss_tot"], "values": [{"value": 1.9530308246612549, "step": null, "ts": 1665318311.583903}]}, "version": 51}
{"obj": {"type": "LogFloats", "path": ["train", "epoch", "precision"], "values": [{"value": NaN, "step": null, "ts": 1665318311.5841448}]}, "version": 52}
{"obj": {"type": "LogFloats", "path": ["train", "epoch", "recall"], "values": [{"value": 0.0, "step": null, "ts": 1665318311.6336038}]}, "version": 53}
{"obj": {"type": "LogFloats", "path": ["train", "epoch", "loss_tot"], "values": [{"value": 0.5162005424499512, "step": null, "ts": 1665318311.7422495}]}, "version": 54}
{"obj": {"type": "LogFloats", "path": ["train", "epoch", "precision"], "values": [{"value": NaN, "step": null, "ts": 1665318311.7423813}]}, "version": 55}
{"obj": {"type": "LogFloats", "path": ["train", "epoch", "recall"], "values": [{"value": 0.0, "step": null, "ts": 1665318311.742445}]}, "version": 56}
{"obj": {"type": "LogFloats", "path": ["train", "epoch", "loss_tot"], "values": [{"value": 0.3463173508644104, "step": null, "ts": 1665318311.8516555}]}, "version": 57}
{"obj": {"type": "LogFloats", "path": ["train", "epoch", "precision"], "values": [{"value": NaN, "step": null, "ts": 1665318311.8518252}]}, "version": 58}
{"obj": {"type": "LogFloats", "path": ["train", "epoch", "recall"], "values": [{"value": 0.0, "step": null, "ts": 1665318311.8518915}]}, "version": 59}
{"obj": {"type": "LogStrings", "path": ["monitoring", "stderr"], "values": [{"value": "Error occurred during asynchronous operation processing: Cannot log infinite or NaN value to attribute train/epoch/recall\n", "step": null, "ts": 1665318311.885503}]}, "version": 60}
{"obj": {"type": "LogStrings", "path": ["monitoring", "stderr"], "values": [{"value": "Error occurred during asynchronous operation processing: Cannot log infinite or NaN value to attribute train/epoch/precision\n", "step": null, "ts": 1665318311.8861609}]}, "version": 61}
{"obj": {"type": "LogFloats", "path": ["train", "epoch", "loss_tot"], "values": [{"value": 0.5635153651237488, "step": null, "ts": 1665318311.9616306}]}, "version": 62}
{"obj": {"type": "LogFloats", "path": ["train", "epoch", "precision"], "values": [{"value": NaN, "step": null, "ts": 1665318311.9617918}]}, "version": 63}
{"obj": {"type": "LogFloats", "path": ["train", "epoch", "recall"], "values": [{"value": 0.0, "step": null, "ts": 1665318311.961858}]}, "version": 64}
{"obj": {"type": "LogFloats", "path": ["train", "epoch", "loss_tot"], "values": [{"value": 0.41481703519821167, "step": null, "ts": 1665318312.0711417}]}, "version": 65}
{"obj": {"type": "LogFloats", "path": ["train", "epoch", "precision"], "values": [{"value": NaN, "step": null, "ts": 1665318312.0712984}]}, "version": 66}
{"obj": {"type": "LogFloats", "path": ["train", "epoch", "recall"], "values": [{"value": 0.0, "step": null, "ts": 1665318312.0713603}]}, "version": 67}
{"obj": {"type": "LogFloats", "path": ["train", "epoch", "loss_tot"], "values": [{"value": 0.6130915880203247, "step": null, "ts": 1665318312.1799364}]}, "version": 68}
{"obj": {"type": "LogFloats", "path": ["train", "epoch", "precision"], "values": [{"value": 0.0, "step": null, "ts": 1665318312.1802566}]}, "version": 69}
{"obj": {"type": "LogFloats", "path": ["train", "epoch", "recall"], "values": [{"value": 0.0, "step": null, "ts": 1665318312.180347}]}, "version": 70}
{"obj": {"type": "LogFloats", "path": ["train", "epoch", "loss_tot"], "values": [{"value": 0.7967432737350464, "step": null, "ts": 1665318312.2903106}]}, "version": 71}
{"obj": {"type": "LogFloats", "path": ["train", "epoch", "precision"], "values": [{"value": 0.0, "step": null, "ts": 1665318312.2904825}]}, "version": 72}
{"obj": {"type": "LogFloats", "path": ["train", "epoch", "recall"], "values": [{"value": 0.0, "step": null, "ts": 1665318312.290553}]}, "version": 73}
{"obj": {"type": "LogFloats", "path": ["monitoring", "cpu"], "values": [{"value": 12.3, "step": null, "ts": 1665318316.5037658}]}, "version": 74}
{"obj": {"type": "LogFloats", "path": ["monitoring", "memory"], "values": [{"value": 8.781200408935547, "step": null, "ts": 1665318316.5037658}]}, "version": 75}
{"obj": {"type": "LogFloats", "path": ["monitoring", "gpu_memory"], "values": [{"value": 6.48175048828125, "step": null, "ts": 1665318316.5037658}]}, "version": 76}
{"obj": {"type": "LogStrings", "path": ["monitoring", "stderr"], "values": [{"value": "Error occurred during asynchronous operation processing: Cannot log infinite or NaN value to attribute train/epoch/precision\n", "step": null, "ts": 1665318316.9733596}]}, "version": 77}
{"obj": {"type": "LogFloats", "path": ["train", "epoch", "loss_tot"], "values": [{"value": 0.5948103666305542, "step": null, "ts": 1665318317.13369}]}, "version": 78}
{"obj": {"type": "LogFloats", "path": ["train", "epoch", "precision"], "values": [{"value": NaN, "step": null, "ts": 1665318317.133996}]}, "version": 79}
{"obj": {"type": "LogFloats", "path": ["train", "epoch", "recall"], "values": [{"value": 0.0, "step": null, "ts": 1665318317.1341598}]}, "version": 80}
{"obj": {"type": "LogFloats", "path": ["train", "epoch", "loss_tot"], "values": [{"value": 0.4100925326347351, "step": null, "ts": 1665318318.8226726}]}, "version": 81}
{"obj": {"type": "LogFloats", "path": ["train", "epoch", "precision"], "values": [{"value": NaN, "step": null, "ts": 1665318318.822848}]}, "version": 82}
{"obj": {"type": "LogFloats", "path": ["train", "epoch", "recall"], "values": [{"value": 0.0, "step": null, "ts": 1665318318.8229172}]}, "version": 83}
{"obj": {"type": "LogFloats", "path": ["train", "epoch", "loss_tot"], "values": [{"value": 0.6387655735015869, "step": null, "ts": 1665318318.932539}]}, "version": 84}
{"obj": {"type": "LogFloats", "path": ["train", "epoch", "precision"], "values": [{"value": NaN, "step": null, "ts": 1665318318.9328825}]}, "version": 85}
{"obj": {"type": "LogFloats", "path": ["train", "epoch", "recall"], "values": [{"value": 0.0, "step": null, "ts": 1665318318.9329925}]}, "version": 86}
{"obj": {"type": "LogFloats", "path": ["train", "epoch", "loss_tot"], "values": [{"value": 0.48823970556259155, "step": null, "ts": 1665318319.0445404}]}, "version": 87}
{"obj": {"type": "LogFloats", "path": ["train", "epoch", "precision"], "values": [{"value": NaN, "step": null, "ts": 1665318319.0446746}]}, "version": 88}
{"obj": {"type": "LogFloats", "path": ["train", "epoch", "recall"], "values": [{"value": 0.0, "step": null, "ts": 1665318319.0447357}]}, "version": 89}
{"obj": {"type": "LogFloats", "path": ["train", "epoch", "loss_tot"], "values": [{"value": 0.5741878747940063, "step": null, "ts": 1665318319.1559007}]}, "version": 90}
{"obj": {"type": "LogFloats", "path": ["train", "epoch", "precision"], "values": [{"value": NaN, "step": null, "ts": 1665318319.1560528}]}, "version": 91}
{"obj": {"type": "LogFloats", "path": ["train", "epoch", "recall"], "values": [{"value": 0.0, "step": null, "ts": 1665318319.156121}]}, "version": 92}
{"obj": {"type": "LogFloats", "path": ["train", "epoch", "loss_tot"], "values": [{"value": 0.36971592903137207, "step": null, "ts": 1665318319.2674742}]}, "version": 93}
{"obj": {"type": "LogFloats", "path": ["train", "epoch", "precision"], "values": [{"value": NaN, "step": null, "ts": 1665318319.267684}]}, "version": 94}
{"obj": {"type": "LogFloats", "path": ["train", "epoch", "recall"], "values": [{"value": NaN, "step": null, "ts": 1665318319.267775}]}, "version": 95}
{"obj": {"type": "LogFloats", "path": ["train", "epoch", "loss_tot"], "values": [{"value": 0.4035845994949341, "step": null, "ts": 1665318319.3834696}]}, "version": 96}
{"obj": {"type": "LogFloats", "path": ["train", "epoch", "precision"], "values": [{"value": NaN, "step": null, "ts": 1665318319.3836591}]}, "version": 97}
{"obj": {"type": "LogFloats", "path": ["train", "epoch", "recall"], "values": [{"value": 0.0, "step": null, "ts": 1665318319.383729}]}, "version": 98}
{"obj": {"type": "LogFloats", "path": ["train", "epoch", "loss_tot"], "values": [{"value": 0.4831000566482544, "step": null, "ts": 1665318319.494282}]}, "version": 99}
{"obj": {"type": "LogFloats", "path": ["train", "epoch", "precision"], "values": [{"value": NaN, "step": null, "ts": 1665318319.4944623}]}, "version": 100}
{"obj": {"type": "LogFloats", "path": ["train", "epoch", "recall"], "values": [{"value": 0.0, "step": null, "ts": 1665318319.49454}]}, "version": 101}
{"obj": {"type": "LogFloats", "path": ["train", "epoch", "loss_tot"], "values": [{"value": 0.4638555347919464, "step": null, "ts": 1665318319.6043444}]}, "version": 102}
{"obj": {"type": "LogFloats", "path": ["train", "epoch", "precision"], "values": [{"value": NaN, "step": null, "ts": 1665318319.604488}]}, "version": 103}
{"obj": {"type": "LogFloats", "path": ["train", "epoch", "recall"], "values": [{"value": 0.0, "step": null, "ts": 1665318319.6045597}]}, "version": 104}
{"obj": {"type": "LogFloats", "path": ["train", "epoch", "loss_tot"], "values": [{"value": 0.41268348693847656, "step": null, "ts": 1665318319.7145963}]}, "version": 105}
{"obj": {"type": "LogFloats", "path": ["train", "epoch", "precision"], "values": [{"value": NaN, "step": null, "ts": 1665318319.7147408}]}, "version": 106}
{"obj": {"type": "LogFloats", "path": ["train", "epoch", "recall"], "values": [{"value": 0.0, "step": null, "ts": 1665318319.7148044}]}, "version": 107}
{"obj": {"type": "LogFloats", "path": ["train", "epoch", "loss_tot"], "values": [{"value": 0.3481717109680176, "step": null, "ts": 1665318319.8243759}]}, "version": 108}
{"obj": {"type": "LogFloats", "path": ["train", "epoch", "precision"], "values": [{"value": NaN, "step": null, "ts": 1665318319.8246362}]}, "version": 109}
{"obj": {"type": "LogFloats", "path": ["train", "epoch", "recall"], "values": [{"value": 0.0, "step": null, "ts": 1665318319.8247364}]}, "version": 110}
{"obj": {"type": "LogFloats", "path": ["train", "epoch", "loss_tot"], "values": [{"value": 0.6746277213096619, "step": null, "ts": 1665318319.936857}]}, "version": 111}
{"obj": {"type": "LogFloats", "path": ["train", "epoch", "precision"], "values": [{"value": NaN, "step": null, "ts": 1665318319.9370124}]}, "version": 112}
{"obj": {"type": "LogFloats", "path": ["train", "epoch", "recall"], "values": [{"value": 0.0, "step": null, "ts": 1665318319.9370751}]}, "version": 113}
{"obj": {"type": "LogFloats", "path": ["train", "epoch", "loss_tot"], "values": [{"value": 0.34213346242904663, "step": null, "ts": 1665318320.046895}]}, "version": 114}
{"obj": {"type": "LogFloats", "path": ["train", "epoch", "precision"], "values": [{"value": NaN, "step": null, "ts": 1665318320.0470488}]}, "version": 115}
{"obj": {"type": "LogFloats", "path": ["train", "epoch", "recall"], "values": [{"value": 0.0, "step": null, "ts": 1665318320.047117}]}, "version": 116}
{"obj": {"type": "LogFloats", "path": ["train", "epoch", "loss_tot"], "values": [{"value": 0.9462072849273682, "step": null, "ts": 1665318320.1556778}]}, "version": 117}
{"obj": {"type": "LogFloats", "path": ["train", "epoch", "precision"], "values": [{"value": NaN, "step": null, "ts": 1665318320.1558485}]}, "version": 118}
{"obj": {"type": "LogFloats", "path": ["train", "epoch", "recall"], "values": [{"value": 0.0, "step": null, "ts": 1665318320.1559181}]}, "version": 119}
{"obj": {"type": "LogFloats", "path": ["train", "epoch", "loss_tot"], "values": [{"value": 0.6451756954193115, "step": null, "ts": 1665318320.2643726}]}, "version": 120}
{"obj": {"type": "LogFloats", "path": ["train", "epoch", "precision"], "values": [{"value": NaN, "step": null, "ts": 1665318320.2646418}]}, "version": 121}
{"obj": {"type": "LogFloats", "path": ["train", "epoch", "recall"], "values": [{"value": 0.0, "step": null, "ts": 1665318320.2647295}]}, "version": 122}
{"obj": {"type": "LogFloats", "path": ["train", "epoch", "loss_tot"], "values": [{"value": 0.706631064414978, "step": null, "ts": 1665318320.3803108}]}, "version": 123}
{"obj": {"type": "LogFloats", "path": ["train", "epoch", "precision"], "values": [{"value": NaN, "step": null, "ts": 1665318320.3806496}]}, "version": 124}
{"obj": {"type": "LogFloats", "path": ["train", "epoch", "recall"], "values": [{"value": 0.0, "step": null, "ts": 1665318320.3807936}]}, "version": 125}
{"obj": {"type": "LogStrings", "path": ["monitoring", "stderr"], "values": [{"value": "Error occurred during asynchronous operation processing: Cannot log infinite or NaN value to attribute train/epoch/recall\n", "step": null, "ts": 1665318322.0728734}]}, "version": 126}
{"obj": {"type": "LogStrings", "path": ["monitoring", "stderr"], "values": [{"value": "Error occurred during asynchronous operation processing: Cannot log infinite or NaN value to attribute train/epoch/precision\n", "step": null, "ts": 1665318322.0733435}]}, "version": 127}
{"obj": {"type": "LogFloats", "path": ["train", "epoch", "loss_tot"], "values": [{"value": 0.32007771730422974, "step": null, "ts": 1665318323.6609511}]}, "version": 128}
{"obj": {"type": "LogFloats", "path": ["train", "epoch", "precision"], "values": [{"value": NaN, "step": null, "ts": 1665318323.661118}]}, "version": 129}
{"obj": {"type": "LogFloats", "path": ["train", "epoch", "recall"], "values": [{"value": 0.0, "step": null, "ts": 1665318323.6611907}]}, "version": 130}
{"obj": {"type": "LogFloats", "path": ["monitoring", "cpu"], "values": [{"value": 13.6, "step": null, "ts": 1665318326.5052705}]}, "version": 131}
{"obj": {"type": "LogFloats", "path": ["monitoring", "memory"], "values": [{"value": 9.246997833251953, "step": null, "ts": 1665318326.5052705}]}, "version": 132}
{"obj": {"type": "LogFloats", "path": ["monitoring", "gpu"], "values": [{"value": 33.0, "step": null, "ts": 1665318326.5052705}]}, "version": 133}
{"obj": {"type": "LogFloats", "path": ["monitoring", "gpu_memory"], "values": [{"value": 6.48175048828125, "step": null, "ts": 1665318326.5052705}]}, "version": 134}
{"obj": {"type": "LogFloats", "path": ["train", "epoch", "loss_tot"], "values": [{"value": 0.5588524341583252, "step": null, "ts": 1665318326.5133266}]}, "version": 135}
{"obj": {"type": "LogFloats", "path": ["train", "epoch", "precision"], "values": [{"value": NaN, "step": null, "ts": 1665318326.513406}]}, "version": 136}
{"obj": {"type": "LogFloats", "path": ["train", "epoch", "recall"], "values": [{"value": 0.0, "step": null, "ts": 1665318326.5134628}]}, "version": 137}
{"obj": {"type": "LogFloats", "path": ["train", "epoch", "loss_tot"], "values": [{"value": 0.7936882376670837, "step": null, "ts": 1665318326.627093}]}, "version": 138}
{"obj": {"type": "LogFloats", "path": ["train", "epoch", "precision"], "values": [{"value": NaN, "step": null, "ts": 1665318326.6273303}]}, "version": 139}
{"obj": {"type": "LogFloats", "path": ["train", "epoch", "recall"], "values": [{"value": 0.0, "step": null, "ts": 1665318326.627421}]}, "version": 140}
{"obj": {"type": "LogStrings", "path": ["monitoring", "stderr"], "values": [{"value": "Error occurred during asynchronous operation processing: Cannot log infinite or NaN value to attribute train/epoch/precision\n", "step": null, "ts": 1665318327.1771703}]}, "version": 141}
{"obj": {"type": "LogFloats", "path": ["monitoring", "cpu"], "values": [{"value": 9.9, "step": null, "ts": 1665318336.5064328}]}, "version": 142}
{"obj": {"type": "LogFloats", "path": ["monitoring", "memory"], "values": [{"value": 10.289608001708984, "step": null, "ts": 1665318336.5064328}]}, "version": 143}
{"obj": {"type": "LogFloats", "path": ["monitoring", "gpu_memory"], "values": [{"value": 6.48175048828125, "step": null, "ts": 1665318336.5064328}]}, "version": 144}
{"obj": {"type": "LogFloats", "path": ["monitoring", "cpu"], "values": [{"value": 0.6, "step": null, "ts": 1665318346.507797}]}, "version": 145}
{"obj": {"type": "LogFloats", "path": ["monitoring", "memory"], "values": [{"value": 10.433025360107422, "step": null, "ts": 1665318346.507797}]}, "version": 146}
{"obj": {"type": "LogFloats", "path": ["monitoring", "gpu_memory"], "values": [{"value": 6.48175048828125, "step": null, "ts": 1665318346.507797}]}, "version": 147}
{"obj": {"type": "LogFloats", "path": ["monitoring", "memory"], "values": [{"value": 10.432994842529297, "step": null, "ts": 1665318356.5102112}]}, "version": 148}
{"obj": {"type": "LogFloats", "path": ["monitoring", "gpu_memory"], "values": [{"value": 6.48175048828125, "step": null, "ts": 1665318356.5102112}]}, "version": 149}
{"obj": {"type": "LogFloats", "path": ["monitoring", "memory"], "values": [{"value": 10.432975769042969, "step": null, "ts": 1665318366.5123522}]}, "version": 150}
{"obj": {"type": "LogFloats", "path": ["monitoring", "gpu_memory"], "values": [{"value": 6.48175048828125, "step": null, "ts": 1665318366.5123522}]}, "version": 151}
{"obj": {"type": "LogFloats", "path": ["monitoring", "memory"], "values": [{"value": 10.432964324951172, "step": null, "ts": 1665318376.5145607}]}, "version": 152}
{"obj": {"type": "LogFloats", "path": ["monitoring", "gpu_memory"], "values": [{"value": 6.48175048828125, "step": null, "ts": 1665318376.5145607}]}, "version": 153}
{"obj": {"type": "LogFloats", "path": ["monitoring", "memory"], "values": [{"value": 10.434005737304688, "step": null, "ts": 1665318386.5168095}]}, "version": 154}
{"obj": {"type": "LogFloats", "path": ["monitoring", "gpu_memory"], "values": [{"value": 6.48175048828125, "step": null, "ts": 1665318386.5168095}]}, "version": 155}
{"obj": {"type": "LogFloats", "path": ["monitoring", "cpu"], "values": [{"value": 0.1, "step": null, "ts": 1665318396.518962}]}, "version": 156}
{"obj": {"type": "LogFloats", "path": ["monitoring", "memory"], "values": [{"value": 10.43533706665039, "step": null, "ts": 1665318396.518962}]}, "version": 157}
{"obj": {"type": "LogFloats", "path": ["monitoring", "gpu_memory"], "values": [{"value": 6.48175048828125, "step": null, "ts": 1665318396.518962}]}, "version": 158}
{"obj": {"type": "LogFloats", "path": ["monitoring", "cpu"], "values": [{"value": 0.1, "step": null, "ts": 1665318406.521479}]}, "version": 159}
{"obj": {"type": "LogFloats", "path": ["monitoring", "memory"], "values": [{"value": 10.43509292602539, "step": null, "ts": 1665318406.521479}]}, "version": 160}
{"obj": {"type": "LogFloats", "path": ["monitoring", "gpu_memory"], "values": [{"value": 6.48175048828125, "step": null, "ts": 1665318406.521479}]}, "version": 161}
{"obj": {"type": "LogFloats", "path": ["monitoring", "memory"], "values": [{"value": 10.43496322631836, "step": null, "ts": 1665318416.523886}]}, "version": 162}
{"obj": {"type": "LogFloats", "path": ["monitoring", "gpu_memory"], "values": [{"value": 6.48175048828125, "step": null, "ts": 1665318416.523886}]}, "version": 163}
{"obj": {"type": "LogFloats", "path": ["monitoring", "cpu"], "values": [{"value": 0.4, "step": null, "ts": 1665318426.526012}]}, "version": 164}
{"obj": {"type": "LogFloats", "path": ["monitoring", "memory"], "values": [{"value": 9.067520141601562, "step": null, "ts": 1665318426.526012}]}, "version": 165}
{"obj": {"type": "LogFloats", "path": ["monitoring", "gpu_memory"], "values": [{"value": 6.48175048828125, "step": null, "ts": 1665318426.526012}]}, "version": 166}
{"obj": {"type": "LogStrings", "path": ["monitoring", "stdout"], "values": [{"value": "b'Shutting down background jobs, please wait a moment...\\n'", "step": null, "ts": 1665318426.5935411}]}, "version": 167}
