stitching patches together and creating heatmap...
stitching patches together and creating heatmap...
stitching patches together and creating heatmap...
stitching patches together and creating heatmap...
stitching patches together and creating heatmap...
stitching patches together and creating heatmap...
stitching patches together and creating heatmap...
stitching patches together and creating heatmap...
stitching patches together and creating heatmap...
stitching patches together and creating heatmap...
stitching patches together and creating heatmap...
stitching patches together and creating heatmap...
stitching patches together and creating heatmap...
stitching patches together and creating heatmap...
stitching patches together and creating heatmap...
Traceback (most recent call last):
  File "create_segmentation_map.py", line 47, in <module>
    preds = np.squeeze(np.load(path_pf))
  File "/home/ahabis/.local/lib/python3.8/site-packages/numpy/lib/npyio.py", line 405, in load
    fid = stack.enter_context(open(os_fspath(file), "rb"))
FileNotFoundError: [Errno 2] No such file or directory: '/home/ahabis/sshfs_zeus/CAMELYON/features_predictions/test_029/predictions_correction.npy'
stitching patches together and creating heatmap...
stitching patches together and creating heatmap...
stitching patches together and creating heatmap...
stitching patches together and creating heatmap...
stitching patches together and creating heatmap...
stitching patches together and creating heatmap...
stitching patches together and creating heatmap...
stitching patches together and creating heatmap...
stitching patches together and creating heatmap...
stitching patches together and creating heatmap...
stitching patches together and creating heatmap...
stitching patches together and creating heatmap...
stitching patches together and creating heatmap...
stitching patches together and creating heatmap...
stitching patches together and creating heatmap...
stitching patches together and creating heatmap...
stitching patches together and creating heatmap...
stitching patches together and creating heatmap...
stitching patches together and creating heatmap...
stitching patches together and creating heatmap...
stitching patches together and creating heatmap...
stitching patches together and creating heatmap...
stitching patches together and creating heatmap...
stitching patches together and creating heatmap...
stitching patches together and creating heatmap...
stitching patches together and creating heatmap...
stitching patches together and creating heatmap...
stitching patches together and creating heatmap...
stitching patches together and creating heatmap...
stitching patches together and creating heatmap...
stitching patches together and creating heatmap...
stitching patches together and creating heatmap...
stitching patches together and creating heatmap...
stitching patches together and creating heatmap...
stitching patches together and creating heatmap...
stitching patches together and creating heatmap...
stitching patches together and creating heatmap...
stitching patches together and creating heatmap...
stitching patches together and creating heatmap...
stitching patches together and creating heatmap...
stitching patches together and creating heatmap...
stitching patches together and creating heatmap...
stitching patches together and creating heatmap...
stitching patches together and creating heatmap...
stitching patches together and creating heatmap...
stitching patches together and creating heatmap...
stitching patches together and creating heatmap...
stitching patches together and creating heatmap...
Image W:23424/H:53376
Insert 31397 images patches
Insert 2000/31397 images patches
Insert 4000/31397 images patches
Insert 6000/31397 images patches
Insert 8000/31397 images patches
Insert 10000/31397 images patches
Insert 12000/31397 images patches
Insert 14000/31397 images patches
Insert 16000/31397 images patches
Insert 18000/31397 images patches
Insert 20000/31397 images patches
Insert 22000/31397 images patches
Insert 24000/31397 images patches
Insert 26000/31397 images patches
Insert 28000/31397 images patches
Insert 30000/31397 images patches
