{"obj": {"type": "AssignString", "path": ["sys", "name"], "value": "Untitled"}, "version": 1}
{"obj": {"type": "AssignString", "path": ["sys", "description"], "value": ""}, "version": 2}
{"obj": {"type": "AssignString", "path": ["sys", "hostname"], "value": "dell1"}, "version": 3}
{"obj": {"type": "AssignBool", "path": ["sys", "failed"], "value": false}, "version": 4}
{"obj": {"type": "ClearStringLog", "path": ["monitoring", "stdout"]}, "version": 5}
{"obj": {"type": "ClearStringLog", "path": ["monitoring", "stderr"]}, "version": 6}
{"obj": {"type": "ConfigFloatSeries", "path": ["monitoring", "cpu"], "min": 0.0, "max": 100.0, "unit": "%"}, "version": 7}
{"obj": {"type": "ClearFloatLog", "path": ["monitoring", "cpu"]}, "version": 8}
{"obj": {"type": "ConfigFloatSeries", "path": ["monitoring", "memory"], "min": 0.0, "max": 125.54232025146484, "unit": "GB"}, "version": 9}
{"obj": {"type": "ClearFloatLog", "path": ["monitoring", "memory"]}, "version": 10}
{"obj": {"type": "ConfigFloatSeries", "path": ["monitoring", "gpu"], "min": 0.0, "max": 100.0, "unit": "%"}, "version": 11}
{"obj": {"type": "ClearFloatLog", "path": ["monitoring", "gpu"]}, "version": 12}
{"obj": {"type": "ConfigFloatSeries", "path": ["monitoring", "gpu_memory"], "min": 0.0, "max": 23.6912841796875, "unit": "GB"}, "version": 13}
{"obj": {"type": "ClearFloatLog", "path": ["monitoring", "gpu_memory"]}, "version": 14}
{"obj": {"type": "LogStrings", "path": ["monitoring", "stdout"], "values": [{"value": "b''", "step": null, "ts": 1665503114.6003242}]}, "version": 15}
{"obj": {"type": "LogStrings", "path": ["monitoring", "stdout"], "values": [{"value": "b'Remember to stop your run once you\\xe2\\x80\\x99ve finished logging your metadata (https://docs.neptune.ai/api-reference/run#.stop). It will be stopped automatically only when the notebook kernel/interactive console is terminated.\\n'", "step": null, "ts": 1665503114.601953}]}, "version": 16}
{"obj": {"type": "LogFloats", "path": ["monitoring", "cpu"], "values": [{"value": 15.1, "step": null, "ts": 1665503114.5934207}]}, "version": 17}
{"obj": {"type": "LogFloats", "path": ["monitoring", "memory"], "values": [{"value": 2.4186439514160156, "step": null, "ts": 1665503114.5934207}]}, "version": 18}
{"obj": {"type": "LogFloats", "path": ["monitoring", "gpu_memory"], "values": [{"value": 0.01739501953125, "step": null, "ts": 1665503114.5934207}]}, "version": 19}
{"obj": {"type": "AssignString", "path": ["config", "optimizer"], "value": "Adam (\nParameter Group 0\n    amsgrad: False\n    betas: (0.9, 0.999)\n    eps: 1e-08\n    initial_lr: 0.001\n    lr: 0.001\n    weight_decay: 0\n)"}, "version": 20}
{"obj": {"type": "LogFloats", "path": ["monitoring", "cpu"], "values": [{"value": 36.2, "step": null, "ts": 1665503124.6062546}]}, "version": 21}
{"obj": {"type": "LogFloats", "path": ["monitoring", "memory"], "values": [{"value": 7.9443359375, "step": null, "ts": 1665503124.6062546}]}, "version": 22}
{"obj": {"type": "LogFloats", "path": ["monitoring", "gpu_memory"], "values": [{"value": 2.27276611328125, "step": null, "ts": 1665503124.6062546}]}, "version": 23}
{"obj": {"type": "LogFloats", "path": ["monitoring", "cpu"], "values": [{"value": 73.8, "step": null, "ts": 1665503134.6077151}]}, "version": 24}
{"obj": {"type": "LogFloats", "path": ["monitoring", "memory"], "values": [{"value": 8.727531433105469, "step": null, "ts": 1665503134.6077151}]}, "version": 25}
{"obj": {"type": "LogFloats", "path": ["monitoring", "gpu_memory"], "values": [{"value": 2.27276611328125, "step": null, "ts": 1665503134.6077151}]}, "version": 26}
{"obj": {"type": "LogFloats", "path": ["monitoring", "cpu"], "values": [{"value": 58.9, "step": null, "ts": 1665503144.6088064}]}, "version": 27}
{"obj": {"type": "LogFloats", "path": ["monitoring", "memory"], "values": [{"value": 9.348579406738281, "step": null, "ts": 1665503144.6088064}]}, "version": 28}
{"obj": {"type": "LogFloats", "path": ["monitoring", "gpu_memory"], "values": [{"value": 2.27276611328125, "step": null, "ts": 1665503144.6088064}]}, "version": 29}
{"obj": {"type": "LogFloats", "path": ["monitoring", "cpu"], "values": [{"value": 61.5, "step": null, "ts": 1665503154.6096718}]}, "version": 30}
{"obj": {"type": "LogFloats", "path": ["monitoring", "memory"], "values": [{"value": 9.901203155517578, "step": null, "ts": 1665503154.6096718}]}, "version": 31}
{"obj": {"type": "LogFloats", "path": ["monitoring", "gpu_memory"], "values": [{"value": 2.27276611328125, "step": null, "ts": 1665503154.6096718}]}, "version": 32}
{"obj": {"type": "LogFloats", "path": ["monitoring", "cpu"], "values": [{"value": 57.9, "step": null, "ts": 1665503164.6109002}]}, "version": 33}
{"obj": {"type": "LogFloats", "path": ["monitoring", "memory"], "values": [{"value": 10.395072937011719, "step": null, "ts": 1665503164.6109002}]}, "version": 34}
{"obj": {"type": "LogFloats", "path": ["monitoring", "gpu_memory"], "values": [{"value": 2.27276611328125, "step": null, "ts": 1665503164.6109002}]}, "version": 35}
{"obj": {"type": "LogFloats", "path": ["monitoring", "cpu"], "values": [{"value": 52.9, "step": null, "ts": 1665503174.612999}]}, "version": 36}
{"obj": {"type": "LogFloats", "path": ["monitoring", "memory"], "values": [{"value": 10.914257049560547, "step": null, "ts": 1665503174.612999}]}, "version": 37}
{"obj": {"type": "LogFloats", "path": ["monitoring", "gpu_memory"], "values": [{"value": 2.27276611328125, "step": null, "ts": 1665503174.612999}]}, "version": 38}
{"obj": {"type": "LogFloats", "path": ["monitoring", "cpu"], "values": [{"value": 54.1, "step": null, "ts": 1665503184.614278}]}, "version": 39}
{"obj": {"type": "LogFloats", "path": ["monitoring", "memory"], "values": [{"value": 11.401252746582031, "step": null, "ts": 1665503184.614278}]}, "version": 40}
{"obj": {"type": "LogFloats", "path": ["monitoring", "gpu_memory"], "values": [{"value": 2.27276611328125, "step": null, "ts": 1665503184.614278}]}, "version": 41}
{"obj": {"type": "LogFloats", "path": ["monitoring", "cpu"], "values": [{"value": 53.1, "step": null, "ts": 1665503194.6164885}]}, "version": 42}
{"obj": {"type": "LogFloats", "path": ["monitoring", "memory"], "values": [{"value": 11.860618591308594, "step": null, "ts": 1665503194.6164885}]}, "version": 43}
{"obj": {"type": "LogFloats", "path": ["monitoring", "gpu_memory"], "values": [{"value": 2.27276611328125, "step": null, "ts": 1665503194.6164885}]}, "version": 44}
{"obj": {"type": "LogFloats", "path": ["monitoring", "cpu"], "values": [{"value": 58.6, "step": null, "ts": 1665503204.618695}]}, "version": 45}
{"obj": {"type": "LogFloats", "path": ["monitoring", "memory"], "values": [{"value": 12.344322204589844, "step": null, "ts": 1665503204.618695}]}, "version": 46}
{"obj": {"type": "LogFloats", "path": ["monitoring", "gpu_memory"], "values": [{"value": 2.27276611328125, "step": null, "ts": 1665503204.618695}]}, "version": 47}
{"obj": {"type": "LogFloats", "path": ["monitoring", "cpu"], "values": [{"value": 54.4, "step": null, "ts": 1665503214.6209726}]}, "version": 48}
{"obj": {"type": "LogFloats", "path": ["monitoring", "memory"], "values": [{"value": 12.77139663696289, "step": null, "ts": 1665503214.6209726}]}, "version": 49}
{"obj": {"type": "LogFloats", "path": ["monitoring", "gpu_memory"], "values": [{"value": 2.27276611328125, "step": null, "ts": 1665503214.6209726}]}, "version": 50}
{"obj": {"type": "LogFloats", "path": ["monitoring", "cpu"], "values": [{"value": 50.2, "step": null, "ts": 1665503224.6220806}]}, "version": 51}
{"obj": {"type": "LogFloats", "path": ["monitoring", "memory"], "values": [{"value": 13.20700454711914, "step": null, "ts": 1665503224.6220806}]}, "version": 52}
{"obj": {"type": "LogFloats", "path": ["monitoring", "gpu_memory"], "values": [{"value": 2.27276611328125, "step": null, "ts": 1665503224.6220806}]}, "version": 53}
{"obj": {"type": "LogFloats", "path": ["monitoring", "cpu"], "values": [{"value": 52.0, "step": null, "ts": 1665503234.6233907}]}, "version": 54}
{"obj": {"type": "LogFloats", "path": ["monitoring", "memory"], "values": [{"value": 13.611770629882812, "step": null, "ts": 1665503234.6233907}]}, "version": 55}
{"obj": {"type": "LogFloats", "path": ["monitoring", "gpu_memory"], "values": [{"value": 2.27276611328125, "step": null, "ts": 1665503234.6233907}]}, "version": 56}
{"obj": {"type": "LogFloats", "path": ["monitoring", "cpu"], "values": [{"value": 40.6, "step": null, "ts": 1665503244.625482}]}, "version": 57}
{"obj": {"type": "LogFloats", "path": ["monitoring", "memory"], "values": [{"value": 13.941936492919922, "step": null, "ts": 1665503244.625482}]}, "version": 58}
{"obj": {"type": "LogFloats", "path": ["monitoring", "gpu_memory"], "values": [{"value": 2.27276611328125, "step": null, "ts": 1665503244.625482}]}, "version": 59}
{"obj": {"type": "LogFloats", "path": ["monitoring", "cpu"], "values": [{"value": 50.9, "step": null, "ts": 1665503254.62762}]}, "version": 60}
{"obj": {"type": "LogFloats", "path": ["monitoring", "memory"], "values": [{"value": 14.617179870605469, "step": null, "ts": 1665503254.62762}]}, "version": 61}
{"obj": {"type": "LogFloats", "path": ["monitoring", "gpu_memory"], "values": [{"value": 2.27276611328125, "step": null, "ts": 1665503254.62762}]}, "version": 62}
{"obj": {"type": "LogFloats", "path": ["monitoring", "cpu"], "values": [{"value": 59.3, "step": null, "ts": 1665503264.6287334}]}, "version": 63}
{"obj": {"type": "LogFloats", "path": ["monitoring", "memory"], "values": [{"value": 7.5107574462890625, "step": null, "ts": 1665503264.6287334}]}, "version": 64}
{"obj": {"type": "LogFloats", "path": ["monitoring", "gpu_memory"], "values": [{"value": 23.61456298828125, "step": null, "ts": 1665503264.6287334}]}, "version": 65}
{"obj": {"type": "LogFloats", "path": ["monitoring", "cpu"], "values": [{"value": 4.2, "step": null, "ts": 1665503274.6299522}]}, "version": 66}
{"obj": {"type": "LogFloats", "path": ["monitoring", "memory"], "values": [{"value": 6.7865447998046875, "step": null, "ts": 1665503274.6299522}]}, "version": 67}
{"obj": {"type": "LogFloats", "path": ["monitoring", "gpu_memory"], "values": [{"value": 23.61456298828125, "step": null, "ts": 1665503274.6299522}]}, "version": 68}
{"obj": {"type": "LogFloats", "path": ["monitoring", "cpu"], "values": [{"value": 0.7, "step": null, "ts": 1665503284.6324573}]}, "version": 69}
{"obj": {"type": "LogFloats", "path": ["monitoring", "memory"], "values": [{"value": 6.7840423583984375, "step": null, "ts": 1665503284.6324573}]}, "version": 70}
{"obj": {"type": "LogFloats", "path": ["monitoring", "gpu_memory"], "values": [{"value": 23.61456298828125, "step": null, "ts": 1665503284.6324573}]}, "version": 71}
{"obj": {"type": "LogFloats", "path": ["monitoring", "cpu"], "values": [{"value": 0.7, "step": null, "ts": 1665503294.634955}]}, "version": 72}
{"obj": {"type": "LogFloats", "path": ["monitoring", "memory"], "values": [{"value": 6.785747528076172, "step": null, "ts": 1665503294.634955}]}, "version": 73}
{"obj": {"type": "LogFloats", "path": ["monitoring", "gpu_memory"], "values": [{"value": 23.61456298828125, "step": null, "ts": 1665503294.634955}]}, "version": 74}
{"obj": {"type": "LogStrings", "path": ["monitoring", "stdout"], "values": [{"value": "b'Shutting down background jobs, please wait a moment...\\n'", "step": null, "ts": 1665503302.469885}]}, "version": 75}
