{"obj": {"type": "AssignString", "path": ["sys", "name"], "value": "Untitled"}, "version": 1}
{"obj": {"type": "AssignString", "path": ["sys", "description"], "value": ""}, "version": 2}
{"obj": {"type": "AssignString", "path": ["sys", "hostname"], "value": "dell1"}, "version": 3}
{"obj": {"type": "AssignBool", "path": ["sys", "failed"], "value": false}, "version": 4}
{"obj": {"type": "ClearStringLog", "path": ["monitoring", "stdout"]}, "version": 5}
{"obj": {"type": "ClearStringLog", "path": ["monitoring", "stderr"]}, "version": 6}
{"obj": {"type": "ConfigFloatSeries", "path": ["monitoring", "cpu"], "min": 0.0, "max": 100.0, "unit": "%"}, "version": 7}
{"obj": {"type": "ClearFloatLog", "path": ["monitoring", "cpu"]}, "version": 8}
{"obj": {"type": "ConfigFloatSeries", "path": ["monitoring", "memory"], "min": 0.0, "max": 125.54232025146484, "unit": "GB"}, "version": 9}
{"obj": {"type": "ClearFloatLog", "path": ["monitoring", "memory"]}, "version": 10}
{"obj": {"type": "ConfigFloatSeries", "path": ["monitoring", "gpu"], "min": 0.0, "max": 100.0, "unit": "%"}, "version": 11}
{"obj": {"type": "ClearFloatLog", "path": ["monitoring", "gpu"]}, "version": 12}
{"obj": {"type": "ConfigFloatSeries", "path": ["monitoring", "gpu_memory"], "min": 0.0, "max": 23.6912841796875, "unit": "GB"}, "version": 13}
{"obj": {"type": "ClearFloatLog", "path": ["monitoring", "gpu_memory"]}, "version": 14}
{"obj": {"type": "LogStrings", "path": ["monitoring", "stdout"], "values": [{"value": "b''", "step": null, "ts": 1665856902.818781}]}, "version": 15}
{"obj": {"type": "LogStrings", "path": ["monitoring", "stdout"], "values": [{"value": "b'Remember to stop your run once you\\xe2\\x80\\x99ve finished logging your metadata (https://docs.neptune.ai/api-reference/run#.stop). It will be stopped automatically only when the notebook kernel/interactive console is terminated.\\n'", "step": null, "ts": 1665856902.819812}]}, "version": 16}
{"obj": {"type": "AssignString", "path": ["config", "optimizer"], "value": "Adam (\nParameter Group 0\n    amsgrad: False\n    betas: (0.9, 0.999)\n    eps: 1e-08\n    initial_lr: 0.0001\n    lr: 0.0001\n    weight_decay: 0\n)"}, "version": 17}
{"obj": {"type": "LogFloats", "path": ["monitoring", "cpu"], "values": [{"value": 0.1, "step": null, "ts": 1665856902.810472}]}, "version": 18}
{"obj": {"type": "LogFloats", "path": ["monitoring", "memory"], "values": [{"value": 6.652557373046875, "step": null, "ts": 1665856902.810472}]}, "version": 19}
{"obj": {"type": "LogFloats", "path": ["monitoring", "gpu_memory"], "values": [{"value": 4.88800048828125, "step": null, "ts": 1665856902.810472}]}, "version": 20}
{"obj": {"type": "LogFloats", "path": ["train", "epoch", "loss_tot"], "values": [{"value": 0.1841888725757599, "step": null, "ts": 1665856907.651628}]}, "version": 21}
{"obj": {"type": "LogFloats", "path": ["train", "epoch", "precision"], "values": [{"value": 0.6666666865348816, "step": null, "ts": 1665856907.652411}]}, "version": 22}
{"obj": {"type": "LogFloats", "path": ["train", "epoch", "recall"], "values": [{"value": 1.0, "step": null, "ts": 1665856907.6526542}]}, "version": 23}
{"obj": {"type": "LogFloats", "path": ["train", "epoch", "loss_tot"], "values": [{"value": 0.18126367032527924, "step": null, "ts": 1665856908.0951962}]}, "version": 24}
{"obj": {"type": "LogFloats", "path": ["train", "epoch", "precision"], "values": [{"value": 0.8333333134651184, "step": null, "ts": 1665856908.0959647}]}, "version": 25}
{"obj": {"type": "LogFloats", "path": ["train", "epoch", "recall"], "values": [{"value": 0.9090909361839294, "step": null, "ts": 1665856908.0966604}]}, "version": 26}
{"obj": {"type": "LogFloats", "path": ["train", "epoch", "loss_tot"], "values": [{"value": 0.24210238456726074, "step": null, "ts": 1665856908.6080518}]}, "version": 27}
{"obj": {"type": "LogFloats", "path": ["train", "epoch", "precision"], "values": [{"value": 0.8181818127632141, "step": null, "ts": 1665856908.608238}]}, "version": 28}
{"obj": {"type": "LogFloats", "path": ["train", "epoch", "recall"], "values": [{"value": 0.8999999761581421, "step": null, "ts": 1665856908.6083145}]}, "version": 29}
{"obj": {"type": "LogFloats", "path": ["train", "epoch", "loss_tot"], "values": [{"value": 0.21470500528812408, "step": null, "ts": 1665856909.0230577}]}, "version": 30}
{"obj": {"type": "LogFloats", "path": ["train", "epoch", "precision"], "values": [{"value": 0.699999988079071, "step": null, "ts": 1665856909.0232506}]}, "version": 31}
{"obj": {"type": "LogFloats", "path": ["train", "epoch", "recall"], "values": [{"value": 1.0, "step": null, "ts": 1665856909.0233288}]}, "version": 32}
{"obj": {"type": "LogFloats", "path": ["train", "epoch", "loss_tot"], "values": [{"value": 0.09275394678115845, "step": null, "ts": 1665856909.426227}]}, "version": 33}
{"obj": {"type": "LogFloats", "path": ["train", "epoch", "precision"], "values": [{"value": 1.0, "step": null, "ts": 1665856909.4264033}]}, "version": 34}
{"obj": {"type": "LogFloats", "path": ["train", "epoch", "recall"], "values": [{"value": 0.8888888955116272, "step": null, "ts": 1665856909.4264743}]}, "version": 35}
{"obj": {"type": "LogFloats", "path": ["train", "epoch", "loss_tot"], "values": [{"value": 0.14169195294380188, "step": null, "ts": 1665856909.8292234}]}, "version": 36}
{"obj": {"type": "LogFloats", "path": ["train", "epoch", "precision"], "values": [{"value": 0.800000011920929, "step": null, "ts": 1665856909.8294036}]}, "version": 37}
{"obj": {"type": "LogFloats", "path": ["train", "epoch", "recall"], "values": [{"value": 0.8888888955116272, "step": null, "ts": 1665856909.8294742}]}, "version": 38}
{"obj": {"type": "LogFloats", "path": ["train", "epoch", "loss_tot"], "values": [{"value": 0.17708168923854828, "step": null, "ts": 1665856910.229627}]}, "version": 39}
{"obj": {"type": "LogFloats", "path": ["train", "epoch", "precision"], "values": [{"value": 0.75, "step": null, "ts": 1665856910.2298098}]}, "version": 40}
{"obj": {"type": "LogFloats", "path": ["train", "epoch", "recall"], "values": [{"value": 1.0, "step": null, "ts": 1665856910.2791517}]}, "version": 41}
{"obj": {"type": "LogFloats", "path": ["train", "epoch", "loss_tot"], "values": [{"value": 0.12590070068836212, "step": null, "ts": 1665856910.680657}]}, "version": 42}
{"obj": {"type": "LogFloats", "path": ["train", "epoch", "precision"], "values": [{"value": 1.0, "step": null, "ts": 1665856910.6808374}]}, "version": 43}
{"obj": {"type": "LogFloats", "path": ["train", "epoch", "recall"], "values": [{"value": 0.7142857313156128, "step": null, "ts": 1665856910.6809099}]}, "version": 44}
{"obj": {"type": "LogFloats", "path": ["train", "epoch", "loss_tot"], "values": [{"value": 0.2752576172351837, "step": null, "ts": 1665856911.0830786}]}, "version": 45}
{"obj": {"type": "LogFloats", "path": ["train", "epoch", "precision"], "values": [{"value": 0.6666666865348816, "step": null, "ts": 1665856911.083274}]}, "version": 46}
{"obj": {"type": "LogFloats", "path": ["train", "epoch", "recall"], "values": [{"value": 1.0, "step": null, "ts": 1665856911.083351}]}, "version": 47}
{"obj": {"type": "LogFloats", "path": ["train", "epoch", "loss_tot"], "values": [{"value": 0.2263643741607666, "step": null, "ts": 1665856911.4834309}]}, "version": 48}
{"obj": {"type": "LogFloats", "path": ["train", "epoch", "precision"], "values": [{"value": 0.8333333134651184, "step": null, "ts": 1665856911.4836128}]}, "version": 49}
{"obj": {"type": "LogFloats", "path": ["train", "epoch", "recall"], "values": [{"value": 1.0, "step": null, "ts": 1665856911.483684}]}, "version": 50}
{"obj": {"type": "LogFloats", "path": ["train", "epoch", "loss_tot"], "values": [{"value": 0.09068898856639862, "step": null, "ts": 1665856911.88412}]}, "version": 51}
{"obj": {"type": "LogFloats", "path": ["train", "epoch", "precision"], "values": [{"value": 1.0, "step": null, "ts": 1665856911.8843052}]}, "version": 52}
{"obj": {"type": "LogFloats", "path": ["train", "epoch", "recall"], "values": [{"value": 0.875, "step": null, "ts": 1665856911.8843796}]}, "version": 53}
{"obj": {"type": "LogFloats", "path": ["train", "epoch", "loss_tot"], "values": [{"value": 0.11923059821128845, "step": null, "ts": 1665856912.2877824}]}, "version": 54}
{"obj": {"type": "LogFloats", "path": ["train", "epoch", "precision"], "values": [{"value": 0.6666666865348816, "step": null, "ts": 1665856912.2879224}]}, "version": 55}
{"obj": {"type": "LogFloats", "path": ["train", "epoch", "recall"], "values": [{"value": 1.0, "step": null, "ts": 1665856912.287988}]}, "version": 56}
{"obj": {"type": "LogFloats", "path": ["train", "epoch", "loss_tot"], "values": [{"value": 0.38471952080726624, "step": null, "ts": 1665856912.6871383}]}, "version": 57}
{"obj": {"type": "LogFloats", "path": ["train", "epoch", "precision"], "values": [{"value": 0.7777777910232544, "step": null, "ts": 1665856912.6872673}]}, "version": 58}
{"obj": {"type": "LogFloats", "path": ["train", "epoch", "recall"], "values": [{"value": 0.699999988079071, "step": null, "ts": 1665856912.687329}]}, "version": 59}
{"obj": {"type": "LogFloats", "path": ["monitoring", "cpu"], "values": [{"value": 35.1, "step": null, "ts": 1665856912.824501}]}, "version": 60}
{"obj": {"type": "LogFloats", "path": ["monitoring", "memory"], "values": [{"value": 15.845783233642578, "step": null, "ts": 1665856912.824501}]}, "version": 61}
{"obj": {"type": "LogFloats", "path": ["monitoring", "gpu"], "values": [{"value": 88.0, "step": null, "ts": 1665856912.824501}]}, "version": 62}
{"obj": {"type": "LogFloats", "path": ["monitoring", "gpu_memory"], "values": [{"value": 18.79815673828125, "step": null, "ts": 1665856912.824501}]}, "version": 63}
{"obj": {"type": "LogFloats", "path": ["train", "epoch", "loss_tot"], "values": [{"value": 0.25307199358940125, "step": null, "ts": 1665856913.0866354}]}, "version": 64}
{"obj": {"type": "LogFloats", "path": ["train", "epoch", "precision"], "values": [{"value": 0.6666666865348816, "step": null, "ts": 1665856913.086826}]}, "version": 65}
{"obj": {"type": "LogFloats", "path": ["train", "epoch", "recall"], "values": [{"value": 1.0, "step": null, "ts": 1665856913.086899}]}, "version": 66}
{"obj": {"type": "LogFloats", "path": ["train", "epoch", "loss_tot"], "values": [{"value": 0.27281737327575684, "step": null, "ts": 1665856913.4866333}]}, "version": 67}
{"obj": {"type": "LogFloats", "path": ["train", "epoch", "precision"], "values": [{"value": 0.8181818127632141, "step": null, "ts": 1665856913.4868152}]}, "version": 68}
{"obj": {"type": "LogFloats", "path": ["train", "epoch", "recall"], "values": [{"value": 0.75, "step": null, "ts": 1665856913.4868848}]}, "version": 69}
{"obj": {"type": "LogFloats", "path": ["train", "epoch", "loss_tot"], "values": [{"value": 0.14800474047660828, "step": null, "ts": 1665856913.886268}]}, "version": 70}
{"obj": {"type": "LogFloats", "path": ["train", "epoch", "precision"], "values": [{"value": 0.9090909361839294, "step": null, "ts": 1665856913.8863933}]}, "version": 71}
{"obj": {"type": "LogFloats", "path": ["train", "epoch", "recall"], "values": [{"value": 1.0, "step": null, "ts": 1665856913.8864553}]}, "version": 72}
{"obj": {"type": "LogFloats", "path": ["train", "epoch", "loss_tot"], "values": [{"value": 0.10631437599658966, "step": null, "ts": 1665856914.2873921}]}, "version": 73}
{"obj": {"type": "LogFloats", "path": ["train", "epoch", "precision"], "values": [{"value": 0.875, "step": null, "ts": 1665856914.2875593}]}, "version": 74}
{"obj": {"type": "LogFloats", "path": ["train", "epoch", "recall"], "values": [{"value": 1.0, "step": null, "ts": 1665856914.2876296}]}, "version": 75}
{"obj": {"type": "LogFloats", "path": ["train", "epoch", "loss_tot"], "values": [{"value": 0.09595127403736115, "step": null, "ts": 1665856914.688924}]}, "version": 76}
{"obj": {"type": "LogFloats", "path": ["train", "epoch", "precision"], "values": [{"value": 1.0, "step": null, "ts": 1665856914.6890874}]}, "version": 77}
{"obj": {"type": "LogFloats", "path": ["train", "epoch", "recall"], "values": [{"value": 0.8571428656578064, "step": null, "ts": 1665856914.689165}]}, "version": 78}
{"obj": {"type": "LogFloats", "path": ["train", "epoch", "loss_tot"], "values": [{"value": 0.3653365969657898, "step": null, "ts": 1665856915.0875974}]}, "version": 79}
{"obj": {"type": "LogFloats", "path": ["train", "epoch", "precision"], "values": [{"value": 0.75, "step": null, "ts": 1665856915.0877795}]}, "version": 80}
{"obj": {"type": "LogFloats", "path": ["train", "epoch", "recall"], "values": [{"value": 0.6666666865348816, "step": null, "ts": 1665856915.087854}]}, "version": 81}
{"obj": {"type": "LogFloats", "path": ["train", "epoch", "loss_tot"], "values": [{"value": 0.277550607919693, "step": null, "ts": 1665856915.4916716}]}, "version": 82}
{"obj": {"type": "LogFloats", "path": ["train", "epoch", "precision"], "values": [{"value": 0.5555555820465088, "step": null, "ts": 1665856915.4918506}]}, "version": 83}
{"obj": {"type": "LogFloats", "path": ["train", "epoch", "recall"], "values": [{"value": 1.0, "step": null, "ts": 1665856915.4919205}]}, "version": 84}
{"obj": {"type": "LogFloats", "path": ["train", "epoch", "loss_tot"], "values": [{"value": 0.21593539416790009, "step": null, "ts": 1665856915.8923478}]}, "version": 85}
{"obj": {"type": "LogFloats", "path": ["train", "epoch", "precision"], "values": [{"value": 0.7777777910232544, "step": null, "ts": 1665856915.8925233}]}, "version": 86}
{"obj": {"type": "LogFloats", "path": ["train", "epoch", "recall"], "values": [{"value": 1.0, "step": null, "ts": 1665856915.892596}]}, "version": 87}
{"obj": {"type": "LogFloats", "path": ["train", "epoch", "loss_tot"], "values": [{"value": 0.09461855888366699, "step": null, "ts": 1665856916.2897477}]}, "version": 88}
{"obj": {"type": "LogFloats", "path": ["train", "epoch", "precision"], "values": [{"value": 0.8571428656578064, "step": null, "ts": 1665856916.2899153}]}, "version": 89}
{"obj": {"type": "LogFloats", "path": ["train", "epoch", "recall"], "values": [{"value": 1.0, "step": null, "ts": 1665856916.289983}]}, "version": 90}
{"obj": {"type": "LogFloats", "path": ["train", "epoch", "loss_tot"], "values": [{"value": 0.10298244655132294, "step": null, "ts": 1665856916.6874778}]}, "version": 91}
{"obj": {"type": "LogFloats", "path": ["train", "epoch", "precision"], "values": [{"value": 1.0, "step": null, "ts": 1665856916.687664}]}, "version": 92}
{"obj": {"type": "LogFloats", "path": ["train", "epoch", "recall"], "values": [{"value": 0.8333333134651184, "step": null, "ts": 1665856916.6877391}]}, "version": 93}
{"obj": {"type": "LogFloats", "path": ["train", "epoch", "loss_tot"], "values": [{"value": 0.3986091613769531, "step": null, "ts": 1665856917.0848439}]}, "version": 94}
{"obj": {"type": "LogFloats", "path": ["train", "epoch", "precision"], "values": [{"value": 0.6666666865348816, "step": null, "ts": 1665856917.0850286}]}, "version": 95}
{"obj": {"type": "LogFloats", "path": ["train", "epoch", "recall"], "values": [{"value": 0.5714285969734192, "step": null, "ts": 1665856917.0851111}]}, "version": 96}
{"obj": {"type": "LogFloats", "path": ["train", "epoch", "loss_tot"], "values": [{"value": 0.07852593809366226, "step": null, "ts": 1665856917.4846468}]}, "version": 97}
{"obj": {"type": "LogFloats", "path": ["train", "epoch", "precision"], "values": [{"value": 0.5, "step": null, "ts": 1665856917.4848297}]}, "version": 98}
{"obj": {"type": "LogFloats", "path": ["train", "epoch", "recall"], "values": [{"value": 1.0, "step": null, "ts": 1665856917.534724}]}, "version": 99}
{"obj": {"type": "LogFloats", "path": ["train", "epoch", "loss_tot"], "values": [{"value": 0.3560771048069, "step": null, "ts": 1665856917.9448788}]}, "version": 100}
{"obj": {"type": "LogFloats", "path": ["train", "epoch", "precision"], "values": [{"value": 0.7272727489471436, "step": null, "ts": 1665856917.9450507}]}, "version": 101}
{"obj": {"type": "LogFloats", "path": ["train", "epoch", "recall"], "values": [{"value": 0.8888888955116272, "step": null, "ts": 1665856917.9451246}]}, "version": 102}
{"obj": {"type": "LogFloats", "path": ["train", "epoch", "loss_tot"], "values": [{"value": 0.1978112757205963, "step": null, "ts": 1665856918.3456318}]}, "version": 103}
{"obj": {"type": "LogFloats", "path": ["train", "epoch", "precision"], "values": [{"value": 0.8571428656578064, "step": null, "ts": 1665856918.3458066}]}, "version": 104}
{"obj": {"type": "LogFloats", "path": ["train", "epoch", "recall"], "values": [{"value": 1.0, "step": null, "ts": 1665856918.3458786}]}, "version": 105}
{"obj": {"type": "LogFloats", "path": ["train", "epoch", "loss_tot"], "values": [{"value": 0.17472288012504578, "step": null, "ts": 1665856918.7452235}]}, "version": 106}
{"obj": {"type": "LogFloats", "path": ["train", "epoch", "precision"], "values": [{"value": 0.6666666865348816, "step": null, "ts": 1665856918.745368}]}, "version": 107}
{"obj": {"type": "LogFloats", "path": ["train", "epoch", "recall"], "values": [{"value": 1.0, "step": null, "ts": 1665856918.745432}]}, "version": 108}
{"obj": {"type": "LogFloats", "path": ["train", "epoch", "loss_tot"], "values": [{"value": 0.10423243045806885, "step": null, "ts": 1665856919.1429622}]}, "version": 109}
{"obj": {"type": "LogFloats", "path": ["train", "epoch", "precision"], "values": [{"value": 0.875, "step": null, "ts": 1665856919.1431367}]}, "version": 110}
{"obj": {"type": "LogFloats", "path": ["train", "epoch", "recall"], "values": [{"value": 0.875, "step": null, "ts": 1665856919.1432054}]}, "version": 111}
{"obj": {"type": "LogFloats", "path": ["train", "epoch", "loss_tot"], "values": [{"value": 0.08256101608276367, "step": null, "ts": 1665856919.542288}]}, "version": 112}
{"obj": {"type": "LogFloats", "path": ["train", "epoch", "precision"], "values": [{"value": 0.875, "step": null, "ts": 1665856919.5424426}]}, "version": 113}
{"obj": {"type": "LogFloats", "path": ["train", "epoch", "recall"], "values": [{"value": 1.0, "step": null, "ts": 1665856919.5425093}]}, "version": 114}
{"obj": {"type": "LogFloats", "path": ["train", "epoch", "loss_tot"], "values": [{"value": 0.33442312479019165, "step": null, "ts": 1665856919.9391332}]}, "version": 115}
{"obj": {"type": "LogFloats", "path": ["train", "epoch", "precision"], "values": [{"value": 0.699999988079071, "step": null, "ts": 1665856919.9393036}]}, "version": 116}
{"obj": {"type": "LogFloats", "path": ["train", "epoch", "recall"], "values": [{"value": 0.875, "step": null, "ts": 1665856919.9393747}]}, "version": 117}
{"obj": {"type": "LogFloats", "path": ["train", "epoch", "loss_tot"], "values": [{"value": 0.14487533271312714, "step": null, "ts": 1665856920.3398843}]}, "version": 118}
{"obj": {"type": "LogFloats", "path": ["train", "epoch", "precision"], "values": [{"value": 0.875, "step": null, "ts": 1665856920.3400123}]}, "version": 119}
{"obj": {"type": "LogFloats", "path": ["train", "epoch", "recall"], "values": [{"value": 0.875, "step": null, "ts": 1665856920.3400762}]}, "version": 120}
{"obj": {"type": "LogFloats", "path": ["train", "epoch", "loss_tot"], "values": [{"value": 0.3135358393192291, "step": null, "ts": 1665856920.7375422}]}, "version": 121}
{"obj": {"type": "LogFloats", "path": ["train", "epoch", "precision"], "values": [{"value": 0.7142857313156128, "step": null, "ts": 1665856920.7377264}]}, "version": 122}
{"obj": {"type": "LogFloats", "path": ["train", "epoch", "recall"], "values": [{"value": 0.7142857313156128, "step": null, "ts": 1665856920.7377996}]}, "version": 123}
{"obj": {"type": "LogFloats", "path": ["train", "epoch", "loss_tot"], "values": [{"value": 0.05743090808391571, "step": null, "ts": 1665856921.1368399}]}, "version": 124}
{"obj": {"type": "LogFloats", "path": ["train", "epoch", "precision"], "values": [{"value": 1.0, "step": null, "ts": 1665856921.136971}]}, "version": 125}
{"obj": {"type": "LogFloats", "path": ["train", "epoch", "recall"], "values": [{"value": 1.0, "step": null, "ts": 1665856921.1370327}]}, "version": 126}
{"obj": {"type": "LogFloats", "path": ["train", "epoch", "loss_tot"], "values": [{"value": 0.1428913027048111, "step": null, "ts": 1665856921.5348732}]}, "version": 127}
{"obj": {"type": "LogFloats", "path": ["train", "epoch", "precision"], "values": [{"value": 0.875, "step": null, "ts": 1665856921.535037}]}, "version": 128}
{"obj": {"type": "LogFloats", "path": ["train", "epoch", "recall"], "values": [{"value": 0.875, "step": null, "ts": 1665856921.5351057}]}, "version": 129}
{"obj": {"type": "LogFloats", "path": ["train", "epoch", "loss_tot"], "values": [{"value": 0.10225960612297058, "step": null, "ts": 1665856921.932827}]}, "version": 130}
{"obj": {"type": "LogFloats", "path": ["train", "epoch", "precision"], "values": [{"value": 1.0, "step": null, "ts": 1665856921.9329574}]}, "version": 131}
{"obj": {"type": "LogFloats", "path": ["train", "epoch", "recall"], "values": [{"value": 0.8888888955116272, "step": null, "ts": 1665856921.933021}]}, "version": 132}
{"obj": {"type": "LogFloats", "path": ["train", "epoch", "loss_tot"], "values": [{"value": 0.18124428391456604, "step": null, "ts": 1665856922.3302672}]}, "version": 133}
{"obj": {"type": "LogFloats", "path": ["train", "epoch", "precision"], "values": [{"value": 0.8333333134651184, "step": null, "ts": 1665856922.330457}]}, "version": 134}
{"obj": {"type": "LogFloats", "path": ["train", "epoch", "recall"], "values": [{"value": 0.625, "step": null, "ts": 1665856922.3305275}]}, "version": 135}
{"obj": {"type": "LogFloats", "path": ["train", "epoch", "loss_tot"], "values": [{"value": 0.17159610986709595, "step": null, "ts": 1665856922.7298791}]}, "version": 136}
{"obj": {"type": "LogFloats", "path": ["train", "epoch", "precision"], "values": [{"value": 0.8999999761581421, "step": null, "ts": 1665856922.7300804}]}, "version": 137}
{"obj": {"type": "LogFloats", "path": ["train", "epoch", "recall"], "values": [{"value": 0.8999999761581421, "step": null, "ts": 1665856922.7799602}]}, "version": 138}
{"obj": {"type": "LogFloats", "path": ["monitoring", "cpu"], "values": [{"value": 14.5, "step": null, "ts": 1665856922.8256857}]}, "version": 139}
{"obj": {"type": "LogFloats", "path": ["monitoring", "memory"], "values": [{"value": 16.127655029296875, "step": null, "ts": 1665856922.8256857}]}, "version": 140}
{"obj": {"type": "LogFloats", "path": ["monitoring", "gpu"], "values": [{"value": 99.0, "step": null, "ts": 1665856922.8256857}]}, "version": 141}
{"obj": {"type": "LogFloats", "path": ["monitoring", "gpu_memory"], "values": [{"value": 18.79815673828125, "step": null, "ts": 1665856922.8256857}]}, "version": 142}
{"obj": {"type": "LogFloats", "path": ["train", "epoch", "loss_tot"], "values": [{"value": 0.15285706520080566, "step": null, "ts": 1665856923.1918862}]}, "version": 143}
{"obj": {"type": "LogFloats", "path": ["train", "epoch", "precision"], "values": [{"value": 0.75, "step": null, "ts": 1665856923.1920662}]}, "version": 144}
{"obj": {"type": "LogFloats", "path": ["train", "epoch", "recall"], "values": [{"value": 1.0, "step": null, "ts": 1665856923.192136}]}, "version": 145}
{"obj": {"type": "LogFloats", "path": ["train", "epoch", "loss_tot"], "values": [{"value": 0.08286426961421967, "step": null, "ts": 1665856923.5918083}]}, "version": 146}
{"obj": {"type": "LogFloats", "path": ["train", "epoch", "precision"], "values": [{"value": 1.0, "step": null, "ts": 1665856923.5919378}]}, "version": 147}
{"obj": {"type": "LogFloats", "path": ["train", "epoch", "recall"], "values": [{"value": 1.0, "step": null, "ts": 1665856923.5920005}]}, "version": 148}
{"obj": {"type": "LogFloats", "path": ["train", "epoch", "loss_tot"], "values": [{"value": 0.11431390047073364, "step": null, "ts": 1665856923.9908342}]}, "version": 149}
{"obj": {"type": "LogFloats", "path": ["train", "epoch", "precision"], "values": [{"value": 1.0, "step": null, "ts": 1665856923.9909668}]}, "version": 150}
{"obj": {"type": "LogFloats", "path": ["train", "epoch", "recall"], "values": [{"value": 0.8571428656578064, "step": null, "ts": 1665856923.9910316}]}, "version": 151}
{"obj": {"type": "LogFloats", "path": ["train", "epoch", "loss_tot"], "values": [{"value": 0.4749816060066223, "step": null, "ts": 1665856924.3885343}]}, "version": 152}
{"obj": {"type": "LogFloats", "path": ["train", "epoch", "precision"], "values": [{"value": 0.699999988079071, "step": null, "ts": 1665856924.3887076}]}, "version": 153}
{"obj": {"type": "LogFloats", "path": ["train", "epoch", "recall"], "values": [{"value": 0.699999988079071, "step": null, "ts": 1665856924.3887749}]}, "version": 154}
{"obj": {"type": "LogFloats", "path": ["train", "epoch", "loss_tot"], "values": [{"value": 0.30845150351524353, "step": null, "ts": 1665856924.7873626}]}, "version": 155}
{"obj": {"type": "LogFloats", "path": ["train", "epoch", "precision"], "values": [{"value": 0.8333333134651184, "step": null, "ts": 1665856924.7875004}]}, "version": 156}
{"obj": {"type": "LogFloats", "path": ["train", "epoch", "recall"], "values": [{"value": 0.7142857313156128, "step": null, "ts": 1665856924.7875712}]}, "version": 157}
{"obj": {"type": "LogFloats", "path": ["train", "epoch", "loss_tot"], "values": [{"value": 0.10830327868461609, "step": null, "ts": 1665856925.1884892}]}, "version": 158}
{"obj": {"type": "LogFloats", "path": ["train", "epoch", "precision"], "values": [{"value": 0.9285714030265808, "step": null, "ts": 1665856925.1886215}]}, "version": 159}
{"obj": {"type": "LogFloats", "path": ["train", "epoch", "recall"], "values": [{"value": 1.0, "step": null, "ts": 1665856925.1886873}]}, "version": 160}
{"obj": {"type": "LogFloats", "path": ["train", "epoch", "loss_tot"], "values": [{"value": 0.27802154421806335, "step": null, "ts": 1665856925.5877826}]}, "version": 161}
{"obj": {"type": "LogFloats", "path": ["train", "epoch", "precision"], "values": [{"value": 0.8333333134651184, "step": null, "ts": 1665856925.587952}]}, "version": 162}
{"obj": {"type": "LogFloats", "path": ["train", "epoch", "recall"], "values": [{"value": 0.5555555820465088, "step": null, "ts": 1665856925.5880249}]}, "version": 163}
{"obj": {"type": "LogFloats", "path": ["train", "epoch", "loss_tot"], "values": [{"value": 0.13698014616966248, "step": null, "ts": 1665856925.988998}]}, "version": 164}
{"obj": {"type": "LogFloats", "path": ["train", "epoch", "precision"], "values": [{"value": 0.6666666865348816, "step": null, "ts": 1665856925.9891317}]}, "version": 165}
{"obj": {"type": "LogFloats", "path": ["train", "epoch", "recall"], "values": [{"value": 1.0, "step": null, "ts": 1665856925.989194}]}, "version": 166}
{"obj": {"type": "LogFloats", "path": ["train", "epoch", "loss_tot"], "values": [{"value": 0.11843843758106232, "step": null, "ts": 1665856926.3892975}]}, "version": 167}
{"obj": {"type": "LogFloats", "path": ["train", "epoch", "precision"], "values": [{"value": 0.8333333134651184, "step": null, "ts": 1665856926.3894334}]}, "version": 168}
{"obj": {"type": "LogFloats", "path": ["train", "epoch", "recall"], "values": [{"value": 1.0, "step": null, "ts": 1665856926.3894987}]}, "version": 169}
{"obj": {"type": "LogFloats", "path": ["train", "epoch", "loss_tot"], "values": [{"value": 0.23229143023490906, "step": null, "ts": 1665856926.7887847}]}, "version": 170}
{"obj": {"type": "LogFloats", "path": ["train", "epoch", "precision"], "values": [{"value": 0.625, "step": null, "ts": 1665856926.7889702}]}, "version": 171}
{"obj": {"type": "LogFloats", "path": ["train", "epoch", "recall"], "values": [{"value": 1.0, "step": null, "ts": 1665856926.7890418}]}, "version": 172}
{"obj": {"type": "LogFloats", "path": ["train", "epoch", "loss_tot"], "values": [{"value": 0.18770569562911987, "step": null, "ts": 1665856927.188642}]}, "version": 173}
{"obj": {"type": "LogFloats", "path": ["train", "epoch", "precision"], "values": [{"value": 0.8999999761581421, "step": null, "ts": 1665856927.1888256}]}, "version": 174}
{"obj": {"type": "LogFloats", "path": ["train", "epoch", "recall"], "values": [{"value": 0.8999999761581421, "step": null, "ts": 1665856927.188895}]}, "version": 175}
{"obj": {"type": "LogFloats", "path": ["train", "epoch", "loss_tot"], "values": [{"value": 0.05533783137798309, "step": null, "ts": 1665856927.5940058}]}, "version": 176}
{"obj": {"type": "LogFloats", "path": ["train", "epoch", "precision"], "values": [{"value": 1.0, "step": null, "ts": 1665856927.5941815}]}, "version": 177}
{"obj": {"type": "LogFloats", "path": ["train", "epoch", "recall"], "values": [{"value": 1.0, "step": null, "ts": 1665856927.594252}]}, "version": 178}
{"obj": {"type": "LogFloats", "path": ["train", "epoch", "loss_tot"], "values": [{"value": 0.13338805735111237, "step": null, "ts": 1665856927.997483}]}, "version": 179}
{"obj": {"type": "LogFloats", "path": ["train", "epoch", "precision"], "values": [{"value": 0.875, "step": null, "ts": 1665856927.9976704}]}, "version": 180}
{"obj": {"type": "LogFloats", "path": ["train", "epoch", "recall"], "values": [{"value": 0.875, "step": null, "ts": 1665856928.0470126}]}, "version": 181}
{"obj": {"type": "LogFloats", "path": ["train", "epoch", "loss_tot"], "values": [{"value": 0.13822118937969208, "step": null, "ts": 1665856928.4456668}]}, "version": 182}
{"obj": {"type": "LogFloats", "path": ["train", "epoch", "precision"], "values": [{"value": 1.0, "step": null, "ts": 1665856928.4458466}]}, "version": 183}
{"obj": {"type": "LogFloats", "path": ["train", "epoch", "recall"], "values": [{"value": 0.8888888955116272, "step": null, "ts": 1665856928.4459157}]}, "version": 184}
{"obj": {"type": "LogFloats", "path": ["train", "epoch", "loss_tot"], "values": [{"value": 0.18054866790771484, "step": null, "ts": 1665856928.8463728}]}, "version": 185}
{"obj": {"type": "LogFloats", "path": ["train", "epoch", "precision"], "values": [{"value": 0.75, "step": null, "ts": 1665856928.8465586}]}, "version": 186}
{"obj": {"type": "LogFloats", "path": ["train", "epoch", "recall"], "values": [{"value": 1.0, "step": null, "ts": 1665856928.8466375}]}, "version": 187}
{"obj": {"type": "LogFloats", "path": ["train", "epoch", "loss_tot"], "values": [{"value": 0.3055829405784607, "step": null, "ts": 1665856929.2475784}]}, "version": 188}
{"obj": {"type": "LogFloats", "path": ["train", "epoch", "precision"], "values": [{"value": 0.6666666865348816, "step": null, "ts": 1665856929.2477725}]}, "version": 189}
{"obj": {"type": "LogFloats", "path": ["train", "epoch", "recall"], "values": [{"value": 0.5714285969734192, "step": null, "ts": 1665856929.2478456}]}, "version": 190}
{"obj": {"type": "LogFloats", "path": ["train", "epoch", "loss_tot"], "values": [{"value": 0.08301050961017609, "step": null, "ts": 1665856929.6495457}]}, "version": 191}
{"obj": {"type": "LogFloats", "path": ["train", "epoch", "precision"], "values": [{"value": 1.0, "step": null, "ts": 1665856929.649736}]}, "version": 192}
{"obj": {"type": "LogFloats", "path": ["train", "epoch", "recall"], "values": [{"value": 0.800000011920929, "step": null, "ts": 1665856929.6498108}]}, "version": 193}
{"obj": {"type": "LogFloats", "path": ["train", "epoch", "loss_tot"], "values": [{"value": 0.18976475298404694, "step": null, "ts": 1665856930.0520945}]}, "version": 194}
{"obj": {"type": "LogFloats", "path": ["train", "epoch", "precision"], "values": [{"value": 0.6000000238418579, "step": null, "ts": 1665856930.05229}]}, "version": 195}
{"obj": {"type": "LogFloats", "path": ["train", "epoch", "recall"], "values": [{"value": 0.75, "step": null, "ts": 1665856930.052373}]}, "version": 196}
{"obj": {"type": "LogFloats", "path": ["train", "epoch", "loss_tot"], "values": [{"value": 0.05095028132200241, "step": null, "ts": 1665856930.4541981}]}, "version": 197}
{"obj": {"type": "LogFloats", "path": ["train", "epoch", "precision"], "values": [{"value": 1.0, "step": null, "ts": 1665856930.4543827}]}, "version": 198}
{"obj": {"type": "LogFloats", "path": ["train", "epoch", "recall"], "values": [{"value": 1.0, "step": null, "ts": 1665856930.454453}]}, "version": 199}
{"obj": {"type": "LogFloats", "path": ["train", "epoch", "loss_tot"], "values": [{"value": 0.1008637398481369, "step": null, "ts": 1665856930.8566728}]}, "version": 200}
{"obj": {"type": "LogFloats", "path": ["train", "epoch", "precision"], "values": [{"value": 1.0, "step": null, "ts": 1665856930.856849}]}, "version": 201}
{"obj": {"type": "LogFloats", "path": ["train", "epoch", "recall"], "values": [{"value": 1.0, "step": null, "ts": 1665856930.8569214}]}, "version": 202}
{"obj": {"type": "LogFloats", "path": ["train", "epoch", "loss_tot"], "values": [{"value": 0.20430369675159454, "step": null, "ts": 1665856931.2595077}]}, "version": 203}
{"obj": {"type": "LogFloats", "path": ["train", "epoch", "precision"], "values": [{"value": 0.8888888955116272, "step": null, "ts": 1665856931.2596438}]}, "version": 204}
{"obj": {"type": "LogFloats", "path": ["train", "epoch", "recall"], "values": [{"value": 0.8888888955116272, "step": null, "ts": 1665856931.2597044}]}, "version": 205}
{"obj": {"type": "LogFloats", "path": ["train", "epoch", "loss_tot"], "values": [{"value": 0.2045362889766693, "step": null, "ts": 1665856931.658197}]}, "version": 206}
{"obj": {"type": "LogFloats", "path": ["train", "epoch", "precision"], "values": [{"value": 0.8571428656578064, "step": null, "ts": 1665856931.6583765}]}, "version": 207}
{"obj": {"type": "LogFloats", "path": ["train", "epoch", "recall"], "values": [{"value": 0.6000000238418579, "step": null, "ts": 1665856931.6584494}]}, "version": 208}
{"obj": {"type": "LogFloats", "path": ["train", "epoch", "loss_tot"], "values": [{"value": 0.39314645528793335, "step": null, "ts": 1665856932.0583334}]}, "version": 209}
{"obj": {"type": "LogFloats", "path": ["train", "epoch", "precision"], "values": [{"value": 0.3333333432674408, "step": null, "ts": 1665856932.0584645}]}, "version": 210}
{"obj": {"type": "LogFloats", "path": ["train", "epoch", "recall"], "values": [{"value": 0.5, "step": null, "ts": 1665856932.0585284}]}, "version": 211}
{"obj": {"type": "LogFloats", "path": ["train", "epoch", "loss_tot"], "values": [{"value": 0.2039896696805954, "step": null, "ts": 1665856932.4580638}]}, "version": 212}
{"obj": {"type": "LogFloats", "path": ["train", "epoch", "precision"], "values": [{"value": 0.6666666865348816, "step": null, "ts": 1665856932.4582572}]}, "version": 213}
{"obj": {"type": "LogFloats", "path": ["train", "epoch", "recall"], "values": [{"value": 0.800000011920929, "step": null, "ts": 1665856932.4583316}]}, "version": 214}
{"obj": {"type": "LogFloats", "path": ["monitoring", "cpu"], "values": [{"value": 14.5, "step": null, "ts": 1665856932.8273692}]}, "version": 215}
{"obj": {"type": "LogFloats", "path": ["monitoring", "memory"], "values": [{"value": 16.854778289794922, "step": null, "ts": 1665856932.8273692}]}, "version": 216}
{"obj": {"type": "LogFloats", "path": ["monitoring", "gpu"], "values": [{"value": 99.0, "step": null, "ts": 1665856932.8273692}]}, "version": 217}
{"obj": {"type": "LogFloats", "path": ["monitoring", "gpu_memory"], "values": [{"value": 18.79815673828125, "step": null, "ts": 1665856932.8273692}]}, "version": 218}
{"obj": {"type": "LogFloats", "path": ["train", "epoch", "loss_tot"], "values": [{"value": 0.43288639187812805, "step": null, "ts": 1665856932.8597343}]}, "version": 219}
{"obj": {"type": "LogFloats", "path": ["train", "epoch", "precision"], "values": [{"value": 0.8333333134651184, "step": null, "ts": 1665856932.859908}]}, "version": 220}
{"obj": {"type": "LogFloats", "path": ["train", "epoch", "recall"], "values": [{"value": 0.4545454680919647, "step": null, "ts": 1665856932.8599765}]}, "version": 221}
{"obj": {"type": "LogFloats", "path": ["train", "epoch", "loss_tot"], "values": [{"value": 0.13109362125396729, "step": null, "ts": 1665856933.2608583}]}, "version": 222}
{"obj": {"type": "LogFloats", "path": ["train", "epoch", "precision"], "values": [{"value": 0.800000011920929, "step": null, "ts": 1665856933.2610443}]}, "version": 223}
{"obj": {"type": "LogFloats", "path": ["train", "epoch", "recall"], "values": [{"value": 0.6666666865348816, "step": null, "ts": 1665856933.3108125}]}, "version": 224}
{"obj": {"type": "LogFloats", "path": ["train", "epoch", "loss_tot"], "values": [{"value": 0.10404762625694275, "step": null, "ts": 1665856933.7237473}]}, "version": 225}
{"obj": {"type": "LogFloats", "path": ["train", "epoch", "precision"], "values": [{"value": 0.8333333134651184, "step": null, "ts": 1665856933.7238884}]}, "version": 226}
{"obj": {"type": "LogFloats", "path": ["train", "epoch", "recall"], "values": [{"value": 1.0, "step": null, "ts": 1665856933.723953}]}, "version": 227}
{"obj": {"type": "LogFloats", "path": ["train", "epoch", "loss_tot"], "values": [{"value": 0.16647744178771973, "step": null, "ts": 1665856934.1250885}]}, "version": 228}
{"obj": {"type": "LogFloats", "path": ["train", "epoch", "precision"], "values": [{"value": 0.6000000238418579, "step": null, "ts": 1665856934.125269}]}, "version": 229}
{"obj": {"type": "LogFloats", "path": ["train", "epoch", "recall"], "values": [{"value": 0.6000000238418579, "step": null, "ts": 1665856934.1253424}]}, "version": 230}
{"obj": {"type": "LogFloats", "path": ["train", "epoch", "loss_tot"], "values": [{"value": 0.1388217806816101, "step": null, "ts": 1665856934.5267916}]}, "version": 231}
{"obj": {"type": "LogFloats", "path": ["train", "epoch", "precision"], "values": [{"value": 0.75, "step": null, "ts": 1665856934.5269604}]}, "version": 232}
{"obj": {"type": "LogFloats", "path": ["train", "epoch", "recall"], "values": [{"value": 0.6000000238418579, "step": null, "ts": 1665856934.5270298}]}, "version": 233}
{"obj": {"type": "LogFloats", "path": ["train", "epoch", "loss_tot"], "values": [{"value": 0.0897565633058548, "step": null, "ts": 1665856934.930275}]}, "version": 234}
{"obj": {"type": "LogFloats", "path": ["train", "epoch", "precision"], "values": [{"value": 0.875, "step": null, "ts": 1665856934.9304554}]}, "version": 235}
{"obj": {"type": "LogFloats", "path": ["train", "epoch", "recall"], "values": [{"value": 0.875, "step": null, "ts": 1665856934.9305232}]}, "version": 236}
{"obj": {"type": "LogFloats", "path": ["train", "epoch", "loss_tot"], "values": [{"value": 0.3192889392375946, "step": null, "ts": 1665856935.3333285}]}, "version": 237}
{"obj": {"type": "LogFloats", "path": ["train", "epoch", "precision"], "values": [{"value": 0.9090909361839294, "step": null, "ts": 1665856935.333508}]}, "version": 238}
{"obj": {"type": "LogFloats", "path": ["train", "epoch", "recall"], "values": [{"value": 0.8333333134651184, "step": null, "ts": 1665856935.3335793}]}, "version": 239}
{"obj": {"type": "LogFloats", "path": ["train", "epoch", "loss_tot"], "values": [{"value": 0.1517730951309204, "step": null, "ts": 1665856935.7315912}]}, "version": 240}
{"obj": {"type": "LogFloats", "path": ["train", "epoch", "precision"], "values": [{"value": 0.5, "step": null, "ts": 1665856935.7317817}]}, "version": 241}
{"obj": {"type": "LogFloats", "path": ["train", "epoch", "recall"], "values": [{"value": 1.0, "step": null, "ts": 1665856935.731858}]}, "version": 242}
{"obj": {"type": "LogFloats", "path": ["train", "epoch", "loss_tot"], "values": [{"value": 0.12351044267416, "step": null, "ts": 1665856936.1350558}]}, "version": 243}
{"obj": {"type": "LogFloats", "path": ["train", "epoch", "precision"], "values": [{"value": 0.7777777910232544, "step": null, "ts": 1665856936.1352246}]}, "version": 244}
{"obj": {"type": "LogFloats", "path": ["train", "epoch", "recall"], "values": [{"value": 0.875, "step": null, "ts": 1665856936.135306}]}, "version": 245}
{"obj": {"type": "LogFloats", "path": ["train", "epoch", "loss_tot"], "values": [{"value": 0.09549051523208618, "step": null, "ts": 1665856936.5369534}]}, "version": 246}
{"obj": {"type": "LogFloats", "path": ["train", "epoch", "precision"], "values": [{"value": 1.0, "step": null, "ts": 1665856936.5371284}]}, "version": 247}
{"obj": {"type": "LogFloats", "path": ["train", "epoch", "recall"], "values": [{"value": 0.875, "step": null, "ts": 1665856936.5372093}]}, "version": 248}
{"obj": {"type": "LogFloats", "path": ["train", "epoch", "loss_tot"], "values": [{"value": 0.19866830110549927, "step": null, "ts": 1665856936.9391499}]}, "version": 249}
{"obj": {"type": "LogFloats", "path": ["train", "epoch", "precision"], "values": [{"value": 0.6666666865348816, "step": null, "ts": 1665856936.9393435}]}, "version": 250}
{"obj": {"type": "LogFloats", "path": ["train", "epoch", "recall"], "values": [{"value": 0.5714285969734192, "step": null, "ts": 1665856936.939415}]}, "version": 251}
{"obj": {"type": "LogFloats", "path": ["train", "epoch", "loss_tot"], "values": [{"value": 0.4141591191291809, "step": null, "ts": 1665856937.340024}]}, "version": 252}
{"obj": {"type": "LogFloats", "path": ["train", "epoch", "precision"], "values": [{"value": 0.75, "step": null, "ts": 1665856937.340212}]}, "version": 253}
{"obj": {"type": "LogFloats", "path": ["train", "epoch", "recall"], "values": [{"value": 0.75, "step": null, "ts": 1665856937.3402867}]}, "version": 254}
{"obj": {"type": "LogFloats", "path": ["train", "epoch", "loss_tot"], "values": [{"value": 0.20078930258750916, "step": null, "ts": 1665856937.7403545}]}, "version": 255}
{"obj": {"type": "LogFloats", "path": ["train", "epoch", "precision"], "values": [{"value": 0.7142857313156128, "step": null, "ts": 1665856937.7405324}]}, "version": 256}
{"obj": {"type": "LogFloats", "path": ["train", "epoch", "recall"], "values": [{"value": 0.8333333134651184, "step": null, "ts": 1665856937.740601}]}, "version": 257}
{"obj": {"type": "LogFloats", "path": ["train", "epoch", "loss_tot"], "values": [{"value": 0.07741659879684448, "step": null, "ts": 1665856938.1438968}]}, "version": 258}
{"obj": {"type": "LogFloats", "path": ["train", "epoch", "precision"], "values": [{"value": 1.0, "step": null, "ts": 1665856938.1440804}]}, "version": 259}
{"obj": {"type": "LogFloats", "path": ["train", "epoch", "recall"], "values": [{"value": 0.875, "step": null, "ts": 1665856938.144157}]}, "version": 260}
{"obj": {"type": "LogFloats", "path": ["train", "epoch", "loss_tot"], "values": [{"value": 0.21929076313972473, "step": null, "ts": 1665856938.5500562}]}, "version": 261}
{"obj": {"type": "LogFloats", "path": ["train", "epoch", "precision"], "values": [{"value": 0.8888888955116272, "step": null, "ts": 1665856938.5502582}]}, "version": 262}
{"obj": {"type": "LogFloats", "path": ["train", "epoch", "recall"], "values": [{"value": 0.8888888955116272, "step": null, "ts": 1665856938.5511882}]}, "version": 263}
{"obj": {"type": "LogFloats", "path": ["monitoring", "cpu"], "values": [{"value": 9.9, "step": null, "ts": 1665856942.8288743}]}, "version": 264}
{"obj": {"type": "LogFloats", "path": ["monitoring", "memory"], "values": [{"value": 6.848880767822266, "step": null, "ts": 1665856942.8288743}]}, "version": 265}
{"obj": {"type": "LogFloats", "path": ["monitoring", "gpu_memory"], "values": [{"value": 18.79815673828125, "step": null, "ts": 1665856942.8288743}]}, "version": 266}
{"obj": {"type": "LogFloats", "path": ["monitoring", "cpu"], "values": [{"value": 0.1, "step": null, "ts": 1665856952.831437}]}, "version": 267}
{"obj": {"type": "LogFloats", "path": ["monitoring", "memory"], "values": [{"value": 6.8478851318359375, "step": null, "ts": 1665856952.831437}]}, "version": 268}
{"obj": {"type": "LogFloats", "path": ["monitoring", "gpu_memory"], "values": [{"value": 18.79815673828125, "step": null, "ts": 1665856952.831437}]}, "version": 269}
{"obj": {"type": "LogFloats", "path": ["monitoring", "cpu"], "values": [{"value": 0.1, "step": null, "ts": 1665856962.8339944}]}, "version": 270}
{"obj": {"type": "LogFloats", "path": ["monitoring", "memory"], "values": [{"value": 6.847877502441406, "step": null, "ts": 1665856962.8339944}]}, "version": 271}
{"obj": {"type": "LogFloats", "path": ["monitoring", "gpu_memory"], "values": [{"value": 18.79815673828125, "step": null, "ts": 1665856962.8339944}]}, "version": 272}
{"obj": {"type": "LogFloats", "path": ["monitoring", "cpu"], "values": [{"value": 0.1, "step": null, "ts": 1665856972.8364658}]}, "version": 273}
{"obj": {"type": "LogFloats", "path": ["monitoring", "memory"], "values": [{"value": 6.847141265869141, "step": null, "ts": 1665856972.8364658}]}, "version": 274}
{"obj": {"type": "LogFloats", "path": ["monitoring", "gpu_memory"], "values": [{"value": 18.79815673828125, "step": null, "ts": 1665856972.8364658}]}, "version": 275}
{"obj": {"type": "LogFloats", "path": ["monitoring", "memory"], "values": [{"value": 6.847141265869141, "step": null, "ts": 1665856982.8390288}]}, "version": 276}
{"obj": {"type": "LogFloats", "path": ["monitoring", "gpu_memory"], "values": [{"value": 18.79815673828125, "step": null, "ts": 1665856982.8390288}]}, "version": 277}
{"obj": {"type": "LogFloats", "path": ["monitoring", "memory"], "values": [{"value": 6.847126007080078, "step": null, "ts": 1665856992.841287}]}, "version": 278}
{"obj": {"type": "LogFloats", "path": ["monitoring", "gpu_memory"], "values": [{"value": 18.79815673828125, "step": null, "ts": 1665856992.841287}]}, "version": 279}
{"obj": {"type": "LogFloats", "path": ["monitoring", "memory"], "values": [{"value": 6.847347259521484, "step": null, "ts": 1665857002.8436275}]}, "version": 280}
{"obj": {"type": "LogFloats", "path": ["monitoring", "gpu_memory"], "values": [{"value": 18.79815673828125, "step": null, "ts": 1665857002.8436275}]}, "version": 281}
{"obj": {"type": "LogFloats", "path": ["monitoring", "memory"], "values": [{"value": 6.847324371337891, "step": null, "ts": 1665857012.8459795}]}, "version": 282}
{"obj": {"type": "LogFloats", "path": ["monitoring", "gpu_memory"], "values": [{"value": 18.79815673828125, "step": null, "ts": 1665857012.8459795}]}, "version": 283}
{"obj": {"type": "LogFloats", "path": ["monitoring", "cpu"], "values": [{"value": 0.1, "step": null, "ts": 1665857022.848216}]}, "version": 284}
{"obj": {"type": "LogFloats", "path": ["monitoring", "memory"], "values": [{"value": 6.8473358154296875, "step": null, "ts": 1665857022.848216}]}, "version": 285}
{"obj": {"type": "LogFloats", "path": ["monitoring", "gpu_memory"], "values": [{"value": 18.79815673828125, "step": null, "ts": 1665857022.848216}]}, "version": 286}
{"obj": {"type": "LogFloats", "path": ["monitoring", "cpu"], "values": [{"value": 0.1, "step": null, "ts": 1665857032.8507283}]}, "version": 287}
{"obj": {"type": "LogFloats", "path": ["monitoring", "memory"], "values": [{"value": 6.847328186035156, "step": null, "ts": 1665857032.8507283}]}, "version": 288}
{"obj": {"type": "LogFloats", "path": ["monitoring", "gpu_memory"], "values": [{"value": 18.79815673828125, "step": null, "ts": 1665857032.8507283}]}, "version": 289}
{"obj": {"type": "LogFloats", "path": ["monitoring", "cpu"], "values": [{"value": 0.2, "step": null, "ts": 1665857042.8530512}]}, "version": 290}
{"obj": {"type": "LogFloats", "path": ["monitoring", "memory"], "values": [{"value": 6.8470916748046875, "step": null, "ts": 1665857042.8530512}]}, "version": 291}
{"obj": {"type": "LogFloats", "path": ["monitoring", "gpu"], "values": [{"value": 3.0, "step": null, "ts": 1665857042.8530512}]}, "version": 292}
{"obj": {"type": "LogFloats", "path": ["monitoring", "gpu_memory"], "values": [{"value": 18.81378173828125, "step": null, "ts": 1665857042.8530512}]}, "version": 293}
{"obj": {"type": "LogStrings", "path": ["monitoring", "stderr"], "values": [{"value": "b''", "step": null, "ts": 1665857048.2502704}]}, "version": 294}
{"obj": {"type": "LogStrings", "path": ["monitoring", "stderr"], "values": [{"value": "b\"Warning: string series 'monitoring/stdout' value was longer than 1000 characters and was truncated. This warning is printed only once per series.\\n\"", "step": null, "ts": 1665857048.250635}]}, "version": 295}
{"obj": {"type": "LogStrings", "path": ["monitoring", "stdout"], "values": [{"value": "ResNet(\n  (resnet): ResNet(\n    (conv1): Conv2d(3, 64, kernel_size=(7, 7), stride=(2, 2), padding=(3, 3), bias=False)\n    (bn1): BatchNorm2d(64, eps=1e-05, momentum=0.1, affine=True, track_running_stats=True)\n    (relu): ReLU(inplace=True)\n    (maxpool): MaxPool2d(kernel_size=3, stride=2, padding=1, dilation=1, ceil_mode=False)\n    (layer1): Sequential(\n      (0): Bottleneck(\n        (conv1): Conv2d(64, 64, kernel_size=(1, 1), stride=(1, 1), bias=False)\n        (bn1): BatchNorm2d(64, eps=1e-05, momentum=0.1, affine=True, track_running_stats=True)\n        (conv2): Conv2d(64, 64, kernel_size=(3, 3), stride=(1, 1), padding=(1, 1), bias=False)\n        (bn2): BatchNorm2d(64, eps=1e-05, momentum=0.1, affine=True, track_running_stats=True)\n        (conv3): Conv2d(64, 256, kernel_size=(1, 1), stride=(1, 1), bias=False)\n        (bn3): BatchNorm2d(256, eps=1e-05, momentum=0.1, affine=True, track_running_stats=True)\n        (relu): ReLU(inplace=True)\n        (downsample): Sequential(\n          (0", "step": null, "ts": 1665857048.249943}]}, "version": 296}
{"obj": {"type": "LogStrings", "path": ["monitoring", "stdout"], "values": [{"value": "\n", "step": null, "ts": 1665857048.251054}]}, "version": 297}
{"obj": {"type": "LogStrings", "path": ["monitoring", "stdout"], "values": [{"value": "b'https://app.neptune.ai/antoine.habis.tlcm/Scribble/e/SCRIB-84\\n'", "step": null, "ts": 1665857050.1355238}]}, "version": 298}
{"obj": {"type": "LogStrings", "path": ["monitoring", "stdout"], "values": [{"value": "b''", "step": null, "ts": 1665857050.1527736}]}, "version": 299}
{"obj": {"type": "LogStrings", "path": ["monitoring", "stdout"], "values": [{"value": "b'Remember to stop your run once you\\xe2\\x80\\x99ve finished logging your metadata (https://docs.neptune.ai/api-reference/run#.stop). It will be stopped automatically only when the notebook kernel/interactive console is terminated.\\n'", "step": null, "ts": 1665857050.1551075}]}, "version": 300}
{"obj": {"type": "LogFloats", "path": ["monitoring", "cpu"], "values": [{"value": 0.2, "step": null, "ts": 1665857052.8557959}]}, "version": 301}
{"obj": {"type": "LogFloats", "path": ["monitoring", "memory"], "values": [{"value": 6.847148895263672, "step": null, "ts": 1665857052.8557959}]}, "version": 302}
{"obj": {"type": "LogFloats", "path": ["monitoring", "gpu_memory"], "values": [{"value": 18.81378173828125, "step": null, "ts": 1665857052.8557959}]}, "version": 303}
{"obj": {"type": "LogFloats", "path": ["monitoring", "cpu"], "values": [{"value": 0.1, "step": null, "ts": 1665857062.8583481}]}, "version": 304}
{"obj": {"type": "LogFloats", "path": ["monitoring", "memory"], "values": [{"value": 6.8471527099609375, "step": null, "ts": 1665857062.8583481}]}, "version": 305}
{"obj": {"type": "LogFloats", "path": ["monitoring", "gpu_memory"], "values": [{"value": 18.81378173828125, "step": null, "ts": 1665857062.8583481}]}, "version": 306}
{"obj": {"type": "LogFloats", "path": ["monitoring", "cpu"], "values": [{"value": 48.0, "step": null, "ts": 1665857072.8608525}]}, "version": 307}
{"obj": {"type": "LogFloats", "path": ["monitoring", "memory"], "values": [{"value": 7.038871765136719, "step": null, "ts": 1665857072.8608525}]}, "version": 308}
{"obj": {"type": "LogFloats", "path": ["monitoring", "gpu_memory"], "values": [{"value": 23.67315673828125, "step": null, "ts": 1665857072.8608525}]}, "version": 309}
{"obj": {"type": "LogStrings", "path": ["monitoring", "stdout"], "values": [{"value": "b'Shutting down background jobs, please wait a moment...\\n'", "step": null, "ts": 1665857077.8933253}]}, "version": 310}
{"obj": {"type": "LogStrings", "path": ["monitoring", "stdout"], "values": [{"value": "b'Done!\\n'", "step": null, "ts": 1665857077.9044056}]}, "version": 311}
{"obj": {"type": "LogStrings", "path": ["monitoring", "stderr"], "values": [{"value": "Waiting for the remaining 1 operations to synchronize with Neptune. Do not kill this process.\n", "step": null, "ts": 1665857077.9097607}]}, "version": 312}
{"obj": {"type": "LogStrings", "path": ["monitoring", "stdout"], "values": [{"value": "b'All 1 operations synced, thanks for waiting!\\n'", "step": null, "ts": 1665857077.9681687}]}, "version": 313}
{"obj": {"type": "LogStrings", "path": ["monitoring", "stdout"], "values": [{"value": "b'Shutting down background jobs, please wait a moment...\\n'", "step": null, "ts": 1665857077.9688554}]}, "version": 314}
