{"obj": {"type": "AssignString", "path": ["sys", "name"], "value": "Untitled"}, "version": 1}
{"obj": {"type": "AssignString", "path": ["sys", "description"], "value": ""}, "version": 2}
{"obj": {"type": "AssignString", "path": ["sys", "hostname"], "value": "dell1"}, "version": 3}
{"obj": {"type": "AssignBool", "path": ["sys", "failed"], "value": false}, "version": 4}
{"obj": {"type": "ClearStringLog", "path": ["monitoring", "stdout"]}, "version": 5}
{"obj": {"type": "ClearStringLog", "path": ["monitoring", "stderr"]}, "version": 6}
{"obj": {"type": "ConfigFloatSeries", "path": ["monitoring", "cpu"], "min": 0.0, "max": 100.0, "unit": "%"}, "version": 7}
{"obj": {"type": "ClearFloatLog", "path": ["monitoring", "cpu"]}, "version": 8}
{"obj": {"type": "ConfigFloatSeries", "path": ["monitoring", "memory"], "min": 0.0, "max": 125.54232025146484, "unit": "GB"}, "version": 9}
{"obj": {"type": "ClearFloatLog", "path": ["monitoring", "memory"]}, "version": 10}
{"obj": {"type": "ConfigFloatSeries", "path": ["monitoring", "gpu"], "min": 0.0, "max": 100.0, "unit": "%"}, "version": 11}
{"obj": {"type": "ClearFloatLog", "path": ["monitoring", "gpu"]}, "version": 12}
{"obj": {"type": "ConfigFloatSeries", "path": ["monitoring", "gpu_memory"], "min": 0.0, "max": 23.6912841796875, "unit": "GB"}, "version": 13}
{"obj": {"type": "ClearFloatLog", "path": ["monitoring", "gpu_memory"]}, "version": 14}
{"obj": {"type": "LogStrings", "path": ["monitoring", "stdout"], "values": [{"value": "b''", "step": null, "ts": 1665318851.3903923}]}, "version": 15}
{"obj": {"type": "LogFloats", "path": ["monitoring", "cpu"], "values": [{"value": 1.3, "step": null, "ts": 1665318851.3798578}]}, "version": 16}
{"obj": {"type": "LogStrings", "path": ["monitoring", "stdout"], "values": [{"value": "b'Remember to stop your run once you\\xe2\\x80\\x99ve finished logging your metadata (https://docs.neptune.ai/api-reference/run#.stop). It will be stopped automatically only when the notebook kernel/interactive console is terminated.\\n'", "step": null, "ts": 1665318851.3936846}]}, "version": 17}
{"obj": {"type": "LogFloats", "path": ["monitoring", "memory"], "values": [{"value": 2.2070274353027344, "step": null, "ts": 1665318851.3798578}]}, "version": 18}
{"obj": {"type": "LogFloats", "path": ["monitoring", "gpu_memory"], "values": [{"value": 0.01934814453125, "step": null, "ts": 1665318851.3798578}]}, "version": 19}
{"obj": {"type": "AssignString", "path": ["config", "optimizer"], "value": "Adam (\nParameter Group 0\n    amsgrad: False\n    betas: (0.9, 0.999)\n    eps: 1e-08\n    initial_lr: 0.001\n    lr: 0.001\n    weight_decay: 0\n)"}, "version": 20}
{"obj": {"type": "LogFloats", "path": ["monitoring", "cpu"], "values": [{"value": 45.3, "step": null, "ts": 1665318861.3970768}]}, "version": 21}
{"obj": {"type": "LogFloats", "path": ["monitoring", "memory"], "values": [{"value": 7.729774475097656, "step": null, "ts": 1665318861.3970768}]}, "version": 22}
{"obj": {"type": "LogFloats", "path": ["monitoring", "gpu_memory"], "values": [{"value": 2.27471923828125, "step": null, "ts": 1665318861.3970768}]}, "version": 23}
{"obj": {"type": "LogFloats", "path": ["monitoring", "cpu"], "values": [{"value": 86.3, "step": null, "ts": 1665318871.3990402}]}, "version": 24}
{"obj": {"type": "LogFloats", "path": ["monitoring", "memory"], "values": [{"value": 8.321048736572266, "step": null, "ts": 1665318871.3990402}]}, "version": 25}
{"obj": {"type": "LogFloats", "path": ["monitoring", "gpu_memory"], "values": [{"value": 2.27471923828125, "step": null, "ts": 1665318871.3990402}]}, "version": 26}
{"obj": {"type": "LogFloats", "path": ["train", "epoch", "loss_tot"], "values": [{"value": 0.5885750651359558, "step": null, "ts": 1665318872.690524}]}, "version": 27}
{"obj": {"type": "LogFloats", "path": ["train", "epoch", "precision"], "values": [{"value": NaN, "step": null, "ts": 1665318872.6906946}]}, "version": 28}
{"obj": {"type": "LogFloats", "path": ["train", "epoch", "recall"], "values": [{"value": NaN, "step": null, "ts": 1665318872.6907935}]}, "version": 29}
{"obj": {"type": "LogFloats", "path": ["train", "epoch", "loss_tot"], "values": [{"value": 0.6404250264167786, "step": null, "ts": 1665318872.8041074}]}, "version": 30}
{"obj": {"type": "LogFloats", "path": ["train", "epoch", "precision"], "values": [{"value": NaN, "step": null, "ts": 1665318872.8043132}]}, "version": 31}
{"obj": {"type": "LogFloats", "path": ["train", "epoch", "recall"], "values": [{"value": 0.0, "step": null, "ts": 1665318872.8043888}]}, "version": 32}
{"obj": {"type": "LogFloats", "path": ["train", "epoch", "loss_tot"], "values": [{"value": 0.34395498037338257, "step": null, "ts": 1665318875.4139223}]}, "version": 33}
{"obj": {"type": "LogFloats", "path": ["train", "epoch", "precision"], "values": [{"value": 0.3333333432674408, "step": null, "ts": 1665318875.4141905}]}, "version": 34}
{"obj": {"type": "LogFloats", "path": ["train", "epoch", "recall"], "values": [{"value": 1.0, "step": null, "ts": 1665318875.4143012}]}, "version": 35}
{"obj": {"type": "LogFloats", "path": ["train", "epoch", "loss_tot"], "values": [{"value": 0.5513408184051514, "step": null, "ts": 1665318875.563359}]}, "version": 36}
{"obj": {"type": "LogFloats", "path": ["train", "epoch", "precision"], "values": [{"value": NaN, "step": null, "ts": 1665318875.5635493}]}, "version": 37}
{"obj": {"type": "LogFloats", "path": ["train", "epoch", "recall"], "values": [{"value": 0.0, "step": null, "ts": 1665318875.5636342}]}, "version": 38}
{"obj": {"type": "LogFloats", "path": ["train", "epoch", "loss_tot"], "values": [{"value": 0.9864581227302551, "step": null, "ts": 1665318875.693852}]}, "version": 39}
{"obj": {"type": "LogFloats", "path": ["train", "epoch", "precision"], "values": [{"value": 0.0, "step": null, "ts": 1665318875.693984}]}, "version": 40}
{"obj": {"type": "LogFloats", "path": ["train", "epoch", "recall"], "values": [{"value": 0.0, "step": null, "ts": 1665318875.6940436}]}, "version": 41}
{"obj": {"type": "LogFloats", "path": ["train", "epoch", "loss_tot"], "values": [{"value": 1.3261758089065552, "step": null, "ts": 1665318875.8024209}]}, "version": 42}
{"obj": {"type": "LogFloats", "path": ["train", "epoch", "precision"], "values": [{"value": 0.0, "step": null, "ts": 1665318875.8025548}]}, "version": 43}
{"obj": {"type": "LogFloats", "path": ["train", "epoch", "recall"], "values": [{"value": 0.0, "step": null, "ts": 1665318875.8026164}]}, "version": 44}
{"obj": {"type": "LogFloats", "path": ["train", "epoch", "loss_tot"], "values": [{"value": 0.7135675549507141, "step": null, "ts": 1665318875.917449}]}, "version": 45}
{"obj": {"type": "LogFloats", "path": ["train", "epoch", "precision"], "values": [{"value": NaN, "step": null, "ts": 1665318875.9176638}]}, "version": 46}
{"obj": {"type": "LogFloats", "path": ["train", "epoch", "recall"], "values": [{"value": 0.0, "step": null, "ts": 1665318875.9177406}]}, "version": 47}
{"obj": {"type": "LogFloats", "path": ["train", "epoch", "loss_tot"], "values": [{"value": 0.3558487594127655, "step": null, "ts": 1665318876.0402355}]}, "version": 48}
{"obj": {"type": "LogFloats", "path": ["train", "epoch", "precision"], "values": [{"value": NaN, "step": null, "ts": 1665318876.0404117}]}, "version": 49}
{"obj": {"type": "LogFloats", "path": ["train", "epoch", "recall"], "values": [{"value": 0.0, "step": null, "ts": 1665318876.0404885}]}, "version": 50}
{"obj": {"type": "LogFloats", "path": ["train", "epoch", "loss_tot"], "values": [{"value": 0.16229760646820068, "step": null, "ts": 1665318876.1859012}]}, "version": 51}
{"obj": {"type": "LogFloats", "path": ["train", "epoch", "precision"], "values": [{"value": NaN, "step": null, "ts": 1665318876.1861708}]}, "version": 52}
{"obj": {"type": "LogFloats", "path": ["train", "epoch", "recall"], "values": [{"value": NaN, "step": null, "ts": 1665318876.1862695}]}, "version": 53}
{"obj": {"type": "LogFloats", "path": ["train", "epoch", "loss_tot"], "values": [{"value": 0.5028896927833557, "step": null, "ts": 1665318876.2986276}]}, "version": 54}
{"obj": {"type": "LogFloats", "path": ["train", "epoch", "precision"], "values": [{"value": NaN, "step": null, "ts": 1665318876.2988622}]}, "version": 55}
{"obj": {"type": "LogFloats", "path": ["train", "epoch", "recall"], "values": [{"value": 0.0, "step": null, "ts": 1665318876.298956}]}, "version": 56}
{"obj": {"type": "LogFloats", "path": ["train", "epoch", "loss_tot"], "values": [{"value": 0.39222782850265503, "step": null, "ts": 1665318876.4685862}]}, "version": 57}
{"obj": {"type": "LogFloats", "path": ["train", "epoch", "precision"], "values": [{"value": NaN, "step": null, "ts": 1665318876.4690583}]}, "version": 58}
{"obj": {"type": "LogFloats", "path": ["train", "epoch", "recall"], "values": [{"value": 0.0, "step": null, "ts": 1665318876.4692702}]}, "version": 59}
{"obj": {"type": "LogFloats", "path": ["train", "epoch", "loss_tot"], "values": [{"value": 0.706440806388855, "step": null, "ts": 1665318876.6300578}]}, "version": 60}
{"obj": {"type": "LogFloats", "path": ["train", "epoch", "precision"], "values": [{"value": NaN, "step": null, "ts": 1665318876.6302352}]}, "version": 61}
{"obj": {"type": "LogFloats", "path": ["train", "epoch", "recall"], "values": [{"value": 0.0, "step": null, "ts": 1665318876.6303172}]}, "version": 62}
{"obj": {"type": "LogStrings", "path": ["monitoring", "stderr"], "values": [{"value": "Error occurred during asynchronous operation processing: Cannot log infinite or NaN value to attribute train/epoch/precision\n", "step": null, "ts": 1665318876.7669919}]}, "version": 63}
{"obj": {"type": "LogStrings", "path": ["monitoring", "stderr"], "values": [{"value": "Error occurred during asynchronous operation processing: Cannot log infinite or NaN value to attribute train/epoch/recall\n", "step": null, "ts": 1665318876.767993}]}, "version": 64}
{"obj": {"type": "LogFloats", "path": ["train", "epoch", "loss_tot"], "values": [{"value": 0.6275102496147156, "step": null, "ts": 1665318876.7708602}]}, "version": 65}
{"obj": {"type": "LogFloats", "path": ["train", "epoch", "precision"], "values": [{"value": NaN, "step": null, "ts": 1665318876.770991}]}, "version": 66}
{"obj": {"type": "LogFloats", "path": ["train", "epoch", "recall"], "values": [{"value": 0.0, "step": null, "ts": 1665318876.771073}]}, "version": 67}
{"obj": {"type": "LogFloats", "path": ["train", "epoch", "loss_tot"], "values": [{"value": 0.37093135714530945, "step": null, "ts": 1665318876.896454}]}, "version": 68}
{"obj": {"type": "LogFloats", "path": ["train", "epoch", "precision"], "values": [{"value": NaN, "step": null, "ts": 1665318876.8966382}]}, "version": 69}
{"obj": {"type": "LogFloats", "path": ["train", "epoch", "recall"], "values": [{"value": 0.0, "step": null, "ts": 1665318876.8967214}]}, "version": 70}
{"obj": {"type": "LogFloats", "path": ["train", "epoch", "loss_tot"], "values": [{"value": 0.9337069392204285, "step": null, "ts": 1665318877.0687957}]}, "version": 71}
{"obj": {"type": "LogFloats", "path": ["train", "epoch", "precision"], "values": [{"value": NaN, "step": null, "ts": 1665318877.0690978}]}, "version": 72}
{"obj": {"type": "LogFloats", "path": ["train", "epoch", "recall"], "values": [{"value": 0.0, "step": null, "ts": 1665318877.0692124}]}, "version": 73}
{"obj": {"type": "LogFloats", "path": ["train", "epoch", "loss_tot"], "values": [{"value": 0.5272056460380554, "step": null, "ts": 1665318877.234925}]}, "version": 74}
{"obj": {"type": "LogFloats", "path": ["train", "epoch", "precision"], "values": [{"value": NaN, "step": null, "ts": 1665318877.2847116}]}, "version": 75}
{"obj": {"type": "LogFloats", "path": ["train", "epoch", "recall"], "values": [{"value": 0.0, "step": null, "ts": 1665318877.2849874}]}, "version": 76}
{"obj": {"type": "LogFloats", "path": ["monitoring", "cpu"], "values": [{"value": 86.2, "step": null, "ts": 1665318881.4005463}]}, "version": 77}
{"obj": {"type": "LogFloats", "path": ["monitoring", "memory"], "values": [{"value": 8.235336303710938, "step": null, "ts": 1665318881.4005463}]}, "version": 78}
{"obj": {"type": "LogFloats", "path": ["monitoring", "gpu_memory"], "values": [{"value": 6.48175048828125, "step": null, "ts": 1665318881.4005463}]}, "version": 79}
{"obj": {"type": "LogStrings", "path": ["monitoring", "stderr"], "values": [{"value": "Error occurred during asynchronous operation processing: Cannot log infinite or NaN value to attribute train/epoch/precision\n", "step": null, "ts": 1665318881.8863041}]}, "version": 80}
{"obj": {"type": "LogFloats", "path": ["train", "epoch", "loss_tot"], "values": [{"value": 0.27072691917419434, "step": null, "ts": 1665318889.0346918}]}, "version": 81}
{"obj": {"type": "LogFloats", "path": ["train", "epoch", "precision"], "values": [{"value": NaN, "step": null, "ts": 1665318889.0348835}]}, "version": 82}
{"obj": {"type": "LogFloats", "path": ["train", "epoch", "recall"], "values": [{"value": 0.0, "step": null, "ts": 1665318889.03497}]}, "version": 83}
{"obj": {"type": "LogFloats", "path": ["train", "epoch", "loss_tot"], "values": [{"value": 0.43655064702033997, "step": null, "ts": 1665318889.6375062}]}, "version": 84}
{"obj": {"type": "LogFloats", "path": ["train", "epoch", "precision"], "values": [{"value": NaN, "step": null, "ts": 1665318889.637662}]}, "version": 85}
{"obj": {"type": "LogFloats", "path": ["train", "epoch", "recall"], "values": [{"value": 0.0, "step": null, "ts": 1665318889.6377304}]}, "version": 86}
{"obj": {"type": "LogFloats", "path": ["monitoring", "cpu"], "values": [{"value": 96.2, "step": null, "ts": 1665318891.4018838}]}, "version": 87}
{"obj": {"type": "LogFloats", "path": ["monitoring", "memory"], "values": [{"value": 8.705451965332031, "step": null, "ts": 1665318891.4018838}]}, "version": 88}
{"obj": {"type": "LogFloats", "path": ["monitoring", "gpu_memory"], "values": [{"value": 6.48175048828125, "step": null, "ts": 1665318891.4018838}]}, "version": 89}
{"obj": {"type": "LogStrings", "path": ["monitoring", "stderr"], "values": [{"value": "Error occurred during asynchronous operation processing: Cannot log infinite or NaN value to attribute train/epoch/precision\n", "step": null, "ts": 1665318892.03113}]}, "version": 90}
{"obj": {"type": "LogFloats", "path": ["train", "epoch", "loss_tot"], "values": [{"value": 0.41467511653900146, "step": null, "ts": 1665318894.2345874}]}, "version": 91}
{"obj": {"type": "LogFloats", "path": ["train", "epoch", "precision"], "values": [{"value": NaN, "step": null, "ts": 1665318894.2935083}]}, "version": 92}
{"obj": {"type": "LogFloats", "path": ["train", "epoch", "recall"], "values": [{"value": 0.0, "step": null, "ts": 1665318894.2937207}]}, "version": 93}
{"obj": {"type": "LogFloats", "path": ["train", "epoch", "loss_tot"], "values": [{"value": 0.37853434681892395, "step": null, "ts": 1665318894.6584818}]}, "version": 94}
{"obj": {"type": "LogFloats", "path": ["train", "epoch", "precision"], "values": [{"value": NaN, "step": null, "ts": 1665318894.658693}]}, "version": 95}
{"obj": {"type": "LogFloats", "path": ["train", "epoch", "recall"], "values": [{"value": 0.0, "step": null, "ts": 1665318894.658787}]}, "version": 96}
{"obj": {"type": "LogFloats", "path": ["train", "epoch", "loss_tot"], "values": [{"value": 0.2597714066505432, "step": null, "ts": 1665318894.9857051}]}, "version": 97}
{"obj": {"type": "LogFloats", "path": ["train", "epoch", "precision"], "values": [{"value": NaN, "step": null, "ts": 1665318894.986043}]}, "version": 98}
{"obj": {"type": "LogFloats", "path": ["train", "epoch", "recall"], "values": [{"value": NaN, "step": null, "ts": 1665318894.986148}]}, "version": 99}
{"obj": {"type": "LogFloats", "path": ["train", "epoch", "loss_tot"], "values": [{"value": 0.4476313591003418, "step": null, "ts": 1665318895.2046714}]}, "version": 100}
{"obj": {"type": "LogFloats", "path": ["train", "epoch", "precision"], "values": [{"value": NaN, "step": null, "ts": 1665318895.2048645}]}, "version": 101}
{"obj": {"type": "LogFloats", "path": ["train", "epoch", "recall"], "values": [{"value": 0.0, "step": null, "ts": 1665318895.2049518}]}, "version": 102}
{"obj": {"type": "LogFloats", "path": ["train", "epoch", "loss_tot"], "values": [{"value": 0.8158777356147766, "step": null, "ts": 1665318895.4667976}]}, "version": 103}
{"obj": {"type": "LogFloats", "path": ["train", "epoch", "precision"], "values": [{"value": NaN, "step": null, "ts": 1665318895.466995}]}, "version": 104}
{"obj": {"type": "LogFloats", "path": ["train", "epoch", "recall"], "values": [{"value": 0.0, "step": null, "ts": 1665318895.4670868}]}, "version": 105}
{"obj": {"type": "LogFloats", "path": ["train", "epoch", "loss_tot"], "values": [{"value": 1.1019504070281982, "step": null, "ts": 1665318895.7619529}]}, "version": 106}
{"obj": {"type": "LogFloats", "path": ["train", "epoch", "precision"], "values": [{"value": NaN, "step": null, "ts": 1665318895.762134}]}, "version": 107}
{"obj": {"type": "LogFloats", "path": ["train", "epoch", "recall"], "values": [{"value": 0.0, "step": null, "ts": 1665318895.7622185}]}, "version": 108}
{"obj": {"type": "LogFloats", "path": ["train", "epoch", "loss_tot"], "values": [{"value": 0.249004527926445, "step": null, "ts": 1665318896.0446036}]}, "version": 109}
{"obj": {"type": "LogFloats", "path": ["train", "epoch", "precision"], "values": [{"value": NaN, "step": null, "ts": 1665318896.044823}]}, "version": 110}
{"obj": {"type": "LogFloats", "path": ["train", "epoch", "recall"], "values": [{"value": 0.0, "step": null, "ts": 1665318896.044916}]}, "version": 111}
{"obj": {"type": "LogFloats", "path": ["train", "epoch", "loss_tot"], "values": [{"value": 0.7106226682662964, "step": null, "ts": 1665318896.2338443}]}, "version": 112}
{"obj": {"type": "LogFloats", "path": ["train", "epoch", "precision"], "values": [{"value": NaN, "step": null, "ts": 1665318896.2340415}]}, "version": 113}
{"obj": {"type": "LogFloats", "path": ["train", "epoch", "recall"], "values": [{"value": 0.0, "step": null, "ts": 1665318896.2341251}]}, "version": 114}
{"obj": {"type": "LogFloats", "path": ["train", "epoch", "loss_tot"], "values": [{"value": 0.18160942196846008, "step": null, "ts": 1665318896.4766533}]}, "version": 115}
{"obj": {"type": "LogFloats", "path": ["train", "epoch", "precision"], "values": [{"value": NaN, "step": null, "ts": 1665318896.476851}]}, "version": 116}
{"obj": {"type": "LogFloats", "path": ["train", "epoch", "recall"], "values": [{"value": NaN, "step": null, "ts": 1665318896.4769387}]}, "version": 117}
{"obj": {"type": "LogFloats", "path": ["train", "epoch", "loss_tot"], "values": [{"value": 0.4099099338054657, "step": null, "ts": 1665318896.702781}]}, "version": 118}
{"obj": {"type": "LogFloats", "path": ["train", "epoch", "precision"], "values": [{"value": NaN, "step": null, "ts": 1665318896.7029932}]}, "version": 119}
{"obj": {"type": "LogFloats", "path": ["train", "epoch", "recall"], "values": [{"value": 0.0, "step": null, "ts": 1665318896.703081}]}, "version": 120}
{"obj": {"type": "LogFloats", "path": ["train", "epoch", "loss_tot"], "values": [{"value": 0.3538264036178589, "step": null, "ts": 1665318896.9154837}]}, "version": 121}
{"obj": {"type": "LogFloats", "path": ["train", "epoch", "precision"], "values": [{"value": NaN, "step": null, "ts": 1665318896.9156663}]}, "version": 122}
{"obj": {"type": "LogFloats", "path": ["train", "epoch", "recall"], "values": [{"value": 0.0, "step": null, "ts": 1665318896.9157553}]}, "version": 123}
{"obj": {"type": "LogStrings", "path": ["monitoring", "stderr"], "values": [{"value": "Error occurred during asynchronous operation processing: Cannot log infinite or NaN value to attribute train/epoch/recall\n", "step": null, "ts": 1665318897.111954}]}, "version": 124}
{"obj": {"type": "LogStrings", "path": ["monitoring", "stderr"], "values": [{"value": "Error occurred during asynchronous operation processing: Cannot log infinite or NaN value to attribute train/epoch/precision\n", "step": null, "ts": 1665318897.1126723}]}, "version": 125}
{"obj": {"type": "LogFloats", "path": ["train", "epoch", "loss_tot"], "values": [{"value": 0.5470056533813477, "step": null, "ts": 1665318897.1559439}]}, "version": 126}
{"obj": {"type": "LogFloats", "path": ["train", "epoch", "precision"], "values": [{"value": NaN, "step": null, "ts": 1665318897.156155}]}, "version": 127}
{"obj": {"type": "LogFloats", "path": ["train", "epoch", "recall"], "values": [{"value": 0.0, "step": null, "ts": 1665318897.1562488}]}, "version": 128}
{"obj": {"type": "LogFloats", "path": ["train", "epoch", "loss_tot"], "values": [{"value": 1.3721740245819092, "step": null, "ts": 1665318897.4334671}]}, "version": 129}
{"obj": {"type": "LogFloats", "path": ["train", "epoch", "precision"], "values": [{"value": NaN, "step": null, "ts": 1665318897.4336894}]}, "version": 130}
{"obj": {"type": "LogFloats", "path": ["train", "epoch", "recall"], "values": [{"value": 0.0, "step": null, "ts": 1665318897.4337797}]}, "version": 131}
{"obj": {"type": "LogFloats", "path": ["train", "epoch", "loss_tot"], "values": [{"value": 0.6592748165130615, "step": null, "ts": 1665318897.7933698}]}, "version": 132}
{"obj": {"type": "LogFloats", "path": ["train", "epoch", "precision"], "values": [{"value": NaN, "step": null, "ts": 1665318897.7935739}]}, "version": 133}
{"obj": {"type": "LogFloats", "path": ["train", "epoch", "recall"], "values": [{"value": 0.0, "step": null, "ts": 1665318897.7936692}]}, "version": 134}
{"obj": {"type": "LogFloats", "path": ["monitoring", "cpu"], "values": [{"value": 100.0, "step": null, "ts": 1665318901.403269}]}, "version": 135}
{"obj": {"type": "LogFloats", "path": ["monitoring", "memory"], "values": [{"value": 8.653743743896484, "step": null, "ts": 1665318901.403269}]}, "version": 136}
{"obj": {"type": "LogFloats", "path": ["monitoring", "gpu_memory"], "values": [{"value": 6.48175048828125, "step": null, "ts": 1665318901.403269}]}, "version": 137}
{"obj": {"type": "LogStrings", "path": ["monitoring", "stderr"], "values": [{"value": "Error occurred during asynchronous operation processing: Cannot log infinite or NaN value to attribute train/epoch/precision\n", "step": null, "ts": 1665318902.2040112}]}, "version": 138}
{"obj": {"type": "LogFloats", "path": ["train", "epoch", "loss_tot"], "values": [{"value": 0.7332741022109985, "step": null, "ts": 1665318902.8087645}]}, "version": 139}
{"obj": {"type": "LogFloats", "path": ["train", "epoch", "precision"], "values": [{"value": NaN, "step": null, "ts": 1665318902.8090866}]}, "version": 140}
{"obj": {"type": "LogFloats", "path": ["train", "epoch", "recall"], "values": [{"value": 0.0, "step": null, "ts": 1665318902.8092248}]}, "version": 141}
{"obj": {"type": "LogFloats", "path": ["train", "epoch", "loss_tot"], "values": [{"value": 1.1182794570922852, "step": null, "ts": 1665318906.3241615}]}, "version": 142}
{"obj": {"type": "LogFloats", "path": ["train", "epoch", "precision"], "values": [{"value": NaN, "step": null, "ts": 1665318906.324495}]}, "version": 143}
{"obj": {"type": "LogFloats", "path": ["train", "epoch", "recall"], "values": [{"value": 0.0, "step": null, "ts": 1665318906.3246074}]}, "version": 144}
{"obj": {"type": "LogStrings", "path": ["monitoring", "stderr"], "values": [{"value": "Error occurred during asynchronous operation processing: Cannot log infinite or NaN value to attribute train/epoch/precision\n", "step": null, "ts": 1665318907.2844841}]}, "version": 145}
{"obj": {"type": "LogFloats", "path": ["train", "epoch", "loss_tot"], "values": [{"value": 0.42885127663612366, "step": null, "ts": 1665318909.7618613}]}, "version": 146}
{"obj": {"type": "LogFloats", "path": ["train", "epoch", "precision"], "values": [{"value": NaN, "step": null, "ts": 1665318909.7620828}]}, "version": 147}
{"obj": {"type": "LogFloats", "path": ["train", "epoch", "recall"], "values": [{"value": 0.0, "step": null, "ts": 1665318909.7621863}]}, "version": 148}
{"obj": {"type": "LogFloats", "path": ["train", "epoch", "loss_tot"], "values": [{"value": 0.5784299373626709, "step": null, "ts": 1665318910.0098162}]}, "version": 149}
{"obj": {"type": "LogFloats", "path": ["train", "epoch", "precision"], "values": [{"value": 0.0, "step": null, "ts": 1665318910.010019}]}, "version": 150}
{"obj": {"type": "LogFloats", "path": ["train", "epoch", "recall"], "values": [{"value": 0.0, "step": null, "ts": 1665318910.0101101}]}, "version": 151}
{"obj": {"type": "LogFloats", "path": ["train", "epoch", "loss_tot"], "values": [{"value": 0.7317863702774048, "step": null, "ts": 1665318910.2595565}]}, "version": 152}
{"obj": {"type": "LogFloats", "path": ["train", "epoch", "precision"], "values": [{"value": 0.0, "step": null, "ts": 1665318910.2598333}]}, "version": 153}
{"obj": {"type": "LogFloats", "path": ["train", "epoch", "recall"], "values": [{"value": 0.0, "step": null, "ts": 1665318910.2599523}]}, "version": 154}
{"obj": {"type": "LogFloats", "path": ["train", "epoch", "loss_tot"], "values": [{"value": 0.5492100715637207, "step": null, "ts": 1665318910.6352549}]}, "version": 155}
{"obj": {"type": "LogFloats", "path": ["train", "epoch", "precision"], "values": [{"value": NaN, "step": null, "ts": 1665318910.6354678}]}, "version": 156}
{"obj": {"type": "LogFloats", "path": ["train", "epoch", "recall"], "values": [{"value": 0.0, "step": null, "ts": 1665318910.6355586}]}, "version": 157}
{"obj": {"type": "LogFloats", "path": ["train", "epoch", "loss_tot"], "values": [{"value": 0.5888605713844299, "step": null, "ts": 1665318910.9681199}]}, "version": 158}
{"obj": {"type": "LogFloats", "path": ["train", "epoch", "precision"], "values": [{"value": NaN, "step": null, "ts": 1665318910.9683945}]}, "version": 159}
{"obj": {"type": "LogFloats", "path": ["train", "epoch", "recall"], "values": [{"value": 0.0, "step": null, "ts": 1665318910.968512}]}, "version": 160}
{"obj": {"type": "LogFloats", "path": ["monitoring", "cpu"], "values": [{"value": 93.0, "step": null, "ts": 1665318911.4045808}]}, "version": 161}
{"obj": {"type": "LogFloats", "path": ["monitoring", "memory"], "values": [{"value": 8.87652587890625, "step": null, "ts": 1665318911.4045808}]}, "version": 162}
{"obj": {"type": "LogFloats", "path": ["monitoring", "gpu"], "values": [{"value": 15.0, "step": null, "ts": 1665318911.4045808}]}, "version": 163}
{"obj": {"type": "LogFloats", "path": ["monitoring", "gpu_memory"], "values": [{"value": 6.48175048828125, "step": null, "ts": 1665318911.4045808}]}, "version": 164}
{"obj": {"type": "LogFloats", "path": ["train", "epoch", "loss_tot"], "values": [{"value": 0.5198182463645935, "step": null, "ts": 1665318911.4868903}]}, "version": 165}
{"obj": {"type": "LogFloats", "path": ["train", "epoch", "precision"], "values": [{"value": NaN, "step": null, "ts": 1665318911.4870858}]}, "version": 166}
{"obj": {"type": "LogFloats", "path": ["train", "epoch", "recall"], "values": [{"value": 0.0, "step": null, "ts": 1665318911.4871829}]}, "version": 167}
{"obj": {"type": "LogFloats", "path": ["train", "epoch", "loss_tot"], "values": [{"value": 0.6336690783500671, "step": null, "ts": 1665318911.8784742}]}, "version": 168}
{"obj": {"type": "LogFloats", "path": ["train", "epoch", "precision"], "values": [{"value": 1.0, "step": null, "ts": 1665318911.8787246}]}, "version": 169}
{"obj": {"type": "LogFloats", "path": ["train", "epoch", "recall"], "values": [{"value": 0.25, "step": null, "ts": 1665318911.8788192}]}, "version": 170}
{"obj": {"type": "LogFloats", "path": ["train", "epoch", "loss_tot"], "values": [{"value": 0.8309715390205383, "step": null, "ts": 1665318912.0760841}]}, "version": 171}
{"obj": {"type": "LogFloats", "path": ["train", "epoch", "precision"], "values": [{"value": NaN, "step": null, "ts": 1665318912.0763984}]}, "version": 172}
{"obj": {"type": "LogFloats", "path": ["train", "epoch", "recall"], "values": [{"value": 0.0, "step": null, "ts": 1665318912.0765078}]}, "version": 173}
{"obj": {"type": "LogFloats", "path": ["train", "epoch", "loss_tot"], "values": [{"value": 0.4418039321899414, "step": null, "ts": 1665318912.2456725}]}, "version": 174}
{"obj": {"type": "LogFloats", "path": ["train", "epoch", "precision"], "values": [{"value": NaN, "step": null, "ts": 1665318912.295307}]}, "version": 175}
{"obj": {"type": "LogFloats", "path": ["train", "epoch", "recall"], "values": [{"value": 0.0, "step": null, "ts": 1665318912.295466}]}, "version": 176}
{"obj": {"type": "LogFloats", "path": ["train", "epoch", "loss_tot"], "values": [{"value": 0.7719770073890686, "step": null, "ts": 1665318912.4496176}]}, "version": 177}
{"obj": {"type": "LogStrings", "path": ["monitoring", "stderr"], "values": [{"value": "Error occurred during asynchronous operation processing: Cannot log infinite or NaN value to attribute train/epoch/precision\n", "step": null, "ts": 1665318912.4500868}]}, "version": 178}
{"obj": {"type": "LogFloats", "path": ["train", "epoch", "precision"], "values": [{"value": NaN, "step": null, "ts": 1665318912.4541237}]}, "version": 179}
{"obj": {"type": "LogFloats", "path": ["train", "epoch", "recall"], "values": [{"value": 0.0, "step": null, "ts": 1665318912.4543343}]}, "version": 180}
{"obj": {"type": "LogFloats", "path": ["train", "epoch", "loss_tot"], "values": [{"value": 0.7071424722671509, "step": null, "ts": 1665318912.6314225}]}, "version": 181}
{"obj": {"type": "LogFloats", "path": ["train", "epoch", "precision"], "values": [{"value": NaN, "step": null, "ts": 1665318912.631614}]}, "version": 182}
{"obj": {"type": "LogFloats", "path": ["train", "epoch", "recall"], "values": [{"value": 0.0, "step": null, "ts": 1665318912.6317031}]}, "version": 183}
{"obj": {"type": "LogFloats", "path": ["train", "epoch", "loss_tot"], "values": [{"value": 0.42964431643486023, "step": null, "ts": 1665318912.822505}]}, "version": 184}
{"obj": {"type": "LogFloats", "path": ["train", "epoch", "precision"], "values": [{"value": 0.0, "step": null, "ts": 1665318912.8226852}]}, "version": 185}
{"obj": {"type": "LogFloats", "path": ["train", "epoch", "recall"], "values": [{"value": NaN, "step": null, "ts": 1665318912.8227696}]}, "version": 186}
{"obj": {"type": "LogFloats", "path": ["train", "epoch", "loss_tot"], "values": [{"value": 0.6858018636703491, "step": null, "ts": 1665318912.9421146}]}, "version": 187}
{"obj": {"type": "LogFloats", "path": ["train", "epoch", "precision"], "values": [{"value": 1.0, "step": null, "ts": 1665318912.9423192}]}, "version": 188}
{"obj": {"type": "LogFloats", "path": ["train", "epoch", "recall"], "values": [{"value": 0.25, "step": null, "ts": 1665318912.9423966}]}, "version": 189}
{"obj": {"type": "LogFloats", "path": ["train", "epoch", "loss_tot"], "values": [{"value": 0.7285981774330139, "step": null, "ts": 1665318913.0773351}]}, "version": 190}
{"obj": {"type": "LogFloats", "path": ["train", "epoch", "precision"], "values": [{"value": 1.0, "step": null, "ts": 1665318913.0775151}]}, "version": 191}
{"obj": {"type": "LogFloats", "path": ["train", "epoch", "recall"], "values": [{"value": 0.3333333432674408, "step": null, "ts": 1665318913.0775971}]}, "version": 192}
{"obj": {"type": "LogStrings", "path": ["monitoring", "stderr"], "values": [{"value": "Error occurred during asynchronous operation processing: Cannot log infinite or NaN value to attribute train/epoch/recall\n", "step": null, "ts": 1665318917.544164}]}, "version": 193}
{"obj": {"type": "LogStrings", "path": ["monitoring", "stderr"], "values": [{"value": "Error occurred during asynchronous operation processing: Cannot log infinite or NaN value to attribute train/epoch/precision\n", "step": null, "ts": 1665318917.546607}]}, "version": 194}
{"obj": {"type": "LogFloats", "path": ["train", "epoch", "loss_tot"], "values": [{"value": 0.414833128452301, "step": null, "ts": 1665318919.3978322}]}, "version": 195}
{"obj": {"type": "LogFloats", "path": ["train", "epoch", "precision"], "values": [{"value": NaN, "step": null, "ts": 1665318919.3980453}]}, "version": 196}
{"obj": {"type": "LogFloats", "path": ["train", "epoch", "recall"], "values": [{"value": NaN, "step": null, "ts": 1665318919.3981357}]}, "version": 197}
{"obj": {"type": "LogFloats", "path": ["monitoring", "cpu"], "values": [{"value": 94.9, "step": null, "ts": 1665318921.4062111}]}, "version": 198}
{"obj": {"type": "LogFloats", "path": ["monitoring", "memory"], "values": [{"value": 8.889171600341797, "step": null, "ts": 1665318921.4062111}]}, "version": 199}
{"obj": {"type": "LogFloats", "path": ["monitoring", "gpu_memory"], "values": [{"value": 6.48175048828125, "step": null, "ts": 1665318921.4062111}]}, "version": 200}
{"obj": {"type": "LogFloats", "path": ["train", "epoch", "loss_tot"], "values": [{"value": 0.7082465887069702, "step": null, "ts": 1665318922.4694593}]}, "version": 201}
{"obj": {"type": "LogFloats", "path": ["train", "epoch", "precision"], "values": [{"value": NaN, "step": null, "ts": 1665318922.519101}]}, "version": 202}
{"obj": {"type": "LogFloats", "path": ["train", "epoch", "recall"], "values": [{"value": 0.0, "step": null, "ts": 1665318922.5192628}]}, "version": 203}
{"obj": {"type": "LogStrings", "path": ["monitoring", "stderr"], "values": [{"value": "Error occurred during asynchronous operation processing: Cannot log infinite or NaN value to attribute train/epoch/recall\n", "step": null, "ts": 1665318922.6482337}]}, "version": 204}
{"obj": {"type": "LogStrings", "path": ["monitoring", "stderr"], "values": [{"value": "Error occurred during asynchronous operation processing: Cannot log infinite or NaN value to attribute train/epoch/precision\n", "step": null, "ts": 1665318922.650198}]}, "version": 205}
{"obj": {"type": "LogFloats", "path": ["train", "epoch", "loss_tot"], "values": [{"value": 0.47023797035217285, "step": null, "ts": 1665318924.5677989}]}, "version": 206}
{"obj": {"type": "LogFloats", "path": ["train", "epoch", "precision"], "values": [{"value": NaN, "step": null, "ts": 1665318924.568129}]}, "version": 207}
{"obj": {"type": "LogFloats", "path": ["train", "epoch", "recall"], "values": [{"value": 0.0, "step": null, "ts": 1665318924.56824}]}, "version": 208}
{"obj": {"type": "LogFloats", "path": ["train", "epoch", "loss_tot"], "values": [{"value": 0.40599697828292847, "step": null, "ts": 1665318924.886935}]}, "version": 209}
{"obj": {"type": "LogFloats", "path": ["train", "epoch", "precision"], "values": [{"value": NaN, "step": null, "ts": 1665318924.8871388}]}, "version": 210}
{"obj": {"type": "LogFloats", "path": ["train", "epoch", "recall"], "values": [{"value": NaN, "step": null, "ts": 1665318924.887229}]}, "version": 211}
{"obj": {"type": "LogStrings", "path": ["monitoring", "stderr"], "values": [{"value": "Error occurred during asynchronous operation processing: Cannot log infinite or NaN value to attribute train/epoch/recall\n", "step": null, "ts": 1665318927.7833288}]}, "version": 212}
{"obj": {"type": "LogStrings", "path": ["monitoring", "stderr"], "values": [{"value": "Error occurred during asynchronous operation processing: Cannot log infinite or NaN value to attribute train/epoch/precision\n", "step": null, "ts": 1665318927.785287}]}, "version": 213}
{"obj": {"type": "LogFloats", "path": ["monitoring", "cpu"], "values": [{"value": 94.2, "step": null, "ts": 1665318931.4074595}]}, "version": 214}
{"obj": {"type": "LogFloats", "path": ["monitoring", "memory"], "values": [{"value": 9.396224975585938, "step": null, "ts": 1665318931.4074595}]}, "version": 215}
{"obj": {"type": "LogFloats", "path": ["monitoring", "gpu_memory"], "values": [{"value": 6.48175048828125, "step": null, "ts": 1665318931.4074595}]}, "version": 216}
{"obj": {"type": "LogFloats", "path": ["monitoring", "cpu"], "values": [{"value": 85.8, "step": null, "ts": 1665318941.4091027}]}, "version": 217}
{"obj": {"type": "LogFloats", "path": ["monitoring", "memory"], "values": [{"value": 9.726421356201172, "step": null, "ts": 1665318941.4091027}]}, "version": 218}
{"obj": {"type": "LogFloats", "path": ["monitoring", "gpu_memory"], "values": [{"value": 6.48175048828125, "step": null, "ts": 1665318941.4091027}]}, "version": 219}
{"obj": {"type": "LogFloats", "path": ["monitoring", "memory"], "values": [{"value": 9.727401733398438, "step": null, "ts": 1665318951.4118285}]}, "version": 220}
{"obj": {"type": "LogFloats", "path": ["monitoring", "gpu_memory"], "values": [{"value": 6.48175048828125, "step": null, "ts": 1665318951.4118285}]}, "version": 221}
{"obj": {"type": "LogFloats", "path": ["monitoring", "cpu"], "values": [{"value": 0.1, "step": null, "ts": 1665318961.4140565}]}, "version": 222}
{"obj": {"type": "LogFloats", "path": ["monitoring", "memory"], "values": [{"value": 9.72775650024414, "step": null, "ts": 1665318961.4140565}]}, "version": 223}
{"obj": {"type": "LogFloats", "path": ["monitoring", "gpu_memory"], "values": [{"value": 6.48175048828125, "step": null, "ts": 1665318961.4140565}]}, "version": 224}
{"obj": {"type": "LogFloats", "path": ["monitoring", "cpu"], "values": [{"value": 0.1, "step": null, "ts": 1665318971.416551}]}, "version": 225}
{"obj": {"type": "LogFloats", "path": ["monitoring", "memory"], "values": [{"value": 9.729743957519531, "step": null, "ts": 1665318971.416551}]}, "version": 226}
{"obj": {"type": "LogFloats", "path": ["monitoring", "gpu_memory"], "values": [{"value": 6.48175048828125, "step": null, "ts": 1665318971.416551}]}, "version": 227}
{"obj": {"type": "LogFloats", "path": ["monitoring", "memory"], "values": [{"value": 9.73025894165039, "step": null, "ts": 1665318981.4190567}]}, "version": 228}
{"obj": {"type": "LogFloats", "path": ["monitoring", "gpu_memory"], "values": [{"value": 6.48175048828125, "step": null, "ts": 1665318981.4190567}]}, "version": 229}
{"obj": {"type": "LogFloats", "path": ["monitoring", "memory"], "values": [{"value": 9.729854583740234, "step": null, "ts": 1665318991.4213004}]}, "version": 230}
{"obj": {"type": "LogFloats", "path": ["monitoring", "gpu_memory"], "values": [{"value": 6.48175048828125, "step": null, "ts": 1665318991.4213004}]}, "version": 231}
{"obj": {"type": "LogFloats", "path": ["monitoring", "memory"], "values": [{"value": 9.729869842529297, "step": null, "ts": 1665319001.4235418}]}, "version": 232}
{"obj": {"type": "LogFloats", "path": ["monitoring", "gpu_memory"], "values": [{"value": 6.48175048828125, "step": null, "ts": 1665319001.4235418}]}, "version": 233}
{"obj": {"type": "LogFloats", "path": ["monitoring", "memory"], "values": [{"value": 9.729900360107422, "step": null, "ts": 1665319011.4258022}]}, "version": 234}
{"obj": {"type": "LogFloats", "path": ["monitoring", "gpu_memory"], "values": [{"value": 6.48175048828125, "step": null, "ts": 1665319011.4258022}]}, "version": 235}
{"obj": {"type": "LogFloats", "path": ["monitoring", "memory"], "values": [{"value": 9.729976654052734, "step": null, "ts": 1665319021.4280646}]}, "version": 236}
{"obj": {"type": "LogFloats", "path": ["monitoring", "gpu_memory"], "values": [{"value": 6.48175048828125, "step": null, "ts": 1665319021.4280646}]}, "version": 237}
{"obj": {"type": "LogStrings", "path": ["monitoring", "stdout"], "values": [{"value": "b'Shutting down background jobs, please wait a moment...\\n'", "step": null, "ts": 1665319022.5890887}]}, "version": 238}
