{"obj": {"type": "AssignString", "path": ["sys", "name"], "value": "Untitled"}, "version": 1}
{"obj": {"type": "AssignString", "path": ["sys", "description"], "value": ""}, "version": 2}
{"obj": {"type": "AssignString", "path": ["sys", "hostname"], "value": "dell1"}, "version": 3}
{"obj": {"type": "AssignBool", "path": ["sys", "failed"], "value": false}, "version": 4}
{"obj": {"type": "ClearStringLog", "path": ["monitoring", "stdout"]}, "version": 5}
{"obj": {"type": "ClearStringLog", "path": ["monitoring", "stderr"]}, "version": 6}
{"obj": {"type": "ConfigFloatSeries", "path": ["monitoring", "cpu"], "min": 0.0, "max": 100.0, "unit": "%"}, "version": 7}
{"obj": {"type": "ClearFloatLog", "path": ["monitoring", "cpu"]}, "version": 8}
{"obj": {"type": "ConfigFloatSeries", "path": ["monitoring", "memory"], "min": 0.0, "max": 125.54232025146484, "unit": "GB"}, "version": 9}
{"obj": {"type": "ClearFloatLog", "path": ["monitoring", "memory"]}, "version": 10}
{"obj": {"type": "ConfigFloatSeries", "path": ["monitoring", "gpu"], "min": 0.0, "max": 100.0, "unit": "%"}, "version": 11}
{"obj": {"type": "ClearFloatLog", "path": ["monitoring", "gpu"]}, "version": 12}
{"obj": {"type": "ConfigFloatSeries", "path": ["monitoring", "gpu_memory"], "min": 0.0, "max": 23.6912841796875, "unit": "GB"}, "version": 13}
{"obj": {"type": "ClearFloatLog", "path": ["monitoring", "gpu_memory"]}, "version": 14}
{"obj": {"type": "LogStrings", "path": ["monitoring", "stdout"], "values": [{"value": "b''", "step": null, "ts": 1665090295.1960049}]}, "version": 15}
{"obj": {"type": "LogStrings", "path": ["monitoring", "stdout"], "values": [{"value": "b'Remember to stop your run once you\\xe2\\x80\\x99ve finished logging your metadata (https://docs.neptune.ai/api-reference/run#.stop). It will be stopped automatically only when the notebook kernel/interactive console is terminated.\\n'", "step": null, "ts": 1665090295.1973608}]}, "version": 16}
{"obj": {"type": "AssignString", "path": ["config", "optimizer"], "value": "Adam (\nParameter Group 0\n    amsgrad: False\n    betas: (0.9, 0.999)\n    eps: 1e-08\n    initial_lr: 0.001\n    lr: 0.001\n    weight_decay: 0\n)"}, "version": 17}
{"obj": {"type": "LogFloats", "path": ["monitoring", "cpu"], "values": [{"value": 1.3, "step": null, "ts": 1665090295.1869335}]}, "version": 18}
{"obj": {"type": "LogFloats", "path": ["monitoring", "memory"], "values": [{"value": 6.487560272216797, "step": null, "ts": 1665090295.1869335}]}, "version": 19}
{"obj": {"type": "LogFloats", "path": ["monitoring", "gpu_memory"], "values": [{"value": 12.79815673828125, "step": null, "ts": 1665090295.1869335}]}, "version": 20}
{"obj": {"type": "LogFloats", "path": ["train", "epoch", "loss_tot"], "values": [{"value": 0.7309149503707886, "step": null, "ts": 1665090299.420868}]}, "version": 21}
{"obj": {"type": "LogFloats", "path": ["train", "epoch", "precision"], "values": [{"value": 0.1666666716337204, "step": null, "ts": 1665090299.4210372}]}, "version": 22}
{"obj": {"type": "LogFloats", "path": ["train", "epoch", "recall"], "values": [{"value": 0.5, "step": null, "ts": 1665090299.421123}]}, "version": 23}
{"obj": {"type": "LogFloats", "path": ["train", "epoch", "loss_tot"], "values": [{"value": 0.3642908036708832, "step": null, "ts": 1665090299.534755}]}, "version": 24}
{"obj": {"type": "LogFloats", "path": ["train", "epoch", "precision"], "values": [{"value": 0.5, "step": null, "ts": 1665090299.5348933}]}, "version": 25}
{"obj": {"type": "LogFloats", "path": ["train", "epoch", "recall"], "values": [{"value": 1.0, "step": null, "ts": 1665090299.5349681}]}, "version": 26}
{"obj": {"type": "LogFloats", "path": ["train", "epoch", "loss_tot"], "values": [{"value": 1.4531669616699219, "step": null, "ts": 1665090299.6457143}]}, "version": 27}
{"obj": {"type": "LogFloats", "path": ["train", "epoch", "precision"], "values": [{"value": 0.0, "step": null, "ts": 1665090299.6458952}]}, "version": 28}
{"obj": {"type": "LogFloats", "path": ["train", "epoch", "recall"], "values": [{"value": NaN, "step": null, "ts": 1665090299.6459913}]}, "version": 29}
{"obj": {"type": "LogFloats", "path": ["train", "epoch", "loss_tot"], "values": [{"value": 0.2610391676425934, "step": null, "ts": 1665090299.7548025}]}, "version": 30}
{"obj": {"type": "LogFloats", "path": ["train", "epoch", "precision"], "values": [{"value": 0.5, "step": null, "ts": 1665090299.7550251}]}, "version": 31}
{"obj": {"type": "LogFloats", "path": ["train", "epoch", "recall"], "values": [{"value": 1.0, "step": null, "ts": 1665090299.755111}]}, "version": 32}
{"obj": {"type": "LogFloats", "path": ["train", "epoch", "loss_tot"], "values": [{"value": 0.3155401349067688, "step": null, "ts": 1665090299.8653374}]}, "version": 33}
{"obj": {"type": "LogFloats", "path": ["train", "epoch", "precision"], "values": [{"value": 0.0, "step": null, "ts": 1665090299.8655078}]}, "version": 34}
{"obj": {"type": "LogFloats", "path": ["train", "epoch", "recall"], "values": [{"value": NaN, "step": null, "ts": 1665090299.8655782}]}, "version": 35}
{"obj": {"type": "LogFloats", "path": ["train", "epoch", "loss_tot"], "values": [{"value": 1.6257506608963013, "step": null, "ts": 1665090299.9749866}]}, "version": 36}
{"obj": {"type": "LogFloats", "path": ["train", "epoch", "precision"], "values": [{"value": NaN, "step": null, "ts": 1665090299.9751396}]}, "version": 37}
{"obj": {"type": "LogFloats", "path": ["train", "epoch", "recall"], "values": [{"value": 0.0, "step": null, "ts": 1665090299.975219}]}, "version": 38}
{"obj": {"type": "LogFloats", "path": ["train", "epoch", "loss_tot"], "values": [{"value": 0.4558705687522888, "step": null, "ts": 1665090300.0862277}]}, "version": 39}
{"obj": {"type": "LogFloats", "path": ["train", "epoch", "precision"], "values": [{"value": NaN, "step": null, "ts": 1665090300.0863483}]}, "version": 40}
{"obj": {"type": "LogFloats", "path": ["train", "epoch", "recall"], "values": [{"value": 0.0, "step": null, "ts": 1665090300.0864103}]}, "version": 41}
{"obj": {"type": "LogFloats", "path": ["train", "epoch", "loss_tot"], "values": [{"value": 0.9029338359832764, "step": null, "ts": 1665090300.194584}]}, "version": 42}
{"obj": {"type": "LogFloats", "path": ["train", "epoch", "precision"], "values": [{"value": NaN, "step": null, "ts": 1665090300.19471}]}, "version": 43}
{"obj": {"type": "LogFloats", "path": ["train", "epoch", "recall"], "values": [{"value": 0.0, "step": null, "ts": 1665090300.1947706}]}, "version": 44}
{"obj": {"type": "LogFloats", "path": ["train", "epoch", "loss_tot"], "values": [{"value": 0.2869802713394165, "step": null, "ts": 1665090300.3030744}]}, "version": 45}
{"obj": {"type": "LogFloats", "path": ["train", "epoch", "precision"], "values": [{"value": NaN, "step": null, "ts": 1665090300.3032093}]}, "version": 46}
{"obj": {"type": "LogFloats", "path": ["train", "epoch", "recall"], "values": [{"value": 0.0, "step": null, "ts": 1665090300.3032706}]}, "version": 47}
{"obj": {"type": "LogFloats", "path": ["train", "epoch", "loss_tot"], "values": [{"value": 1.451528549194336, "step": null, "ts": 1665090300.4124465}]}, "version": 48}
{"obj": {"type": "LogFloats", "path": ["train", "epoch", "precision"], "values": [{"value": NaN, "step": null, "ts": 1665090300.4126017}]}, "version": 49}
{"obj": {"type": "LogFloats", "path": ["train", "epoch", "recall"], "values": [{"value": 0.0, "step": null, "ts": 1665090300.4126651}]}, "version": 50}
{"obj": {"type": "LogStrings", "path": ["monitoring", "stderr"], "values": [{"value": "Error occurred during asynchronous operation processing: Cannot log infinite or NaN value to attribute train/epoch/precision\n", "step": null, "ts": 1665090300.4436862}]}, "version": 51}
{"obj": {"type": "LogStrings", "path": ["monitoring", "stderr"], "values": [{"value": "Error occurred during asynchronous operation processing: Cannot log infinite or NaN value to attribute train/epoch/recall\n", "step": null, "ts": 1665090300.444641}]}, "version": 52}
{"obj": {"type": "LogFloats", "path": ["train", "epoch", "loss_tot"], "values": [{"value": 0.8904510736465454, "step": null, "ts": 1665090300.5213687}]}, "version": 53}
{"obj": {"type": "LogFloats", "path": ["train", "epoch", "precision"], "values": [{"value": 0.0, "step": null, "ts": 1665090300.5215135}]}, "version": 54}
{"obj": {"type": "LogFloats", "path": ["train", "epoch", "recall"], "values": [{"value": 0.0, "step": null, "ts": 1665090300.521577}]}, "version": 55}
{"obj": {"type": "LogFloats", "path": ["train", "epoch", "loss_tot"], "values": [{"value": 1.0437798500061035, "step": null, "ts": 1665090300.62977}]}, "version": 56}
{"obj": {"type": "LogFloats", "path": ["train", "epoch", "precision"], "values": [{"value": 1.0, "step": null, "ts": 1665090300.6299453}]}, "version": 57}
{"obj": {"type": "LogFloats", "path": ["train", "epoch", "recall"], "values": [{"value": 0.25, "step": null, "ts": 1665090300.6300142}]}, "version": 58}
{"obj": {"type": "LogFloats", "path": ["train", "epoch", "loss_tot"], "values": [{"value": 0.6552512645721436, "step": null, "ts": 1665090300.7394314}]}, "version": 59}
{"obj": {"type": "LogFloats", "path": ["train", "epoch", "precision"], "values": [{"value": 1.0, "step": null, "ts": 1665090300.7395744}]}, "version": 60}
{"obj": {"type": "LogFloats", "path": ["train", "epoch", "recall"], "values": [{"value": 0.25, "step": null, "ts": 1665090300.7396383}]}, "version": 61}
{"obj": {"type": "LogFloats", "path": ["train", "epoch", "loss_tot"], "values": [{"value": 2.072871446609497, "step": null, "ts": 1665090300.8491988}]}, "version": 62}
{"obj": {"type": "LogFloats", "path": ["train", "epoch", "precision"], "values": [{"value": 1.0, "step": null, "ts": 1665090300.849341}]}, "version": 63}
{"obj": {"type": "LogFloats", "path": ["train", "epoch", "recall"], "values": [{"value": 0.2857142984867096, "step": null, "ts": 1665090300.8494072}]}, "version": 64}
{"obj": {"type": "LogFloats", "path": ["train", "epoch", "loss_tot"], "values": [{"value": 0.9592962265014648, "step": null, "ts": 1665090300.9580185}]}, "version": 65}
{"obj": {"type": "LogFloats", "path": ["train", "epoch", "precision"], "values": [{"value": 0.0, "step": null, "ts": 1665090300.958173}]}, "version": 66}
{"obj": {"type": "LogFloats", "path": ["train", "epoch", "recall"], "values": [{"value": 0.0, "step": null, "ts": 1665090300.9582403}]}, "version": 67}
{"obj": {"type": "LogFloats", "path": ["train", "epoch", "loss_tot"], "values": [{"value": 0.5542865991592407, "step": null, "ts": 1665090301.067427}]}, "version": 68}
{"obj": {"type": "LogFloats", "path": ["train", "epoch", "precision"], "values": [{"value": 0.0, "step": null, "ts": 1665090301.0676296}]}, "version": 69}
{"obj": {"type": "LogFloats", "path": ["train", "epoch", "recall"], "values": [{"value": 0.0, "step": null, "ts": 1665090301.067702}]}, "version": 70}
{"obj": {"type": "LogFloats", "path": ["train", "epoch", "loss_tot"], "values": [{"value": 0.30652546882629395, "step": null, "ts": 1665090302.7305236}]}, "version": 71}
{"obj": {"type": "LogFloats", "path": ["train", "epoch", "precision"], "values": [{"value": 0.6666666865348816, "step": null, "ts": 1665090302.7306952}]}, "version": 72}
{"obj": {"type": "LogFloats", "path": ["train", "epoch", "recall"], "values": [{"value": 1.0, "step": null, "ts": 1665090302.7307715}]}, "version": 73}
{"obj": {"type": "LogFloats", "path": ["train", "epoch", "loss_tot"], "values": [{"value": 0.2476235181093216, "step": null, "ts": 1665090302.839072}]}, "version": 74}
{"obj": {"type": "LogFloats", "path": ["train", "epoch", "precision"], "values": [{"value": 1.0, "step": null, "ts": 1665090302.8392253}]}, "version": 75}
{"obj": {"type": "LogFloats", "path": ["train", "epoch", "recall"], "values": [{"value": 1.0, "step": null, "ts": 1665090302.8392985}]}, "version": 76}
{"obj": {"type": "LogFloats", "path": ["train", "epoch", "loss_tot"], "values": [{"value": 0.5791435837745667, "step": null, "ts": 1665090302.9491184}]}, "version": 77}
{"obj": {"type": "LogFloats", "path": ["train", "epoch", "precision"], "values": [{"value": 0.3333333432674408, "step": null, "ts": 1665090302.9493022}]}, "version": 78}
{"obj": {"type": "LogFloats", "path": ["train", "epoch", "recall"], "values": [{"value": 1.0, "step": null, "ts": 1665090302.9493787}]}, "version": 79}
{"obj": {"type": "LogFloats", "path": ["train", "epoch", "loss_tot"], "values": [{"value": 0.6357351541519165, "step": null, "ts": 1665090303.059699}]}, "version": 80}
{"obj": {"type": "LogFloats", "path": ["train", "epoch", "precision"], "values": [{"value": 0.0, "step": null, "ts": 1665090303.0598989}]}, "version": 81}
{"obj": {"type": "LogFloats", "path": ["train", "epoch", "recall"], "values": [{"value": NaN, "step": null, "ts": 1665090303.0600042}]}, "version": 82}
{"obj": {"type": "LogFloats", "path": ["train", "epoch", "loss_tot"], "values": [{"value": 0.7609550356864929, "step": null, "ts": 1665090303.1685414}]}, "version": 83}
{"obj": {"type": "LogFloats", "path": ["train", "epoch", "precision"], "values": [{"value": 0.5, "step": null, "ts": 1665090303.1687047}]}, "version": 84}
{"obj": {"type": "LogFloats", "path": ["train", "epoch", "recall"], "values": [{"value": 0.3333333432674408, "step": null, "ts": 1665090303.168773}]}, "version": 85}
{"obj": {"type": "LogFloats", "path": ["train", "epoch", "loss_tot"], "values": [{"value": 0.46211305260658264, "step": null, "ts": 1665090303.2787848}]}, "version": 86}
{"obj": {"type": "LogFloats", "path": ["train", "epoch", "precision"], "values": [{"value": 0.5, "step": null, "ts": 1665090303.2789655}]}, "version": 87}
{"obj": {"type": "LogFloats", "path": ["train", "epoch", "recall"], "values": [{"value": 1.0, "step": null, "ts": 1665090303.279074}]}, "version": 88}
{"obj": {"type": "LogFloats", "path": ["train", "epoch", "loss_tot"], "values": [{"value": 0.5462299585342407, "step": null, "ts": 1665090303.38869}]}, "version": 89}
{"obj": {"type": "LogFloats", "path": ["train", "epoch", "precision"], "values": [{"value": 0.0, "step": null, "ts": 1665090303.3888319}]}, "version": 90}
{"obj": {"type": "LogFloats", "path": ["train", "epoch", "recall"], "values": [{"value": 0.0, "step": null, "ts": 1665090303.3888938}]}, "version": 91}
{"obj": {"type": "LogFloats", "path": ["train", "epoch", "loss_tot"], "values": [{"value": 0.3120904266834259, "step": null, "ts": 1665090303.4971335}]}, "version": 92}
{"obj": {"type": "LogFloats", "path": ["train", "epoch", "precision"], "values": [{"value": 1.0, "step": null, "ts": 1665090303.4972847}]}, "version": 93}
{"obj": {"type": "LogFloats", "path": ["train", "epoch", "recall"], "values": [{"value": 1.0, "step": null, "ts": 1665090303.4973536}]}, "version": 94}
{"obj": {"type": "LogFloats", "path": ["train", "epoch", "loss_tot"], "values": [{"value": 0.36189737915992737, "step": null, "ts": 1665090303.605786}]}, "version": 95}
{"obj": {"type": "LogFloats", "path": ["train", "epoch", "precision"], "values": [{"value": 0.0, "step": null, "ts": 1665090303.6059315}]}, "version": 96}
{"obj": {"type": "LogFloats", "path": ["train", "epoch", "recall"], "values": [{"value": NaN, "step": null, "ts": 1665090303.6060023}]}, "version": 97}
{"obj": {"type": "LogFloats", "path": ["train", "epoch", "loss_tot"], "values": [{"value": 0.3325977325439453, "step": null, "ts": 1665090303.714904}]}, "version": 98}
{"obj": {"type": "LogFloats", "path": ["train", "epoch", "precision"], "values": [{"value": 0.0, "step": null, "ts": 1665090303.7150612}]}, "version": 99}
{"obj": {"type": "LogFloats", "path": ["train", "epoch", "recall"], "values": [{"value": NaN, "step": null, "ts": 1665090303.7151265}]}, "version": 100}
{"obj": {"type": "LogFloats", "path": ["train", "epoch", "loss_tot"], "values": [{"value": 0.5159950852394104, "step": null, "ts": 1665090303.8239744}]}, "version": 101}
{"obj": {"type": "LogFloats", "path": ["train", "epoch", "precision"], "values": [{"value": NaN, "step": null, "ts": 1665090303.824137}]}, "version": 102}
{"obj": {"type": "LogFloats", "path": ["train", "epoch", "recall"], "values": [{"value": 0.0, "step": null, "ts": 1665090303.824209}]}, "version": 103}
{"obj": {"type": "LogFloats", "path": ["train", "epoch", "loss_tot"], "values": [{"value": 0.9094561338424683, "step": null, "ts": 1665090303.9341307}]}, "version": 104}
{"obj": {"type": "LogFloats", "path": ["train", "epoch", "precision"], "values": [{"value": NaN, "step": null, "ts": 1665090303.9343004}]}, "version": 105}
{"obj": {"type": "LogFloats", "path": ["train", "epoch", "recall"], "values": [{"value": 0.0, "step": null, "ts": 1665090303.9343724}]}, "version": 106}
{"obj": {"type": "LogFloats", "path": ["train", "epoch", "loss_tot"], "values": [{"value": 0.2520541250705719, "step": null, "ts": 1665090304.0447257}]}, "version": 107}
{"obj": {"type": "LogFloats", "path": ["train", "epoch", "precision"], "values": [{"value": NaN, "step": null, "ts": 1665090304.0449057}]}, "version": 108}
{"obj": {"type": "LogFloats", "path": ["train", "epoch", "recall"], "values": [{"value": NaN, "step": null, "ts": 1665090304.0449848}]}, "version": 109}
{"obj": {"type": "LogFloats", "path": ["train", "epoch", "loss_tot"], "values": [{"value": 0.19522418081760406, "step": null, "ts": 1665090304.153712}]}, "version": 110}
{"obj": {"type": "LogFloats", "path": ["train", "epoch", "precision"], "values": [{"value": NaN, "step": null, "ts": 1665090304.153889}]}, "version": 111}
{"obj": {"type": "LogFloats", "path": ["train", "epoch", "recall"], "values": [{"value": NaN, "step": null, "ts": 1665090304.1539688}]}, "version": 112}
{"obj": {"type": "LogFloats", "path": ["train", "epoch", "loss_tot"], "values": [{"value": 0.3567125201225281, "step": null, "ts": 1665090304.26318}]}, "version": 113}
{"obj": {"type": "LogFloats", "path": ["train", "epoch", "precision"], "values": [{"value": NaN, "step": null, "ts": 1665090304.2633433}]}, "version": 114}
{"obj": {"type": "LogFloats", "path": ["train", "epoch", "recall"], "values": [{"value": 0.0, "step": null, "ts": 1665090304.263415}]}, "version": 115}
{"obj": {"type": "LogFloats", "path": ["train", "epoch", "loss_tot"], "values": [{"value": 0.3201894760131836, "step": null, "ts": 1665090304.371766}]}, "version": 116}
{"obj": {"type": "LogFloats", "path": ["train", "epoch", "precision"], "values": [{"value": NaN, "step": null, "ts": 1665090304.3719249}]}, "version": 117}
{"obj": {"type": "LogFloats", "path": ["train", "epoch", "recall"], "values": [{"value": 0.0, "step": null, "ts": 1665090304.3719969}]}, "version": 118}
{"obj": {"type": "LogFloats", "path": ["monitoring", "cpu"], "values": [{"value": 9.8, "step": null, "ts": 1665090305.2014287}]}, "version": 119}
{"obj": {"type": "LogFloats", "path": ["monitoring", "memory"], "values": [{"value": 8.844478607177734, "step": null, "ts": 1665090305.2014287}]}, "version": 120}
{"obj": {"type": "LogFloats", "path": ["monitoring", "gpu_memory"], "values": [{"value": 16.86260986328125, "step": null, "ts": 1665090305.2014287}]}, "version": 121}
{"obj": {"type": "LogFloats", "path": ["train", "epoch", "loss_tot"], "values": [{"value": 0.4562859833240509, "step": null, "ts": 1665090305.515194}]}, "version": 122}
{"obj": {"type": "LogFloats", "path": ["train", "epoch", "precision"], "values": [{"value": NaN, "step": null, "ts": 1665090305.5153558}]}, "version": 123}
{"obj": {"type": "LogFloats", "path": ["train", "epoch", "recall"], "values": [{"value": 0.0, "step": null, "ts": 1665090305.515424}]}, "version": 124}
{"obj": {"type": "LogStrings", "path": ["monitoring", "stderr"], "values": [{"value": "Error occurred during asynchronous operation processing: Cannot log infinite or NaN value to attribute train/epoch/precision\n", "step": null, "ts": 1665090305.557579}]}, "version": 125}
{"obj": {"type": "LogStrings", "path": ["monitoring", "stderr"], "values": [{"value": "Error occurred during asynchronous operation processing: Cannot log infinite or NaN value to attribute train/epoch/recall\n", "step": null, "ts": 1665090305.5585456}]}, "version": 126}
{"obj": {"type": "LogFloats", "path": ["train", "epoch", "loss_tot"], "values": [{"value": 0.49942630529403687, "step": null, "ts": 1665090305.6268103}]}, "version": 127}
{"obj": {"type": "LogFloats", "path": ["train", "epoch", "precision"], "values": [{"value": NaN, "step": null, "ts": 1665090305.6269577}]}, "version": 128}
{"obj": {"type": "LogFloats", "path": ["train", "epoch", "recall"], "values": [{"value": 0.0, "step": null, "ts": 1665090305.6270227}]}, "version": 129}
{"obj": {"type": "LogFloats", "path": ["train", "epoch", "loss_tot"], "values": [{"value": 0.34844130277633667, "step": null, "ts": 1665090305.735502}]}, "version": 130}
{"obj": {"type": "LogFloats", "path": ["train", "epoch", "precision"], "values": [{"value": NaN, "step": null, "ts": 1665090305.7356715}]}, "version": 131}
{"obj": {"type": "LogFloats", "path": ["train", "epoch", "recall"], "values": [{"value": 0.0, "step": null, "ts": 1665090305.7357442}]}, "version": 132}
{"obj": {"type": "LogFloats", "path": ["train", "epoch", "loss_tot"], "values": [{"value": 1.4963619709014893, "step": null, "ts": 1665090305.845083}]}, "version": 133}
{"obj": {"type": "LogFloats", "path": ["train", "epoch", "precision"], "values": [{"value": NaN, "step": null, "ts": 1665090305.8452702}]}, "version": 134}
{"obj": {"type": "LogFloats", "path": ["train", "epoch", "recall"], "values": [{"value": 0.0, "step": null, "ts": 1665090305.8453405}]}, "version": 135}
{"obj": {"type": "LogFloats", "path": ["train", "epoch", "loss_tot"], "values": [{"value": 0.9551284313201904, "step": null, "ts": 1665090305.9555724}]}, "version": 136}
{"obj": {"type": "LogFloats", "path": ["train", "epoch", "precision"], "values": [{"value": NaN, "step": null, "ts": 1665090305.955722}]}, "version": 137}
{"obj": {"type": "LogFloats", "path": ["train", "epoch", "recall"], "values": [{"value": 0.0, "step": null, "ts": 1665090305.9558012}]}, "version": 138}
{"obj": {"type": "LogFloats", "path": ["train", "epoch", "loss_tot"], "values": [{"value": 0.27642086148262024, "step": null, "ts": 1665090306.0641096}]}, "version": 139}
{"obj": {"type": "LogFloats", "path": ["train", "epoch", "precision"], "values": [{"value": NaN, "step": null, "ts": 1665090306.0642672}]}, "version": 140}
{"obj": {"type": "LogFloats", "path": ["train", "epoch", "recall"], "values": [{"value": 0.0, "step": null, "ts": 1665090306.064337}]}, "version": 141}
{"obj": {"type": "LogFloats", "path": ["train", "epoch", "loss_tot"], "values": [{"value": 0.7673865556716919, "step": null, "ts": 1665090306.1734924}]}, "version": 142}
{"obj": {"type": "LogFloats", "path": ["train", "epoch", "precision"], "values": [{"value": NaN, "step": null, "ts": 1665090306.1736476}]}, "version": 143}
{"obj": {"type": "LogFloats", "path": ["train", "epoch", "recall"], "values": [{"value": 0.0, "step": null, "ts": 1665090306.1737182}]}, "version": 144}
{"obj": {"type": "LogFloats", "path": ["train", "epoch", "loss_tot"], "values": [{"value": 0.6820703744888306, "step": null, "ts": 1665090306.282221}]}, "version": 145}
{"obj": {"type": "LogFloats", "path": ["train", "epoch", "precision"], "values": [{"value": NaN, "step": null, "ts": 1665090306.2823408}]}, "version": 146}
{"obj": {"type": "LogFloats", "path": ["train", "epoch", "recall"], "values": [{"value": 0.0, "step": null, "ts": 1665090306.2824128}]}, "version": 147}
{"obj": {"type": "LogFloats", "path": ["train", "epoch", "loss_tot"], "values": [{"value": 0.2568252980709076, "step": null, "ts": 1665090306.3909504}]}, "version": 148}
{"obj": {"type": "LogFloats", "path": ["train", "epoch", "precision"], "values": [{"value": NaN, "step": null, "ts": 1665090306.3911066}]}, "version": 149}
{"obj": {"type": "LogFloats", "path": ["train", "epoch", "recall"], "values": [{"value": 0.0, "step": null, "ts": 1665090306.3911736}]}, "version": 150}
{"obj": {"type": "LogFloats", "path": ["train", "epoch", "loss_tot"], "values": [{"value": 0.47921115159988403, "step": null, "ts": 1665090306.500545}]}, "version": 151}
{"obj": {"type": "LogFloats", "path": ["train", "epoch", "precision"], "values": [{"value": NaN, "step": null, "ts": 1665090306.5006998}]}, "version": 152}
{"obj": {"type": "LogFloats", "path": ["train", "epoch", "recall"], "values": [{"value": 0.0, "step": null, "ts": 1665090306.5007734}]}, "version": 153}
{"obj": {"type": "LogFloats", "path": ["train", "epoch", "loss_tot"], "values": [{"value": 0.32846951484680176, "step": null, "ts": 1665090306.6091428}]}, "version": 154}
{"obj": {"type": "LogFloats", "path": ["train", "epoch", "precision"], "values": [{"value": NaN, "step": null, "ts": 1665090306.6093078}]}, "version": 155}
{"obj": {"type": "LogFloats", "path": ["train", "epoch", "recall"], "values": [{"value": 0.0, "step": null, "ts": 1665090306.609387}]}, "version": 156}
{"obj": {"type": "LogFloats", "path": ["train", "epoch", "loss_tot"], "values": [{"value": 0.305392861366272, "step": null, "ts": 1665090306.7192047}]}, "version": 157}
{"obj": {"type": "LogFloats", "path": ["train", "epoch", "precision"], "values": [{"value": NaN, "step": null, "ts": 1665090306.719369}]}, "version": 158}
{"obj": {"type": "LogFloats", "path": ["train", "epoch", "recall"], "values": [{"value": 0.0, "step": null, "ts": 1665090306.719438}]}, "version": 159}
{"obj": {"type": "LogFloats", "path": ["train", "epoch", "loss_tot"], "values": [{"value": 0.3606640696525574, "step": null, "ts": 1665090306.827841}]}, "version": 160}
{"obj": {"type": "LogFloats", "path": ["train", "epoch", "precision"], "values": [{"value": NaN, "step": null, "ts": 1665090306.828008}]}, "version": 161}
{"obj": {"type": "LogFloats", "path": ["train", "epoch", "recall"], "values": [{"value": 0.0, "step": null, "ts": 1665090306.8280742}]}, "version": 162}
{"obj": {"type": "LogFloats", "path": ["train", "epoch", "loss_tot"], "values": [{"value": 0.33885881304740906, "step": null, "ts": 1665090306.9362462}]}, "version": 163}
{"obj": {"type": "LogFloats", "path": ["train", "epoch", "precision"], "values": [{"value": NaN, "step": null, "ts": 1665090306.9364617}]}, "version": 164}
{"obj": {"type": "LogFloats", "path": ["train", "epoch", "recall"], "values": [{"value": 0.0, "step": null, "ts": 1665090306.9365523}]}, "version": 165}
{"obj": {"type": "LogFloats", "path": ["train", "epoch", "loss_tot"], "values": [{"value": 0.42651915550231934, "step": null, "ts": 1665090307.045442}]}, "version": 166}
{"obj": {"type": "LogFloats", "path": ["train", "epoch", "precision"], "values": [{"value": NaN, "step": null, "ts": 1665090307.0455813}]}, "version": 167}
{"obj": {"type": "LogFloats", "path": ["train", "epoch", "recall"], "values": [{"value": 0.0, "step": null, "ts": 1665090307.045643}]}, "version": 168}
{"obj": {"type": "LogFloats", "path": ["train", "epoch", "loss_tot"], "values": [{"value": 0.1435612142086029, "step": null, "ts": 1665090307.1541932}]}, "version": 169}
{"obj": {"type": "LogFloats", "path": ["train", "epoch", "precision"], "values": [{"value": 1.0, "step": null, "ts": 1665090307.154334}]}, "version": 170}
{"obj": {"type": "LogFloats", "path": ["train", "epoch", "recall"], "values": [{"value": 1.0, "step": null, "ts": 1665090307.1543958}]}, "version": 171}
{"obj": {"type": "LogFloats", "path": ["train", "epoch", "loss_tot"], "values": [{"value": 0.4984308183193207, "step": null, "ts": 1665090308.1234286}]}, "version": 172}
{"obj": {"type": "LogFloats", "path": ["train", "epoch", "precision"], "values": [{"value": 0.6666666865348816, "step": null, "ts": 1665090308.1235893}]}, "version": 173}
{"obj": {"type": "LogFloats", "path": ["train", "epoch", "recall"], "values": [{"value": 0.6666666865348816, "step": null, "ts": 1665090308.1236567}]}, "version": 174}
{"obj": {"type": "LogFloats", "path": ["train", "epoch", "loss_tot"], "values": [{"value": 0.43527042865753174, "step": null, "ts": 1665090308.2325175}]}, "version": 175}
{"obj": {"type": "LogFloats", "path": ["train", "epoch", "precision"], "values": [{"value": 1.0, "step": null, "ts": 1665090308.2327278}]}, "version": 176}
{"obj": {"type": "LogFloats", "path": ["train", "epoch", "recall"], "values": [{"value": 0.3333333432674408, "step": null, "ts": 1665090308.232811}]}, "version": 177}
{"obj": {"type": "LogFloats", "path": ["train", "epoch", "loss_tot"], "values": [{"value": 0.4971024990081787, "step": null, "ts": 1665090308.3440306}]}, "version": 178}
{"obj": {"type": "LogFloats", "path": ["train", "epoch", "precision"], "values": [{"value": 0.0, "step": null, "ts": 1665090308.3442013}]}, "version": 179}
{"obj": {"type": "LogFloats", "path": ["train", "epoch", "recall"], "values": [{"value": NaN, "step": null, "ts": 1665090308.3442807}]}, "version": 180}
{"obj": {"type": "LogFloats", "path": ["train", "epoch", "loss_tot"], "values": [{"value": 0.2006096988916397, "step": null, "ts": 1665090308.453796}]}, "version": 181}
{"obj": {"type": "LogFloats", "path": ["train", "epoch", "precision"], "values": [{"value": 1.0, "step": null, "ts": 1665090308.4539528}]}, "version": 182}
{"obj": {"type": "LogFloats", "path": ["train", "epoch", "recall"], "values": [{"value": 1.0, "step": null, "ts": 1665090308.4540186}]}, "version": 183}
{"obj": {"type": "LogFloats", "path": ["train", "epoch", "loss_tot"], "values": [{"value": 0.48875516653060913, "step": null, "ts": 1665090308.563252}]}, "version": 184}
{"obj": {"type": "LogFloats", "path": ["train", "epoch", "precision"], "values": [{"value": 1.0, "step": null, "ts": 1665090308.5634093}]}, "version": 185}
{"obj": {"type": "LogFloats", "path": ["train", "epoch", "recall"], "values": [{"value": 0.3333333432674408, "step": null, "ts": 1665090308.563477}]}, "version": 186}
{"obj": {"type": "LogFloats", "path": ["train", "epoch", "loss_tot"], "values": [{"value": 0.6351998448371887, "step": null, "ts": 1665090308.672048}]}, "version": 187}
{"obj": {"type": "LogFloats", "path": ["train", "epoch", "precision"], "values": [{"value": 0.0, "step": null, "ts": 1665090308.6722445}]}, "version": 188}
{"obj": {"type": "LogFloats", "path": ["train", "epoch", "recall"], "values": [{"value": 0.0, "step": null, "ts": 1665090308.6723144}]}, "version": 189}
{"obj": {"type": "LogFloats", "path": ["train", "epoch", "loss_tot"], "values": [{"value": 0.6213057041168213, "step": null, "ts": 1665090308.7817874}]}, "version": 190}
{"obj": {"type": "LogFloats", "path": ["train", "epoch", "precision"], "values": [{"value": 0.0, "step": null, "ts": 1665090308.7819247}]}, "version": 191}
{"obj": {"type": "LogFloats", "path": ["train", "epoch", "recall"], "values": [{"value": 0.0, "step": null, "ts": 1665090308.781984}]}, "version": 192}
{"obj": {"type": "LogFloats", "path": ["train", "epoch", "loss_tot"], "values": [{"value": 0.34082943201065063, "step": null, "ts": 1665090308.8921304}]}, "version": 193}
{"obj": {"type": "LogFloats", "path": ["train", "epoch", "precision"], "values": [{"value": 0.0, "step": null, "ts": 1665090308.8922844}]}, "version": 194}
{"obj": {"type": "LogFloats", "path": ["train", "epoch", "recall"], "values": [{"value": NaN, "step": null, "ts": 1665090308.8923578}]}, "version": 195}
{"obj": {"type": "LogFloats", "path": ["train", "epoch", "loss_tot"], "values": [{"value": 0.4947255253791809, "step": null, "ts": 1665090309.0021672}]}, "version": 196}
{"obj": {"type": "LogFloats", "path": ["train", "epoch", "precision"], "values": [{"value": 0.0, "step": null, "ts": 1665090309.002322}]}, "version": 197}
{"obj": {"type": "LogFloats", "path": ["train", "epoch", "recall"], "values": [{"value": 0.0, "step": null, "ts": 1665090309.0024002}]}, "version": 198}
{"obj": {"type": "LogFloats", "path": ["train", "epoch", "loss_tot"], "values": [{"value": 0.30545127391815186, "step": null, "ts": 1665090309.1112847}]}, "version": 199}
{"obj": {"type": "LogFloats", "path": ["train", "epoch", "precision"], "values": [{"value": 1.0, "step": null, "ts": 1665090309.1114247}]}, "version": 200}
{"obj": {"type": "LogFloats", "path": ["train", "epoch", "recall"], "values": [{"value": 0.5, "step": null, "ts": 1665090309.1114872}]}, "version": 201}
{"obj": {"type": "LogFloats", "path": ["train", "epoch", "loss_tot"], "values": [{"value": 1.0027848482131958, "step": null, "ts": 1665090309.2202086}]}, "version": 202}
{"obj": {"type": "LogFloats", "path": ["train", "epoch", "precision"], "values": [{"value": 1.0, "step": null, "ts": 1665090309.220357}]}, "version": 203}
{"obj": {"type": "LogFloats", "path": ["train", "epoch", "recall"], "values": [{"value": 0.20000000298023224, "step": null, "ts": 1665090309.2204182}]}, "version": 204}
{"obj": {"type": "LogFloats", "path": ["train", "epoch", "loss_tot"], "values": [{"value": 0.4158719480037689, "step": null, "ts": 1665090309.3291252}]}, "version": 205}
{"obj": {"type": "LogFloats", "path": ["train", "epoch", "precision"], "values": [{"value": 0.0, "step": null, "ts": 1665090309.3292756}]}, "version": 206}
{"obj": {"type": "LogFloats", "path": ["train", "epoch", "recall"], "values": [{"value": 0.0, "step": null, "ts": 1665090309.329342}]}, "version": 207}
{"obj": {"type": "LogFloats", "path": ["train", "epoch", "loss_tot"], "values": [{"value": 0.681175947189331, "step": null, "ts": 1665090309.4379349}]}, "version": 208}
{"obj": {"type": "LogFloats", "path": ["train", "epoch", "precision"], "values": [{"value": NaN, "step": null, "ts": 1665090309.438091}]}, "version": 209}
{"obj": {"type": "LogFloats", "path": ["train", "epoch", "recall"], "values": [{"value": 0.0, "step": null, "ts": 1665090309.4381537}]}, "version": 210}
{"obj": {"type": "LogFloats", "path": ["train", "epoch", "loss_tot"], "values": [{"value": 0.33939388394355774, "step": null, "ts": 1665090309.5479054}]}, "version": 211}
{"obj": {"type": "LogFloats", "path": ["train", "epoch", "precision"], "values": [{"value": 1.0, "step": null, "ts": 1665090309.5480597}]}, "version": 212}
{"obj": {"type": "LogFloats", "path": ["train", "epoch", "recall"], "values": [{"value": 0.5, "step": null, "ts": 1665090309.548139}]}, "version": 213}
{"obj": {"type": "LogFloats", "path": ["train", "epoch", "loss_tot"], "values": [{"value": 0.711105227470398, "step": null, "ts": 1665090309.6571748}]}, "version": 214}
{"obj": {"type": "LogFloats", "path": ["train", "epoch", "precision"], "values": [{"value": 0.0, "step": null, "ts": 1665090309.657324}]}, "version": 215}
{"obj": {"type": "LogFloats", "path": ["train", "epoch", "recall"], "values": [{"value": 0.0, "step": null, "ts": 1665090309.6573982}]}, "version": 216}
{"obj": {"type": "LogFloats", "path": ["train", "epoch", "loss_tot"], "values": [{"value": 0.46773630380630493, "step": null, "ts": 1665090309.767285}]}, "version": 217}
{"obj": {"type": "LogFloats", "path": ["train", "epoch", "precision"], "values": [{"value": 1.0, "step": null, "ts": 1665090309.767435}]}, "version": 218}
{"obj": {"type": "LogFloats", "path": ["train", "epoch", "recall"], "values": [{"value": 0.5, "step": null, "ts": 1665090309.767526}]}, "version": 219}
{"obj": {"type": "LogStrings", "path": ["monitoring", "stderr"], "values": [{"value": "Error occurred during asynchronous operation processing: Cannot log infinite or NaN value to attribute train/epoch/recall\n", "step": null, "ts": 1665090310.6545799}]}, "version": 220}
{"obj": {"type": "LogStrings", "path": ["monitoring", "stderr"], "values": [{"value": "Error occurred during asynchronous operation processing: Cannot log infinite or NaN value to attribute train/epoch/precision\n", "step": null, "ts": 1665090310.657221}]}, "version": 221}
{"obj": {"type": "LogFloats", "path": ["monitoring", "cpu"], "values": [{"value": 0.1, "step": null, "ts": 1665090315.202506}]}, "version": 222}
{"obj": {"type": "LogFloats", "path": ["monitoring", "memory"], "values": [{"value": 6.731525421142578, "step": null, "ts": 1665090315.202506}]}, "version": 223}
{"obj": {"type": "LogFloats", "path": ["monitoring", "gpu_memory"], "values": [{"value": 16.86260986328125, "step": null, "ts": 1665090315.202506}]}, "version": 224}
{"obj": {"type": "LogFloats", "path": ["monitoring", "cpu"], "values": [{"value": 0.1, "step": null, "ts": 1665090325.2049947}]}, "version": 225}
{"obj": {"type": "LogFloats", "path": ["monitoring", "memory"], "values": [{"value": 6.731964111328125, "step": null, "ts": 1665090325.2049947}]}, "version": 226}
{"obj": {"type": "LogFloats", "path": ["monitoring", "gpu_memory"], "values": [{"value": 16.86260986328125, "step": null, "ts": 1665090325.2049947}]}, "version": 227}
{"obj": {"type": "LogFloats", "path": ["monitoring", "cpu"], "values": [{"value": 0.1, "step": null, "ts": 1665090335.2077174}]}, "version": 228}
{"obj": {"type": "LogFloats", "path": ["monitoring", "memory"], "values": [{"value": 6.731746673583984, "step": null, "ts": 1665090335.2077174}]}, "version": 229}
{"obj": {"type": "LogFloats", "path": ["monitoring", "gpu_memory"], "values": [{"value": 16.86260986328125, "step": null, "ts": 1665090335.2077174}]}, "version": 230}
{"obj": {"type": "LogStrings", "path": ["monitoring", "stdout"], "values": [{"value": "b'Shutting down background jobs, please wait a moment...\\n'", "step": null, "ts": 1665090339.93725}]}, "version": 231}
