{"obj": {"type": "AssignString", "path": ["sys", "name"], "value": "Untitled"}, "version": 1}
{"obj": {"type": "AssignString", "path": ["sys", "description"], "value": ""}, "version": 2}
{"obj": {"type": "AssignString", "path": ["sys", "hostname"], "value": "dell1"}, "version": 3}
{"obj": {"type": "AssignBool", "path": ["sys", "failed"], "value": false}, "version": 4}
{"obj": {"type": "ClearStringLog", "path": ["monitoring", "stdout"]}, "version": 5}
{"obj": {"type": "ClearStringLog", "path": ["monitoring", "stderr"]}, "version": 6}
{"obj": {"type": "ConfigFloatSeries", "path": ["monitoring", "cpu"], "min": 0.0, "max": 100.0, "unit": "%"}, "version": 7}
{"obj": {"type": "ClearFloatLog", "path": ["monitoring", "cpu"]}, "version": 8}
{"obj": {"type": "ConfigFloatSeries", "path": ["monitoring", "memory"], "min": 0.0, "max": 125.54232025146484, "unit": "GB"}, "version": 9}
{"obj": {"type": "ClearFloatLog", "path": ["monitoring", "memory"]}, "version": 10}
{"obj": {"type": "ConfigFloatSeries", "path": ["monitoring", "gpu"], "min": 0.0, "max": 100.0, "unit": "%"}, "version": 11}
{"obj": {"type": "ClearFloatLog", "path": ["monitoring", "gpu"]}, "version": 12}
{"obj": {"type": "ConfigFloatSeries", "path": ["monitoring", "gpu_memory"], "min": 0.0, "max": 23.6912841796875, "unit": "GB"}, "version": 13}
{"obj": {"type": "ClearFloatLog", "path": ["monitoring", "gpu_memory"]}, "version": 14}
{"obj": {"type": "LogStrings", "path": ["monitoring", "stdout"], "values": [{"value": "b''", "step": null, "ts": 1665091096.6095886}]}, "version": 15}
{"obj": {"type": "LogStrings", "path": ["monitoring", "stdout"], "values": [{"value": "b'Remember to stop your run once you\\xe2\\x80\\x99ve finished logging your metadata (https://docs.neptune.ai/api-reference/run#.stop). It will be stopped automatically only when the notebook kernel/interactive console is terminated.\\n'", "step": null, "ts": 1665091096.6120477}]}, "version": 16}
{"obj": {"type": "LogFloats", "path": ["monitoring", "cpu"], "values": [{"value": 1.0, "step": null, "ts": 1665091096.6013305}]}, "version": 17}
{"obj": {"type": "LogFloats", "path": ["monitoring", "memory"], "values": [{"value": 2.3771514892578125, "step": null, "ts": 1665091096.6013305}]}, "version": 18}
{"obj": {"type": "AssignString", "path": ["config", "optimizer"], "value": "Adam (\nParameter Group 0\n    amsgrad: False\n    betas: (0.9, 0.999)\n    eps: 1e-08\n    initial_lr: 0.001\n    lr: 0.001\n    weight_decay: 0\n)"}, "version": 19}
{"obj": {"type": "LogFloats", "path": ["monitoring", "gpu_memory"], "values": [{"value": 0.01934814453125, "step": null, "ts": 1665091096.6013305}]}, "version": 20}
{"obj": {"type": "LogStrings", "path": ["monitoring", "stdout"], "values": [{"value": "tensor([0., 1., 0., 1., 1., 0., 0., 0.], dtype=torch.float64)", "step": null, "ts": 1665091100.7751143}]}, "version": 21}
{"obj": {"type": "LogStrings", "path": ["monitoring", "stdout"], "values": [{"value": "\n", "step": null, "ts": 1665091100.775285}]}, "version": 22}
{"obj": {"type": "LogFloats", "path": ["monitoring", "cpu"], "values": [{"value": 8.0, "step": null, "ts": 1665091106.6186619}]}, "version": 23}
{"obj": {"type": "LogFloats", "path": ["monitoring", "memory"], "values": [{"value": 2.4876632690429688, "step": null, "ts": 1665091106.6186619}]}, "version": 24}
{"obj": {"type": "LogFloats", "path": ["monitoring", "gpu_memory"], "values": [{"value": 0.01934814453125, "step": null, "ts": 1665091106.6186619}]}, "version": 25}
{"obj": {"type": "LogFloats", "path": ["monitoring", "memory"], "values": [{"value": 2.487415313720703, "step": null, "ts": 1665091116.6220584}]}, "version": 26}
{"obj": {"type": "LogFloats", "path": ["monitoring", "gpu_memory"], "values": [{"value": 0.01934814453125, "step": null, "ts": 1665091116.6220584}]}, "version": 27}
{"obj": {"type": "LogFloats", "path": ["monitoring", "memory"], "values": [{"value": 2.487651824951172, "step": null, "ts": 1665091126.6243727}]}, "version": 28}
{"obj": {"type": "LogFloats", "path": ["monitoring", "gpu_memory"], "values": [{"value": 0.01934814453125, "step": null, "ts": 1665091126.6243727}]}, "version": 29}
{"obj": {"type": "LogFloats", "path": ["monitoring", "memory"], "values": [{"value": 2.48760986328125, "step": null, "ts": 1665091136.6266444}]}, "version": 30}
{"obj": {"type": "LogFloats", "path": ["monitoring", "gpu_memory"], "values": [{"value": 0.01934814453125, "step": null, "ts": 1665091136.6266444}]}, "version": 31}
{"obj": {"type": "LogFloats", "path": ["monitoring", "cpu"], "values": [{"value": 0.1, "step": null, "ts": 1665091146.6289337}]}, "version": 32}
{"obj": {"type": "LogFloats", "path": ["monitoring", "memory"], "values": [{"value": 2.488842010498047, "step": null, "ts": 1665091146.6289337}]}, "version": 33}
{"obj": {"type": "LogFloats", "path": ["monitoring", "gpu_memory"], "values": [{"value": 0.01934814453125, "step": null, "ts": 1665091146.6289337}]}, "version": 34}
{"obj": {"type": "LogFloats", "path": ["monitoring", "cpu"], "values": [{"value": 5.5, "step": null, "ts": 1665091156.6313524}]}, "version": 35}
{"obj": {"type": "LogFloats", "path": ["monitoring", "memory"], "values": [{"value": 3.7961349487304688, "step": null, "ts": 1665091156.6313524}]}, "version": 36}
{"obj": {"type": "LogFloats", "path": ["monitoring", "gpu_memory"], "values": [{"value": 0.01934814453125, "step": null, "ts": 1665091156.6313524}]}, "version": 37}
{"obj": {"type": "LogFloats", "path": ["monitoring", "cpu"], "values": [{"value": 6.4, "step": null, "ts": 1665091166.6323595}]}, "version": 38}
{"obj": {"type": "LogFloats", "path": ["monitoring", "memory"], "values": [{"value": 3.7847862243652344, "step": null, "ts": 1665091166.6323595}]}, "version": 39}
{"obj": {"type": "LogFloats", "path": ["monitoring", "gpu_memory"], "values": [{"value": 0.01934814453125, "step": null, "ts": 1665091166.6323595}]}, "version": 40}
{"obj": {"type": "LogFloats", "path": ["monitoring", "cpu"], "values": [{"value": 0.4, "step": null, "ts": 1665091176.6334581}]}, "version": 41}
{"obj": {"type": "LogFloats", "path": ["monitoring", "memory"], "values": [{"value": 2.522960662841797, "step": null, "ts": 1665091176.6334581}]}, "version": 42}
{"obj": {"type": "LogFloats", "path": ["monitoring", "gpu_memory"], "values": [{"value": 0.01934814453125, "step": null, "ts": 1665091176.6334581}]}, "version": 43}
{"obj": {"type": "LogFloats", "path": ["monitoring", "memory"], "values": [{"value": 2.5229454040527344, "step": null, "ts": 1665091186.6359084}]}, "version": 44}
{"obj": {"type": "LogFloats", "path": ["monitoring", "gpu_memory"], "values": [{"value": 0.01934814453125, "step": null, "ts": 1665091186.6359084}]}, "version": 45}
{"obj": {"type": "LogFloats", "path": ["monitoring", "memory"], "values": [{"value": 2.5229339599609375, "step": null, "ts": 1665091196.6381774}]}, "version": 46}
{"obj": {"type": "LogFloats", "path": ["monitoring", "gpu_memory"], "values": [{"value": 0.01934814453125, "step": null, "ts": 1665091196.6381774}]}, "version": 47}
{"obj": {"type": "LogFloats", "path": ["monitoring", "memory"], "values": [{"value": 2.5231895446777344, "step": null, "ts": 1665091206.640491}]}, "version": 48}
{"obj": {"type": "LogFloats", "path": ["monitoring", "gpu_memory"], "values": [{"value": 0.01934814453125, "step": null, "ts": 1665091206.640491}]}, "version": 49}
{"obj": {"type": "LogFloats", "path": ["monitoring", "cpu"], "values": [{"value": 0.6, "step": null, "ts": 1665091216.6426952}]}, "version": 50}
{"obj": {"type": "LogFloats", "path": ["monitoring", "memory"], "values": [{"value": 3.823883056640625, "step": null, "ts": 1665091216.6426952}]}, "version": 51}
{"obj": {"type": "LogFloats", "path": ["monitoring", "gpu_memory"], "values": [{"value": 0.01934814453125, "step": null, "ts": 1665091216.6426952}]}, "version": 52}
{"obj": {"type": "LogFloats", "path": ["monitoring", "cpu"], "values": [{"value": 5.6, "step": null, "ts": 1665091226.643706}]}, "version": 53}
{"obj": {"type": "LogFloats", "path": ["monitoring", "memory"], "values": [{"value": 7.918865203857422, "step": null, "ts": 1665091226.643706}]}, "version": 54}
{"obj": {"type": "LogFloats", "path": ["monitoring", "gpu_memory"], "values": [{"value": 0.01934814453125, "step": null, "ts": 1665091226.643706}]}, "version": 55}
{"obj": {"type": "LogFloats", "path": ["monitoring", "cpu"], "values": [{"value": 4.5, "step": null, "ts": 1665091236.6447713}]}, "version": 56}
{"obj": {"type": "LogFloats", "path": ["monitoring", "memory"], "values": [{"value": 2.5549583435058594, "step": null, "ts": 1665091236.6447713}]}, "version": 57}
{"obj": {"type": "LogFloats", "path": ["monitoring", "gpu_memory"], "values": [{"value": 0.01934814453125, "step": null, "ts": 1665091236.6447713}]}, "version": 58}
{"obj": {"type": "LogFloats", "path": ["monitoring", "memory"], "values": [{"value": 2.554943084716797, "step": null, "ts": 1665091246.647266}]}, "version": 59}
{"obj": {"type": "LogFloats", "path": ["monitoring", "gpu_memory"], "values": [{"value": 0.01934814453125, "step": null, "ts": 1665091246.647266}]}, "version": 60}
{"obj": {"type": "LogFloats", "path": ["monitoring", "memory"], "values": [{"value": 2.554698944091797, "step": null, "ts": 1665091256.6495368}]}, "version": 61}
{"obj": {"type": "LogFloats", "path": ["monitoring", "gpu_memory"], "values": [{"value": 0.01934814453125, "step": null, "ts": 1665091256.6495368}]}, "version": 62}
{"obj": {"type": "LogFloats", "path": ["monitoring", "memory"], "values": [{"value": 2.5546836853027344, "step": null, "ts": 1665091266.6517904}]}, "version": 63}
{"obj": {"type": "LogFloats", "path": ["monitoring", "gpu_memory"], "values": [{"value": 0.01934814453125, "step": null, "ts": 1665091266.6517904}]}, "version": 64}
{"obj": {"type": "LogFloats", "path": ["monitoring", "memory"], "values": [{"value": 2.5546340942382812, "step": null, "ts": 1665091276.6540518}]}, "version": 65}
{"obj": {"type": "LogFloats", "path": ["monitoring", "gpu_memory"], "values": [{"value": 0.01934814453125, "step": null, "ts": 1665091276.6540518}]}, "version": 66}
{"obj": {"type": "LogFloats", "path": ["monitoring", "memory"], "values": [{"value": 2.554615020751953, "step": null, "ts": 1665091286.656489}]}, "version": 67}
{"obj": {"type": "LogFloats", "path": ["monitoring", "gpu_memory"], "values": [{"value": 0.01934814453125, "step": null, "ts": 1665091286.656489}]}, "version": 68}
{"obj": {"type": "LogFloats", "path": ["monitoring", "memory"], "values": [{"value": 2.554637908935547, "step": null, "ts": 1665091296.658764}]}, "version": 69}
{"obj": {"type": "LogFloats", "path": ["monitoring", "gpu_memory"], "values": [{"value": 0.01934814453125, "step": null, "ts": 1665091296.658764}]}, "version": 70}
{"obj": {"type": "LogFloats", "path": ["monitoring", "memory"], "values": [{"value": 2.55462646484375, "step": null, "ts": 1665091306.6610162}]}, "version": 71}
{"obj": {"type": "LogFloats", "path": ["monitoring", "gpu_memory"], "values": [{"value": 0.01934814453125, "step": null, "ts": 1665091306.6610162}]}, "version": 72}
{"obj": {"type": "LogFloats", "path": ["monitoring", "memory"], "values": [{"value": 2.5546188354492188, "step": null, "ts": 1665091316.6633096}]}, "version": 73}
{"obj": {"type": "LogFloats", "path": ["monitoring", "gpu_memory"], "values": [{"value": 0.01934814453125, "step": null, "ts": 1665091316.6633096}]}, "version": 74}
{"obj": {"type": "LogFloats", "path": ["monitoring", "memory"], "values": [{"value": 2.5546112060546875, "step": null, "ts": 1665091326.6656516}]}, "version": 75}
{"obj": {"type": "LogFloats", "path": ["monitoring", "gpu_memory"], "values": [{"value": 0.01934814453125, "step": null, "ts": 1665091326.6656516}]}, "version": 76}
{"obj": {"type": "LogFloats", "path": ["monitoring", "cpu"], "values": [{"value": 0.1, "step": null, "ts": 1665091336.6678827}]}, "version": 77}
{"obj": {"type": "LogFloats", "path": ["monitoring", "memory"], "values": [{"value": 2.5546035766601562, "step": null, "ts": 1665091336.6678827}]}, "version": 78}
{"obj": {"type": "LogFloats", "path": ["monitoring", "gpu_memory"], "values": [{"value": 0.01934814453125, "step": null, "ts": 1665091336.6678827}]}, "version": 79}
{"obj": {"type": "LogFloats", "path": ["monitoring", "cpu"], "values": [{"value": 0.1, "step": null, "ts": 1665091346.6703928}]}, "version": 80}
{"obj": {"type": "LogFloats", "path": ["monitoring", "memory"], "values": [{"value": 2.5548248291015625, "step": null, "ts": 1665091346.6703928}]}, "version": 81}
{"obj": {"type": "LogFloats", "path": ["monitoring", "gpu_memory"], "values": [{"value": 0.01934814453125, "step": null, "ts": 1665091346.6703928}]}, "version": 82}
{"obj": {"type": "LogFloats", "path": ["monitoring", "memory"], "values": [{"value": 2.554798126220703, "step": null, "ts": 1665091356.6735227}]}, "version": 83}
{"obj": {"type": "LogFloats", "path": ["monitoring", "gpu_memory"], "values": [{"value": 0.01934814453125, "step": null, "ts": 1665091356.6735227}]}, "version": 84}
{"obj": {"type": "LogFloats", "path": ["monitoring", "memory"], "values": [{"value": 2.5550575256347656, "step": null, "ts": 1665091366.6757793}]}, "version": 85}
{"obj": {"type": "LogFloats", "path": ["monitoring", "gpu_memory"], "values": [{"value": 0.01934814453125, "step": null, "ts": 1665091366.6757793}]}, "version": 86}
